#
# A fatal error has been detected by the Java Runtime Environment:
#
#  EXCEPTION_ACCESS_VIOLATION (0xc0000005) at pc=0x1928334e, pid=7196, tid=1116
#
# JRE version: 7.0_25-b17
# Java VM: Java HotSpot(TM) Client VM (23.25-b01 mixed mode windows-x86 )
# Problematic frame:
# C  [ig4icd32.dll+0x13334e]
#
# Failed to write core dump. Minidumps are not enabled by default on client versions of Windows
#
# If you would like to submit a bug report, please visit:
#   http://bugreport.sun.com/bugreport/crash.jsp
# The crash happened outside the Java Virtual Machine in native code.
# See problematic frame for where to report the bug.
#

---------------  T H R E A D  ---------------

Current thread (0x01a2bc00):  JavaThread "main" [_thread_in_native, id=1116, stack(0x018e0000,0x01930000)]

siginfo: ExceptionCode=0xc0000005, reading address 0x00000014

Registers:
EAX=0x00000000, EBX=0x19c00068, ECX=0x00000001, EDX=0x00000001
ESP=0x0192f240, EBP=0x0000000f, ESI=0x19c69530, EDI=0x1b84a244
EIP=0x1928334e, EFLAGS=0x00010202

Top of Stack: (sp=0x0192f240)
0x0192f240:   19c68988 00000000 ffffffff 00000004
0x0192f250:   1b849ec8 19185a26 19c00068 0000064c
0x0192f260:   00000000 ffffffff 1919295e 19c00068
0x0192f270:   00233a60 001a0848 0192f3a0 00000000
0x0192f280:   19403b79 7ff40000 01a2c5cc 6846b900
0x0192f290:   0192f3a7 01a2bc00 01a2c2b8 685c89d4
0x0192f2a0:   0192f2d0 00000000 00000050 0000003f
0x0192f2b0:   00000000 00000000 00000000 00000000 

Instructions: (pc=0x1928334e)
0x1928332e:   90 c0 00 f7 e1 8b c1 2b c2 d1 e8 03 c2 c1 e8 09
0x1928333e:   69 c0 fd 03 00 00 8b d1 2b d0 8b 83 18 7e 00 00
0x1928334e:   8b 40 14 8b 04 90 85 c0 74 1c 39 48 04 74 08 8b
0x1928335e:   00 85 c0 75 f5 eb 0f 83 46 0c ff 75 09 8b d6 8b 


Register to memory mapping:

EAX=0x00000000 is an unknown value
EBX=0x19c00068 is an unknown value
ECX=0x00000001 is an unknown value
EDX=0x00000001 is an unknown value
ESP=0x0192f240 is pointing into the stack for thread: 0x01a2bc00
EBP=0x0000000f is an unknown value
ESI=0x19c69530 is an unknown value
EDI=0x1b84a244 is an unknown value


Stack: [0x018e0000,0x01930000],  sp=0x0192f240,  free space=316k
Native frames: (J=compiled Java code, j=interpreted, Vv=VM code, C=native code)
C  [ig4icd32.dll+0x13334e]

Java frames: (J=compiled Java code, j=interpreted, Vv=VM code)
j  org.lwjgl.opengl.WindowsContextImplementation.nDestroy(Ljava/nio/ByteBuffer;)V+0
j  org.lwjgl.opengl.WindowsContextImplementation.destroy(Lorg/lwjgl/opengl/PeerInfo;Ljava/nio/ByteBuffer;)V+1
j  org.lwjgl.opengl.ContextGL.checkDestroy()V+29
j  org.lwjgl.opengl.ContextGL.destroy()V+48
j  org.lwjgl.opengl.ContextGL.forceDestroy()V+5
j  org.lwjgl.opengl.DrawableGL.destroy()V+24
j  org.lwjgl.opengl.Display$5.destroy()V+19
j  org.lwjgl.opengl.Display.destroy()V+9
j  CWindow.WindowLoop()V+79
j  CWindow.Think()V+1
j  Engine.Mainloop()V+12
j  Engine.Engine_Start()V+12
j  Engine.main([Ljava/lang/String;)V+0
v  ~StubRoutines::call_stub

---------------  P R O C E S S  ---------------

Java Threads: ( => current thread )
  0x17cd2c00 JavaThread "Service Thread" daemon [_thread_blocked, id=2968, stack(0x19000000,0x19050000)]
  0x17cd1c00 JavaThread "C1 CompilerThread0" daemon [_thread_blocked, id=4804, stack(0x18ed0000,0x18f20000)]
  0x17cbc000 JavaThread "JDWP Command Reader" daemon [_thread_in_native, id=3264, stack(0x18da0000,0x18df0000)]
  0x17cba800 JavaThread "JDWP Event Helper Thread" daemon [_thread_blocked, id=4716, stack(0x184c0000,0x18510000)]
  0x17cb8800 JavaThread "JDWP Transport Listener: dt_socket" daemon [_thread_blocked, id=5352, stack(0x18b40000,0x18b90000)]
  0x17ca9800 JavaThread "Attach Listener" daemon [_thread_blocked, id=7300, stack(0x01ba0000,0x01bf0000)]
  0x17ca8400 JavaThread "Signal Dispatcher" daemon [_thread_blocked, id=7096, stack(0x180a0000,0x180f0000)]
  0x17c50c00 JavaThread "Finalizer" daemon [_thread_blocked, id=3956, stack(0x17e80000,0x17ed0000)]
  0x17c4a000 JavaThread "Reference Handler" daemon [_thread_blocked, id=6408, stack(0x17fe0000,0x18030000)]
=>0x01a2bc00 JavaThread "main" [_thread_in_native, id=1116, stack(0x018e0000,0x01930000)]

Other Threads:
  0x17c46000 VMThread [stack: 0x17f10000,0x17f60000] [id=1308]
  0x17ce3800 WatcherThread [stack: 0x18aa0000,0x18af0000] [id=6588]

VM state:not at safepoint (normal execution)

VM Mutex/Monitor currently owned by a thread: None

Heap
 def new generation   total 4928K, used 1085K [0x03c40000, 0x04190000, 0x09190000)
  eden space 4416K,  12% used [0x03c40000, 0x03ccf640, 0x04090000)
  from space 512K, 100% used [0x04110000, 0x04190000, 0x04190000)
  to   space 512K,   0% used [0x04090000, 0x04090000, 0x04110000)
 tenured generation   total 10944K, used 804K [0x09190000, 0x09c40000, 0x13c40000)
   the space 10944K,   7% used [0x09190000, 0x092591b8, 0x09259200, 0x09c40000)
 compacting perm gen  total 12288K, used 3331K [0x13c40000, 0x14840000, 0x17c40000)
   the space 12288K,  27% used [0x13c40000, 0x13f80e30, 0x13f81000, 0x14840000)
No shared spaces configured.

Card table byte_map: [0x01930000,0x019e0000] byte_map_base: 0x01911e00

Polling page: 0x00390000

Code Cache  [0x01c40000, 0x01d08000, 0x03c40000)
 total_blobs=313 nmethods=106 adapters=150 free_code_cache=31991Kb largest_free_block=32759296

Compilation events (10 events):
Event: 1.620 Thread 0x17cd1c00  100             org.lwjgl.opengl.GL30::glBindVertexArray (24 bytes)
Event: 1.621 Thread 0x17cd1c00 nmethod 100 0x01d00c48 code [0x01d00da0, 0x01d0100c]
Event: 1.621 Thread 0x17cd1c00  101             org.lwjgl.opengl.StateTracker::bindVAO (39 bytes)
Event: 1.621 Thread 0x17cd1c00 nmethod 101 0x01d01348 code [0x01d01470, 0x01d015c8]
Event: 1.621 Thread 0x17cd1c00  102             org.lwjgl.opengl.FastIntMap::containsKey (37 bytes)
Event: 1.621 Thread 0x17cd1c00 nmethod 102 0x01d01888 code [0x01d01990, 0x01d01a70]
Event: 1.628 Thread 0x17cd1c00  104             CEngineModule::Think (1 bytes)
Event: 1.628 Thread 0x17cd1c00 nmethod 104 0x01d01e08 code [0x01d01f00, 0x01d01f80]
Event: 1.769 Thread 0x17cd1c00  105             java.nio.HeapByteBuffer::_put (8 bytes)
Event: 1.769 Thread 0x17cd1c00 nmethod 105 0x01d01fc8 code [0x01d020c0, 0x01d02160]

GC Heap History (2 events):
Event: 0.567 GC heap before
{Heap before GC invocations=0 (full 0):
 def new generation   total 4928K, used 4232K [0x03c40000, 0x04190000, 0x09190000)
  eden space 4416K,  95% used [0x03c40000, 0x04062018, 0x04090000)
  from space 512K,   0% used [0x04090000, 0x04090000, 0x04110000)
  to   space 512K,   0% used [0x04110000, 0x04110000, 0x04190000)
 tenured generation   total 10944K, used 0K [0x09190000, 0x09c40000, 0x13c40000)
   the space 10944K,   0% used [0x09190000, 0x09190000, 0x09190200, 0x09c40000)
 compacting perm gen  total 12288K, used 3230K [0x13c40000, 0x14840000, 0x17c40000)
   the space 12288K,  26% used [0x13c40000, 0x13f67ac0, 0x13f67c00, 0x14840000)
No shared spaces configured.
Event: 0.574 GC heap after
Heap after GC invocations=1 (full 0):
 def new generation   total 4928K, used 512K [0x03c40000, 0x04190000, 0x09190000)
  eden space 4416K,   0% used [0x03c40000, 0x03c40000, 0x04090000)
  from space 512K, 100% used [0x04110000, 0x04190000, 0x04190000)
  to   space 512K,   0% used [0x04090000, 0x04090000, 0x04110000)
 tenured generation   total 10944K, used 804K [0x09190000, 0x09c40000, 0x13c40000)
   the space 10944K,   7% used [0x09190000, 0x092591b8, 0x09259200, 0x09c40000)
 compacting perm gen  total 12288K, used 3230K [0x13c40000, 0x14840000, 0x17c40000)
   the space 12288K,  26% used [0x13c40000, 0x13f67ac0, 0x13f67c00, 0x14840000)
No shared spaces configured.
}

Deoptimization events (0 events):
No events

Internal exceptions (10 events):
Event: 0.540 Thread 0x01a2bc00 Threw 0x03fff8d8 at C:\jdk7u2_32P\jdk7u25\hotspot\src\share\vm\prims\jvm.cpp:1235
Event: 0.540 Thread 0x01a2bc00 Threw 0x040033f8 at C:\jdk7u2_32P\jdk7u25\hotspot\src\share\vm\prims\jvm.cpp:1235
Event: 0.541 Thread 0x01a2bc00 Threw 0x04005de8 at C:\jdk7u2_32P\jdk7u25\hotspot\src\share\vm\prims\jvm.cpp:1235
Event: 0.565 Thread 0x01a2bc00 Threw 0x04033b00 at C:\jdk7u2_32P\jdk7u25\hotspot\src\share\vm\prims\jvm.cpp:1235
Event: 0.592 Thread 0x01a2bc00 Threw 0x03c8bc90 at C:\jdk7u2_32P\jdk7u25\hotspot\src\share\vm\prims\jvm.cpp:1235
Event: 0.597 Thread 0x01a2bc00 Threw 0x03c94648 at C:\jdk7u2_32P\jdk7u25\hotspot\src\share\vm\prims\jvm.cpp:1235
Event: 0.598 Thread 0x01a2bc00 Threw 0x03c95b28 at C:\jdk7u2_32P\jdk7u25\hotspot\src\share\vm\prims\jvm.cpp:1235
Event: 0.599 Thread 0x01a2bc00 Threw 0x03c98848 at C:\jdk7u2_32P\jdk7u25\hotspot\src\share\vm\prims\jvm.cpp:1235
Event: 0.602 Thread 0x01a2bc00 Threw 0x03c9db60 at C:\jdk7u2_32P\jdk7u25\hotspot\src\share\vm\prims\jvm.cpp:1235
Event: 0.603 Thread 0x01a2bc00 Threw 0x03cbe450 at C:\jdk7u2_32P\jdk7u25\hotspot\src\share\vm\prims\jvm.cpp:1235

Events (10 events):
Event: 0.599 loading class 0x17d65290
Event: 0.599 loading class 0x17d65290 done
Event: 0.602 loading class 0x17d763a0
Event: 0.602 loading class 0x17d763a0 done
Event: 0.603 loading class 0x17dbfc20
Event: 0.603 loading class 0x17dbfc20 done
Event: 0.604 loading class 0x01b2bf90
Event: 0.617 loading class 0x01b2bf90 done
Event: 0.618 loading class 0x1c05abf8
Event: 0.618 loading class 0x1c05abf8 done


Dynamic libraries:
0x01390000 - 0x013bf000 	C:\Program Files\Java\jre7\bin\javaw.exe
0x77190000 - 0x772cc000 	C:\Windows\SYSTEM32\ntdll.dll
0x76920000 - 0x769f4000 	C:\Windows\system32\kernel32.dll
0x754d0000 - 0x7551b000 	C:\Windows\system32\KERNELBASE.dll
0x75090000 - 0x750fd000 	C:\Windows\System32\SYSFER.DLL
0x770f0000 - 0x77190000 	C:\Windows\system32\ADVAPI32.dll
0x76400000 - 0x764ac000 	C:\Windows\system32\msvcrt.dll
0x75550000 - 0x75569000 	C:\Windows\SYSTEM32\sechost.dll
0x762c0000 - 0x76362000 	C:\Windows\system32\RPCRT4.dll
0x765c0000 - 0x76689000 	C:\Windows\system32\USER32.dll
0x755c0000 - 0x7560e000 	C:\Windows\system32\GDI32.dll
0x772e0000 - 0x772ea000 	C:\Windows\system32\LPK.dll
0x76b90000 - 0x76c2d000 	C:\Windows\system32\USP10.dll
0x73ca0000 - 0x73e3e000 	C:\Windows\WinSxS\x86_microsoft.windows.common-controls_6595b64144ccf1df_6.0.7601.17514_none_41e6975e2bd6f2b2\COMCTL32.dll
0x76890000 - 0x768e7000 	C:\Windows\system32\SHLWAPI.dll
0x76a00000 - 0x76a1f000 	C:\Windows\system32\IMM32.DLL
0x772f0000 - 0x773bc000 	C:\Windows\system32\MSCTF.dll
0x68720000 - 0x687de000 	C:\Program Files\Java\jre7\bin\msvcr100.dll
0x68360000 - 0x686a2000 	C:\Program Files\Java\jre7\bin\client\jvm.dll
0x71ff0000 - 0x71ff7000 	C:\Windows\system32\WSOCK32.dll
0x76b50000 - 0x76b85000 	C:\Windows\system32\WS2_32.dll
0x772d0000 - 0x772d6000 	C:\Windows\system32\NSI.dll
0x733f0000 - 0x73422000 	C:\Windows\system32\WINMM.dll
0x75530000 - 0x75535000 	C:\Windows\system32\PSAPI.DLL
0x72980000 - 0x7298c000 	C:\Program Files\Java\jre7\bin\verify.dll
0x72960000 - 0x72980000 	C:\Program Files\Java\jre7\bin\java.dll
0x72850000 - 0x7287a000 	C:\Program Files\Java\jre7\bin\jdwp.dll
0x733d0000 - 0x733d7000 	C:\Program Files\Java\jre7\bin\npt.dll
0x72940000 - 0x72953000 	C:\Program Files\Java\jre7\bin\zip.dll
0x729a0000 - 0x729a8000 	C:\Program Files\Java\jre7\bin\dt_socket.dll
0x72b50000 - 0x72b60000 	C:\Windows\system32\NLAapi.dll
0x72200000 - 0x72210000 	C:\Windows\system32\napinsp.dll
0x721c0000 - 0x721d2000 	C:\Windows\system32\pnrpnsp.dll
0x74bf0000 - 0x74c2c000 	C:\Windows\System32\mswsock.dll
0x74a80000 - 0x74ac4000 	C:\Windows\system32\DNSAPI.dll
0x711e0000 - 0x711e8000 	C:\Windows\System32\winrnr.dll
0x723b0000 - 0x723d7000 	C:\Program Files\Common Files\Microsoft Shared\Windows Live\WLIDNSP.DLL
0x72380000 - 0x723a1000 	C:\Program Files\Bonjour\mdnsNSP.dll
0x72aa0000 - 0x72abc000 	C:\Windows\system32\Iphlpapi.DLL
0x72a90000 - 0x72a97000 	C:\Windows\system32\WINNSI.DLL
0x72a10000 - 0x72a48000 	C:\Windows\System32\fwpuclnt.dll
0x72370000 - 0x72376000 	C:\Windows\system32\rasadhlp.dll
0x74690000 - 0x746ab000 	C:\Program Files\Common Files\Netop\WebFilterLSP32.dll
0x76f90000 - 0x770ec000 	C:\Windows\system32\ole32.dll
0x764b0000 - 0x7653f000 	C:\Windows\system32\OLEAUT32.dll
0x74660000 - 0x74686000 	C:\Windows\system32\ATL100.DLL
0x74530000 - 0x74599000 	C:\Windows\system32\MSVCP100.dll
0x74520000 - 0x7452b000 	C:\Program Files\Common Files\Netop\WebFilterLogger32.dll
0x74510000 - 0x74515000 	C:\Windows\System32\wshtcpip.dll
0x75150000 - 0x7515c000 	C:\Windows\system32\CRYPTBASE.dll
0x742b0000 - 0x742f0000 	C:\Windows\system32\uxtheme.dll
0x76370000 - 0x763f3000 	C:\Windows\system32\CLBCatQ.DLL
0x72530000 - 0x7255c000 	C:\Program Files\Netop\Vision\Plugins\WebLock\WebFilterMgr32.dll
0x73890000 - 0x738bf000 	C:\Windows\system32\XmlLite.dll
0x744e0000 - 0x74501000 	C:\Windows\system32\ntmarta.dll
0x75570000 - 0x755b5000 	C:\Windows\system32\WLDAP32.dll
0x74c30000 - 0x74c46000 	C:\Windows\system32\CRYPTSP.dll
0x749a0000 - 0x749db000 	C:\Windows\system32\rsaenh.dll
0x751c0000 - 0x751ce000 	C:\Windows\system32\RpcRtRemote.dll
0x738c0000 - 0x738d3000 	C:\Windows\system32\dwmapi.dll
0x01b30000 - 0x01b7c000 	C:\Users\dmartin\Documents\GitHub\FloppyDiskMaster\lib\native-win\lwjgl.dll
0x67510000 - 0x675d8000 	C:\Windows\system32\OPENGL32.dll
0x6b750000 - 0x6b772000 	C:\Windows\system32\GLU32.dll
0x66c90000 - 0x66d77000 	C:\Windows\system32\DDRAW.dll
0x72990000 - 0x72996000 	C:\Windows\system32\DCIMAN32.dll
0x76c30000 - 0x76dcd000 	C:\Windows\system32\SETUPAPI.dll
0x75330000 - 0x75357000 	C:\Windows\system32\CFGMGR32.dll
0x75380000 - 0x75392000 	C:\Windows\system32\DEVOBJ.dll
0x74450000 - 0x74459000 	C:\Windows\system32\VERSION.dll
0x19150000 - 0x19bf3000 	C:\Windows\system32\ig4icd32.dll
0x67de0000 - 0x67e59000 	C:\Windows\system32\mscms.dll
0x74770000 - 0x74787000 	C:\Windows\system32\USERENV.dll
0x751d0000 - 0x751db000 	C:\Windows\system32\profapi.dll
0x6b220000 - 0x6b258000 	C:\Windows\system32\icm32.dll
0x72920000 - 0x72934000 	C:\Program Files\Java\jre7\bin\net.dll
0x74be0000 - 0x74be6000 	C:\Windows\System32\wship6.dll
0x733e0000 - 0x733ef000 	C:\Program Files\Java\jre7\bin\nio.dll
0x6cef0000 - 0x6cfdb000 	C:\Windows\system32\dbghelp.dll

VM Arguments:
jvm_args: -agentlib:jdwp=transport=dt_socket,suspend=y,address=localhost:61507 -Djava.library.path=C:\Users\dmartin\Documents\GitHub\FloppyDiskMaster\lib\native-win -Dfile.encoding=Cp1252 
java_command: Engine
Launcher Type: SUN_STANDARD

Environment Variables:
PATH=C:/Program Files/Java/jre7/bin/client;C:/Program Files/Java/jre7/bin;C:/Program Files/Java/jre7/lib/i386;C:\Program Files\Common Files\Microsoft Shared\Windows Live;C:\Windows\system32;C:\Windows;C:\Windows\System32\Wbem;C:\Windows\System32\WindowsPowerShell\v1.0\;c:\Program Files\Hewlett-Packard\Drive Encryption\;c:\Program Files\Microsoft SQL Server\100\Tools\Binn\;c:\Program Files\Microsoft SQL Server\100\DTS\Binn\;C:\Program Files\Common Files\Netop\;C:\Program Files\Netop\Vision\XL\;"C:\program files\java\jdk1.7.0_06\bin";C:\Program Files\Windows Live\Shared;C:\Program Files\Windows Kits\8.0\Windows Performance Toolkit\;C:\Program Files\Microsoft SQL Server\110\Tools\Binn\;C:\Users\dmartin\Desktop\eclipse;
USERNAME=dmartin
OS=Windows_NT
PROCESSOR_IDENTIFIER=x86 Family 6 Model 37 Stepping 5, GenuineIntel



---------------  S Y S T E M  ---------------

OS: Windows 7 Build 7601 Service Pack 1

CPU:total 4 (2 cores per cpu, 2 threads per core) family 6 model 37 stepping 5, cmov, cx8, fxsr, mmx, sse, sse2, sse3, ssse3, sse4.1, sse4.2, popcnt, ht, tsc, tscinvbit

Memory: 4k page, physical 3202164k(1186556k free), swap 6402576k(4017920k free)

vm_info: Java HotSpot(TM) Client VM (23.25-b01) for windows-x86 JRE (1.7.0_25-b17), built on Jun 21 2013 13:06:48 by "java_re" with unknown MS VC++:1600

time: Tue Sep 24 12:19:47 2013
elapsed time: 2 seconds

