#
# A fatal error has been detected by the Java Runtime Environment:
#
#  EXCEPTION_ACCESS_VIOLATION (0xc0000005) at pc=0x046b840b, pid=6488, tid=7992
#
# JRE version: 7.0_25-b17
# Java VM: Java HotSpot(TM) Client VM (23.25-b01 mixed mode, sharing windows-x86 )
# Problematic frame:
# C  [ig4icd32.dll+0x9840b]
#
# Failed to write core dump. Minidumps are not enabled by default on client versions of Windows
#
# If you would like to submit a bug report, please visit:
#   http://bugreport.sun.com/bugreport/crash.jsp
# The crash happened outside the Java Virtual Machine in native code.
# See problematic frame for where to report the bug.
#

---------------  T H R E A D  ---------------

Current thread (0x00d8b400):  JavaThread "main" [_thread_in_native, id=7992, stack(0x00d00000,0x00d50000)]

siginfo: ExceptionCode=0xc0000005, reading address 0x00000000

Registers:
EAX=0x00000000, EBX=0x00000008, ECX=0x00000030, EDX=0x05defdb0
ESP=0x00d4f650, EBP=0x00d4f70c, ESI=0x05e80cc0, EDI=0x05e7ce80
EIP=0x046b840b, EFLAGS=0x00010202

Top of Stack: (sp=0x00d4f650)
0x00d4f650:   00000000 003723e8 00080038 00000000
0x00d4f660:   00000000 ffffffff 00000000 00000010
0x00d4f670:   00000010 00000000 00000008 00000020
0x00d4f680:   05e69480 05e76140 00000010 003723e8
0x00d4f690:   43c80000 43c80000 43c80000 43c80000
0x00d4f6a0:   43960000 43960000 43960000 43960000
0x00d4f6b0:   47412c00 47412c00 47412c00 47412c00
0x00d4f6c0:   47419000 47419000 47419000 47419000 

Instructions: (pc=0x046b840b)
0x046b83eb:   5c 24 28 03 4c 24 24 83 fb 04 7d 14 83 fb 03 8b
0x046b83fb:   c8 7d 04 89 44 24 2c 83 fb 02 7d 04 89 44 24 38
0x046b840b:   0f 12 00 8b 44 24 38 0f 16 00 8b 44 24 2c 0f 12
0x046b841b:   10 0f 16 11 0f 28 c8 0f c6 c2 dd 0f c6 ca 88 f3 


Register to memory mapping:

EAX=0x00000000 is an unknown value
EBX=0x00000008 is an unknown value
ECX=0x00000030 is an unknown value
EDX=0x05defdb0 is an unknown value
ESP=0x00d4f650 is pointing into the stack for thread: 0x00d8b400
EBP=0x00d4f70c is pointing into the stack for thread: 0x00d8b400
ESI=0x05e80cc0 is an unknown value
EDI=0x05e7ce80 is an unknown value


Stack: [0x00d00000,0x00d50000],  sp=0x00d4f650,  free space=317k
Native frames: (J=compiled Java code, j=interpreted, Vv=VM code, C=native code)
C  [ig4icd32.dll+0x9840b]

Java frames: (J=compiled Java code, j=interpreted, Vv=VM code)
j  org.lwjgl.opengl.GL11.nglDrawArrays(IIIJ)V+0
j  org.lwjgl.opengl.GL11.glDrawArrays(III)V+20
j  CSprite.Draw()V+25
j  CWindow.WindowLoop()V+66
j  CWindow.Think()V+1
j  Engine.Mainloop()V+12
j  Engine.Engine_Start()V+12
j  Engine.main([Ljava/lang/String;)V+0
v  ~StubRoutines::call_stub

---------------  P R O C E S S  ---------------

Java Threads: ( => current thread )
  0x00e67000 JavaThread "Service Thread" daemon [_thread_blocked, id=5392, stack(0x04090000,0x040e0000)]
  0x00e5e800 JavaThread "C1 CompilerThread0" daemon [_thread_blocked, id=4968, stack(0x01190000,0x011e0000)]
  0x00e5cc00 JavaThread "Attach Listener" daemon [_thread_blocked, id=2804, stack(0x03fc0000,0x04010000)]
  0x00e56400 JavaThread "Signal Dispatcher" daemon [_thread_blocked, id=5236, stack(0x03f50000,0x03fa0000)]
  0x00e44000 JavaThread "Finalizer" daemon [_thread_blocked, id=528, stack(0x01120000,0x01170000)]
  0x00e42400 JavaThread "Reference Handler" daemon [_thread_blocked, id=5472, stack(0x01090000,0x010e0000)]
=>0x00d8b400 JavaThread "main" [_thread_in_native, id=7992, stack(0x00d00000,0x00d50000)]

Other Threads:
  0x00e41000 VMThread [stack: 0x00fd0000,0x01020000] [id=2144]
  0x00e72400 WatcherThread [stack: 0x04140000,0x04190000] [id=7636]

VM state:not at safepoint (normal execution)

VM Mutex/Monitor currently owned by a thread: None

Heap
 def new generation   total 4928K, used 678K [0x23980000, 0x23ed0000, 0x28ed0000)
  eden space 4416K,   3% used [0x23980000, 0x239a99a8, 0x23dd0000)
  from space 512K, 100% used [0x23e50000, 0x23ed0000, 0x23ed0000)
  to   space 512K,   0% used [0x23dd0000, 0x23dd0000, 0x23e50000)
 tenured generation   total 10944K, used 575K [0x28ed0000, 0x29980000, 0x33980000)
   the space 10944K,   5% used [0x28ed0000, 0x28f5fc98, 0x28f5fe00, 0x29980000)
 compacting perm gen  total 12288K, used 1267K [0x33980000, 0x34580000, 0x37980000)
   the space 12288K,  10% used [0x33980000, 0x33abccc0, 0x33abce00, 0x34580000)
    ro space 10240K,  42% used [0x37980000, 0x37dc4240, 0x37dc4400, 0x38380000)
    rw space 12288K,  54% used [0x38380000, 0x38a04d58, 0x38a04e00, 0x38f80000)

Card table byte_map: [0x00c50000,0x00d00000] byte_map_base: 0x00b33400

Polling page: 0x00160000

Code Cache  [0x01f50000, 0x02008000, 0x03f50000)
 total_blobs=288 nmethods=69 adapters=154 free_code_cache=32033Kb largest_free_block=32802176

Compilation events (10 events):
Event: 0.347 Thread 0x00e5e800   64  s          java.io.BufferedInputStream::read (49 bytes)
Event: 0.347 Thread 0x00e5e800 nmethod 64 0x01fffa08 code [0x01fffb30, 0x01fffe18]
Event: 0.347 Thread 0x00e5e800   65             java.io.DataInputStream::readByte (23 bytes)
Event: 0.347 Thread 0x00e5e800 nmethod 65 0x01ffff88 code [0x020000a0, 0x020001a8]
Event: 0.350 Thread 0x00e5e800    1 %           org.newdawn.slick.opengl.TGAImageData::loadImage @ 563 (1267 bytes)
Event: 0.355 Thread 0x00e5e800 nmethod 1% 0x02000248 code [0x020007b0, 0x020026dc]
Event: 0.360 Thread 0x00e5e800   67             java.nio.DirectByteBuffer::get (16 bytes)
Event: 0.360 Thread 0x00e5e800 nmethod 67 0x02006248 code [0x02006340, 0x020063e0]
Event: 0.367 Thread 0x00e5e800   68   !         sun.misc.URLClassPath$JarLoader::getResource (91 bytes)
Event: 0.367 Thread 0x00e5e800 nmethod 68 0x02006488 code [0x02006640, 0x02006b6c]

GC Heap History (2 events):
Event: 0.375 GC heap before
{Heap before GC invocations=0 (full 0):
 def new generation   total 4928K, used 4416K [0x23980000, 0x23ed0000, 0x28ed0000)
  eden space 4416K, 100% used [0x23980000, 0x23dd0000, 0x23dd0000)
  from space 512K,   0% used [0x23dd0000, 0x23dd0000, 0x23e50000)
  to   space 512K,   0% used [0x23e50000, 0x23e50000, 0x23ed0000)
 tenured generation   total 10944K, used 0K [0x28ed0000, 0x29980000, 0x33980000)
   the space 10944K,   0% used [0x28ed0000, 0x28ed0000, 0x28ed0200, 0x29980000)
 compacting perm gen  total 12288K, used 1249K [0x33980000, 0x34580000, 0x37980000)
   the space 12288K,  10% used [0x33980000, 0x33ab86f8, 0x33ab8800, 0x34580000)
    ro space 10240K,  42% used [0x37980000, 0x37dc4240, 0x37dc4400, 0x38380000)
    rw space 12288K,  54% used [0x38380000, 0x38a04d58, 0x38a04e00, 0x38f80000)
Event: 0.381 GC heap after
Heap after GC invocations=1 (full 0):
 def new generation   total 4928K, used 512K [0x23980000, 0x23ed0000, 0x28ed0000)
  eden space 4416K,   0% used [0x23980000, 0x23980000, 0x23dd0000)
  from space 512K, 100% used [0x23e50000, 0x23ed0000, 0x23ed0000)
  to   space 512K,   0% used [0x23dd0000, 0x23dd0000, 0x23e50000)
 tenured generation   total 10944K, used 575K [0x28ed0000, 0x29980000, 0x33980000)
   the space 10944K,   5% used [0x28ed0000, 0x28f5fc98, 0x28f5fe00, 0x29980000)
 compacting perm gen  total 12288K, used 1249K [0x33980000, 0x34580000, 0x37980000)
   the space 12288K,  10% used [0x33980000, 0x33ab86f8, 0x33ab8800, 0x34580000)
    ro space 10240K,  42% used [0x37980000, 0x37dc4240, 0x37dc4400, 0x38380000)
    rw space 12288K,  54% used [0x38380000, 0x38a04d58, 0x38a04e00, 0x38f80000)
}

Deoptimization events (0 events):
No events

Internal exceptions (10 events):
Event: 0.327 Thread 0x00d8b400 Threw 0x23cff8f8 at C:\jdk7u2_32P\jdk7u25\hotspot\src\share\vm\prims\jvm.cpp:1235
Event: 0.327 Thread 0x00d8b400 Threw 0x23d022e8 at C:\jdk7u2_32P\jdk7u25\hotspot\src\share\vm\prims\jvm.cpp:1235
Event: 0.344 Thread 0x00d8b400 Threw 0x23d19480 at C:\jdk7u2_32P\jdk7u25\hotspot\src\share\vm\prims\jvm.cpp:1235
Event: 0.361 Thread 0x00d8b400 Threw 0x23d222e0 at C:\jdk7u2_32P\jdk7u25\hotspot\src\share\vm\prims\jvm.cpp:1235
Event: 0.367 Thread 0x00d8b400 Threw 0x23d2ac98 at C:\jdk7u2_32P\jdk7u25\hotspot\src\share\vm\prims\jvm.cpp:1235
Event: 0.367 Thread 0x00d8b400 Threw 0x23d2c058 at C:\jdk7u2_32P\jdk7u25\hotspot\src\share\vm\prims\jvm.cpp:1235
Event: 0.369 Thread 0x00d8b400 Threw 0x23d37280 at C:\jdk7u2_32P\jdk7u25\hotspot\src\share\vm\prims\jvm.cpp:1235
Event: 0.369 Thread 0x00d8b400 Threw 0x23da8808 at C:\jdk7u2_32P\jdk7u25\hotspot\src\share\vm\prims\jvm.cpp:1235
Event: 0.373 Thread 0x00d8b400 Threw 0x23dba9f0 at C:\jdk7u2_32P\jdk7u25\hotspot\src\share\vm\prims\jvm.cpp:1235
Event: 0.374 Thread 0x00d8b400 Threw 0x23dce980 at C:\jdk7u2_32P\jdk7u25\hotspot\src\share\vm\prims\jvm.cpp:1235

Events (10 events):
Event: 0.369 loading class 0x04264610
Event: 0.369 loading class 0x04264610 done
Event: 0.369 loading class 0x041e5930
Event: 0.369 loading class 0x041e5930 done
Event: 0.373 loading class 0x04264090
Event: 0.373 loading class 0x04264090 done
Event: 0.374 loading class 0x041f9440
Event: 0.374 loading class 0x041f9440 done
Event: 0.375 Executing VM operation: GenCollectForAllocation
Event: 0.381 Executing VM operation: GenCollectForAllocation done


Dynamic libraries:
0x01310000 - 0x0133f000 	C:\Program Files\Java\jre7\bin\javaw.exe
0x77190000 - 0x772cc000 	C:\Windows\SYSTEM32\ntdll.dll
0x76920000 - 0x769f4000 	C:\Windows\system32\kernel32.dll
0x754d0000 - 0x7551b000 	C:\Windows\system32\KERNELBASE.dll
0x75090000 - 0x750fd000 	C:\Windows\System32\SYSFER.DLL
0x770f0000 - 0x77190000 	C:\Windows\system32\ADVAPI32.dll
0x76400000 - 0x764ac000 	C:\Windows\system32\msvcrt.dll
0x75550000 - 0x75569000 	C:\Windows\SYSTEM32\sechost.dll
0x762c0000 - 0x76362000 	C:\Windows\system32\RPCRT4.dll
0x765c0000 - 0x76689000 	C:\Windows\system32\USER32.dll
0x755c0000 - 0x7560e000 	C:\Windows\system32\GDI32.dll
0x772e0000 - 0x772ea000 	C:\Windows\system32\LPK.dll
0x76b90000 - 0x76c2d000 	C:\Windows\system32\USP10.dll
0x73ca0000 - 0x73e3e000 	C:\Windows\WinSxS\x86_microsoft.windows.common-controls_6595b64144ccf1df_6.0.7601.17514_none_41e6975e2bd6f2b2\COMCTL32.dll
0x76890000 - 0x768e7000 	C:\Windows\system32\SHLWAPI.dll
0x76a00000 - 0x76a1f000 	C:\Windows\system32\IMM32.DLL
0x772f0000 - 0x773bc000 	C:\Windows\system32\MSCTF.dll
0x67520000 - 0x675de000 	C:\Program Files\Java\jre7\bin\msvcr100.dll
0x68360000 - 0x686a2000 	C:\Program Files\Java\jre7\bin\client\jvm.dll
0x71ff0000 - 0x71ff7000 	C:\Windows\system32\WSOCK32.dll
0x76b50000 - 0x76b85000 	C:\Windows\system32\WS2_32.dll
0x772d0000 - 0x772d6000 	C:\Windows\system32\NSI.dll
0x733f0000 - 0x73422000 	C:\Windows\system32\WINMM.dll
0x75530000 - 0x75535000 	C:\Windows\system32\PSAPI.DLL
0x72980000 - 0x7298c000 	C:\Program Files\Java\jre7\bin\verify.dll
0x72960000 - 0x72980000 	C:\Program Files\Java\jre7\bin\java.dll
0x72940000 - 0x72953000 	C:\Program Files\Java\jre7\bin\zip.dll
0x10000000 - 0x1004c000 	C:\Users\dmartin\Documents\GitHub\FloppyDiskMaster\lib\native-win\lwjgl.dll
0x68710000 - 0x687d8000 	C:\Windows\system32\OPENGL32.dll
0x6a660000 - 0x6a682000 	C:\Windows\system32\GLU32.dll
0x66980000 - 0x66a67000 	C:\Windows\system32\DDRAW.dll
0x73640000 - 0x73646000 	C:\Windows\system32\DCIMAN32.dll
0x76c30000 - 0x76dcd000 	C:\Windows\system32\SETUPAPI.dll
0x75330000 - 0x75357000 	C:\Windows\system32\CFGMGR32.dll
0x764b0000 - 0x7653f000 	C:\Windows\system32\OLEAUT32.dll
0x76f90000 - 0x770ec000 	C:\Windows\system32\ole32.dll
0x75380000 - 0x75392000 	C:\Windows\system32\DEVOBJ.dll
0x738c0000 - 0x738d3000 	C:\Windows\system32\dwmapi.dll
0x74450000 - 0x74459000 	C:\Windows\system32\VERSION.dll
0x742b0000 - 0x742f0000 	C:\Windows\system32\uxtheme.dll
0x04620000 - 0x050c3000 	C:\Windows\system32\ig4icd32.dll
0x75150000 - 0x7515c000 	C:\Windows\system32\CRYPTBASE.dll
0x67de0000 - 0x67e59000 	C:\Windows\system32\mscms.dll
0x74770000 - 0x74787000 	C:\Windows\system32\USERENV.dll
0x751d0000 - 0x751db000 	C:\Windows\system32\profapi.dll
0x6b220000 - 0x6b258000 	C:\Windows\system32\icm32.dll
0x72920000 - 0x72934000 	C:\Program Files\Java\jre7\bin\net.dll
0x74bf0000 - 0x74c2c000 	C:\Windows\system32\mswsock.dll
0x74be0000 - 0x74be6000 	C:\Windows\System32\wship6.dll
0x733e0000 - 0x733ef000 	C:\Program Files\Java\jre7\bin\nio.dll
0x6cef0000 - 0x6cfdb000 	C:\Windows\system32\dbghelp.dll

VM Arguments:
jvm_args: -Djava.library.path=C:\Users\dmartin\Documents\GitHub\FloppyDiskMaster\lib\native-win -Dfile.encoding=Cp1252 
java_command: Engine
Launcher Type: SUN_STANDARD

Environment Variables:
PATH=C:/Program Files/Java/jre7/bin/client;C:/Program Files/Java/jre7/bin;C:/Program Files/Java/jre7/lib/i386;C:\Program Files\Common Files\Microsoft Shared\Windows Live;C:\Windows\system32;C:\Windows;C:\Windows\System32\Wbem;C:\Windows\System32\WindowsPowerShell\v1.0\;c:\Program Files\Hewlett-Packard\Drive Encryption\;c:\Program Files\Microsoft SQL Server\100\Tools\Binn\;c:\Program Files\Microsoft SQL Server\100\DTS\Binn\;C:\Program Files\Common Files\Netop\;C:\Program Files\Netop\Vision\XL\;"C:\program files\java\jdk1.7.0_06\bin";C:\Program Files\Windows Live\Shared;C:\Program Files\Windows Kits\8.0\Windows Performance Toolkit\;C:\Program Files\Microsoft SQL Server\110\Tools\Binn\;C:\Users\dmartin\Desktop\eclipse;
USERNAME=dmartin
OS=Windows_NT
PROCESSOR_IDENTIFIER=x86 Family 6 Model 37 Stepping 5, GenuineIntel



---------------  S Y S T E M  ---------------

OS: Windows 7 Build 7601 Service Pack 1

CPU:total 4 (2 cores per cpu, 2 threads per core) family 6 model 37 stepping 5, cmov, cx8, fxsr, mmx, sse, sse2, sse3, ssse3, sse4.1, sse4.2, popcnt, ht, tsc, tscinvbit

Memory: 4k page, physical 3202164k(1661104k free), swap 6402576k(4565288k free)

vm_info: Java HotSpot(TM) Client VM (23.25-b01) for windows-x86 JRE (1.7.0_25-b17), built on Jun 21 2013 13:06:48 by "java_re" with unknown MS VC++:1600

time: Tue Sep 24 11:33:38 2013
elapsed time: 0 seconds

