#
# A fatal error has been detected by the Java Runtime Environment:
#
#  EXCEPTION_ACCESS_VIOLATION (0xc0000005) at pc=0x045a840b, pid=5244, tid=5508
#
# JRE version: 7.0_25-b17
# Java VM: Java HotSpot(TM) Client VM (23.25-b01 mixed mode, sharing windows-x86 )
# Problematic frame:
# C  [ig4icd32.dll+0x9840b]
#
# Failed to write core dump. Minidumps are not enabled by default on client versions of Windows
#
# If you would like to submit a bug report, please visit:
#   http://bugreport.sun.com/bugreport/crash.jsp
# The crash happened outside the Java Virtual Machine in native code.
# See problematic frame for where to report the bug.
#

---------------  T H R E A D  ---------------

Current thread (0x0021b400):  JavaThread "main" [_thread_in_native, id=5508, stack(0x01a30000,0x01a80000)]

siginfo: ExceptionCode=0xc0000005, reading address 0x00000000

Registers:
EAX=0x00000000, EBX=0x00000008, ECX=0x00000018, EDX=0x05e7fdb0
ESP=0x01a7f7c0, EBP=0x01a7f87c, ESI=0x05f10cc0, EDI=0x05f0ce80
EIP=0x045a840b, EFLAGS=0x00010202

Top of Stack: (sp=0x01a7f7c0)
0x01a7f7c0:   00000000 002e23e8 00080038 00000000
0x01a7f7d0:   00000000 ffffffff 00000000 00000010
0x01a7f7e0:   00000008 00000000 00000008 00000010
0x01a7f7f0:   05ef9480 05f06140 00000008 002e23e8
0x01a7f800:   43c80000 43c80000 43c80000 43c80000
0x01a7f810:   43960000 43960000 43960000 43960000
0x01a7f820:   47412c00 47412c00 47412c00 47412c00
0x01a7f830:   47419000 47419000 47419000 47419000 

Instructions: (pc=0x045a840b)
0x045a83eb:   5c 24 28 03 4c 24 24 83 fb 04 7d 14 83 fb 03 8b
0x045a83fb:   c8 7d 04 89 44 24 2c 83 fb 02 7d 04 89 44 24 38
0x045a840b:   0f 12 00 8b 44 24 38 0f 16 00 8b 44 24 2c 0f 12
0x045a841b:   10 0f 16 11 0f 28 c8 0f c6 c2 dd 0f c6 ca 88 f3 


Register to memory mapping:

EAX=0x00000000 is an unknown value
EBX=0x00000008 is an unknown value
ECX=0x00000018 is an unknown value
EDX=0x05e7fdb0 is an unknown value
ESP=0x01a7f7c0 is pointing into the stack for thread: 0x0021b400
EBP=0x01a7f87c is pointing into the stack for thread: 0x0021b400
ESI=0x05f10cc0 is an unknown value
EDI=0x05f0ce80 is an unknown value


Stack: [0x01a30000,0x01a80000],  sp=0x01a7f7c0,  free space=317k
Native frames: (J=compiled Java code, j=interpreted, Vv=VM code, C=native code)
C  [ig4icd32.dll+0x9840b]

Java frames: (J=compiled Java code, j=interpreted, Vv=VM code)
j  org.lwjgl.opengl.GL11.nglDrawArrays(IIIJ)V+0
j  org.lwjgl.opengl.GL11.glDrawArrays(III)V+20
j  CSprite.Draw()V+16
j  CWindow.WindowLoop()V+66
j  CWindow.Think()V+1
j  Engine.Mainloop()V+12
j  Engine.Engine_Start()V+12
j  Engine.main([Ljava/lang/String;)V+0
v  ~StubRoutines::call_stub

---------------  P R O C E S S  ---------------

Java Threads: ( => current thread )
  0x018ee000 JavaThread "Service Thread" daemon [_thread_blocked, id=3752, stack(0x03ce0000,0x03d30000)]
  0x018ec800 JavaThread "C1 CompilerThread0" daemon [_thread_blocked, id=7892, stack(0x04030000,0x04080000)]
  0x018eb000 JavaThread "Attach Listener" daemon [_thread_blocked, id=8092, stack(0x03c70000,0x03cc0000)]
  0x018ea000 JavaThread "Signal Dispatcher" daemon [_thread_blocked, id=8060, stack(0x03ee0000,0x03f30000)]
  0x018d4000 JavaThread "Finalizer" daemon [_thread_blocked, id=5472, stack(0x03d70000,0x03dc0000)]
  0x018d2400 JavaThread "Reference Handler" daemon [_thread_blocked, id=7180, stack(0x03df0000,0x03e40000)]
=>0x0021b400 JavaThread "main" [_thread_in_native, id=5508, stack(0x01a30000,0x01a80000)]

Other Threads:
  0x018d1000 VMThread [stack: 0x03be0000,0x03c30000] [id=5460]
  0x018f4800 WatcherThread [stack: 0x03f70000,0x03fc0000] [id=6104]

VM state:not at safepoint (normal execution)

VM Mutex/Monitor currently owned by a thread: None

Heap
 def new generation   total 4928K, used 4416K [0x23980000, 0x23ed0000, 0x28ed0000)
  eden space 4416K, 100% used [0x23980000, 0x23dd0000, 0x23dd0000)
  from space 512K,   0% used [0x23dd0000, 0x23dd0000, 0x23e50000)
  to   space 512K,   0% used [0x23e50000, 0x23e50000, 0x23ed0000)
 tenured generation   total 10944K, used 0K [0x28ed0000, 0x29980000, 0x33980000)
   the space 10944K,   0% used [0x28ed0000, 0x28ed0000, 0x28ed0200, 0x29980000)
 compacting perm gen  total 12288K, used 1249K [0x33980000, 0x34580000, 0x37980000)
   the space 12288K,  10% used [0x33980000, 0x33ab86a8, 0x33ab8800, 0x34580000)
    ro space 10240K,  42% used [0x37980000, 0x37dc4240, 0x37dc4400, 0x38380000)
    rw space 12288K,  54% used [0x38380000, 0x38a04d58, 0x38a04e00, 0x38f80000)

Card table byte_map: [0x03a80000,0x03b30000] byte_map_base: 0x03963400

Polling page: 0x001a0000

Code Cache  [0x01a80000, 0x01b38000, 0x03a80000)
 total_blobs=286 nmethods=69 adapters=152 free_code_cache=32034Kb largest_free_block=32802880

Compilation events (10 events):
Event: 0.336 Thread 0x018ec800   64  s          java.io.BufferedInputStream::read (49 bytes)
Event: 0.337 Thread 0x018ec800 nmethod 64 0x01b2fa08 code [0x01b2fb30, 0x01b2fe18]
Event: 0.337 Thread 0x018ec800   65             java.io.DataInputStream::readByte (23 bytes)
Event: 0.337 Thread 0x018ec800 nmethod 65 0x01b2ff88 code [0x01b300a0, 0x01b301a8]
Event: 0.340 Thread 0x018ec800    1 %           org.newdawn.slick.opengl.TGAImageData::loadImage @ 563 (1267 bytes)
Event: 0.345 Thread 0x018ec800 nmethod 1% 0x01b30248 code [0x01b307b0, 0x01b326dc]
Event: 0.350 Thread 0x018ec800   67             java.nio.DirectByteBuffer::get (16 bytes)
Event: 0.350 Thread 0x018ec800 nmethod 67 0x01b36248 code [0x01b36340, 0x01b363e0]
Event: 0.356 Thread 0x018ec800   68   !         sun.misc.URLClassPath$JarLoader::getResource (91 bytes)
Event: 0.357 Thread 0x018ec800 nmethod 68 0x01b36488 code [0x01b36640, 0x01b36b6c]

GC Heap History (0 events):
No events

Deoptimization events (0 events):
No events

Internal exceptions (10 events):
Event: 0.317 Thread 0x0021b400 Threw 0x23cfabc8 at C:\jdk7u2_32P\jdk7u25\hotspot\src\share\vm\prims\jvm.cpp:1235
Event: 0.317 Thread 0x0021b400 Threw 0x23cfe6e8 at C:\jdk7u2_32P\jdk7u25\hotspot\src\share\vm\prims\jvm.cpp:1235
Event: 0.318 Thread 0x0021b400 Threw 0x23d010d8 at C:\jdk7u2_32P\jdk7u25\hotspot\src\share\vm\prims\jvm.cpp:1235
Event: 0.335 Thread 0x0021b400 Threw 0x23d184f0 at C:\jdk7u2_32P\jdk7u25\hotspot\src\share\vm\prims\jvm.cpp:1235
Event: 0.351 Thread 0x0021b400 Threw 0x23d21190 at C:\jdk7u2_32P\jdk7u25\hotspot\src\share\vm\prims\jvm.cpp:1235
Event: 0.356 Thread 0x0021b400 Threw 0x23d29b48 at C:\jdk7u2_32P\jdk7u25\hotspot\src\share\vm\prims\jvm.cpp:1235
Event: 0.357 Thread 0x0021b400 Threw 0x23d2af08 at C:\jdk7u2_32P\jdk7u25\hotspot\src\share\vm\prims\jvm.cpp:1235
Event: 0.359 Thread 0x0021b400 Threw 0x23d31420 at C:\jdk7u2_32P\jdk7u25\hotspot\src\share\vm\prims\jvm.cpp:1235
Event: 0.360 Thread 0x0021b400 Threw 0x23da7688 at C:\jdk7u2_32P\jdk7u25\hotspot\src\share\vm\prims\jvm.cpp:1235
Event: 0.363 Thread 0x0021b400 Threw 0x23db98f0 at C:\jdk7u2_32P\jdk7u25\hotspot\src\share\vm\prims\jvm.cpp:1235

Events (10 events):
Event: 0.356 loading class 0x0191cad8
Event: 0.356 loading class 0x0191cad8 done
Event: 0.357 loading class 0x076a3378
Event: 0.357 loading class 0x076a3378 done
Event: 0.359 loading class 0x0414a3f0
Event: 0.359 loading class 0x0414a3f0 done
Event: 0.360 loading class 0x040d3860
Event: 0.360 loading class 0x040d3860 done
Event: 0.363 loading class 0x04149e70
Event: 0.363 loading class 0x04149e70 done


Dynamic libraries:
0x01370000 - 0x0139f000 	C:\Program Files\Java\jre7\bin\javaw.exe
0x77190000 - 0x772cc000 	C:\Windows\SYSTEM32\ntdll.dll
0x76920000 - 0x769f4000 	C:\Windows\system32\kernel32.dll
0x754d0000 - 0x7551b000 	C:\Windows\system32\KERNELBASE.dll
0x75090000 - 0x750fd000 	C:\Windows\System32\SYSFER.DLL
0x770f0000 - 0x77190000 	C:\Windows\system32\ADVAPI32.dll
0x76400000 - 0x764ac000 	C:\Windows\system32\msvcrt.dll
0x75550000 - 0x75569000 	C:\Windows\SYSTEM32\sechost.dll
0x762c0000 - 0x76362000 	C:\Windows\system32\RPCRT4.dll
0x765c0000 - 0x76689000 	C:\Windows\system32\USER32.dll
0x755c0000 - 0x7560e000 	C:\Windows\system32\GDI32.dll
0x772e0000 - 0x772ea000 	C:\Windows\system32\LPK.dll
0x76b90000 - 0x76c2d000 	C:\Windows\system32\USP10.dll
0x73ca0000 - 0x73e3e000 	C:\Windows\WinSxS\x86_microsoft.windows.common-controls_6595b64144ccf1df_6.0.7601.17514_none_41e6975e2bd6f2b2\COMCTL32.dll
0x76890000 - 0x768e7000 	C:\Windows\system32\SHLWAPI.dll
0x76a00000 - 0x76a1f000 	C:\Windows\system32\IMM32.DLL
0x772f0000 - 0x773bc000 	C:\Windows\system32\MSCTF.dll
0x688e0000 - 0x6899e000 	C:\Program Files\Java\jre7\bin\msvcr100.dll
0x68360000 - 0x686a2000 	C:\Program Files\Java\jre7\bin\client\jvm.dll
0x71ff0000 - 0x71ff7000 	C:\Windows\system32\WSOCK32.dll
0x76b50000 - 0x76b85000 	C:\Windows\system32\WS2_32.dll
0x772d0000 - 0x772d6000 	C:\Windows\system32\NSI.dll
0x733f0000 - 0x73422000 	C:\Windows\system32\WINMM.dll
0x75530000 - 0x75535000 	C:\Windows\system32\PSAPI.DLL
0x72980000 - 0x7298c000 	C:\Program Files\Java\jre7\bin\verify.dll
0x72960000 - 0x72980000 	C:\Program Files\Java\jre7\bin\java.dll
0x72940000 - 0x72953000 	C:\Program Files\Java\jre7\bin\zip.dll
0x10000000 - 0x1004c000 	C:\Users\dmartin\Documents\GitHub\FloppyDiskMaster\lib\native-win\lwjgl.dll
0x686b0000 - 0x68778000 	C:\Windows\system32\OPENGL32.dll
0x72850000 - 0x72872000 	C:\Windows\system32\GLU32.dll
0x674f0000 - 0x675d7000 	C:\Windows\system32\DDRAW.dll
0x729a0000 - 0x729a6000 	C:\Windows\system32\DCIMAN32.dll
0x76c30000 - 0x76dcd000 	C:\Windows\system32\SETUPAPI.dll
0x75330000 - 0x75357000 	C:\Windows\system32\CFGMGR32.dll
0x764b0000 - 0x7653f000 	C:\Windows\system32\OLEAUT32.dll
0x76f90000 - 0x770ec000 	C:\Windows\system32\ole32.dll
0x75380000 - 0x75392000 	C:\Windows\system32\DEVOBJ.dll
0x738c0000 - 0x738d3000 	C:\Windows\system32\dwmapi.dll
0x74450000 - 0x74459000 	C:\Windows\system32\VERSION.dll
0x742b0000 - 0x742f0000 	C:\Windows\system32\uxtheme.dll
0x04510000 - 0x04fb3000 	C:\Windows\system32\ig4icd32.dll
0x75150000 - 0x7515c000 	C:\Windows\system32\CRYPTBASE.dll
0x67de0000 - 0x67e59000 	C:\Windows\system32\mscms.dll
0x74770000 - 0x74787000 	C:\Windows\system32\USERENV.dll
0x751d0000 - 0x751db000 	C:\Windows\system32\profapi.dll
0x6b220000 - 0x6b258000 	C:\Windows\system32\icm32.dll
0x72920000 - 0x72934000 	C:\Program Files\Java\jre7\bin\net.dll
0x74bf0000 - 0x74c2c000 	C:\Windows\system32\mswsock.dll
0x74be0000 - 0x74be6000 	C:\Windows\System32\wship6.dll
0x733e0000 - 0x733ef000 	C:\Program Files\Java\jre7\bin\nio.dll
0x6cef0000 - 0x6cfdb000 	C:\Windows\system32\dbghelp.dll

VM Arguments:
jvm_args: -Djava.library.path=C:\Users\dmartin\Documents\GitHub\FloppyDiskMaster\lib\native-win -Dfile.encoding=Cp1252 
java_command: Engine
Launcher Type: SUN_STANDARD

Environment Variables:
PATH=C:/Program Files/Java/jre7/bin/client;C:/Program Files/Java/jre7/bin;C:/Program Files/Java/jre7/lib/i386;C:\Program Files\Common Files\Microsoft Shared\Windows Live;C:\Windows\system32;C:\Windows;C:\Windows\System32\Wbem;C:\Windows\System32\WindowsPowerShell\v1.0\;c:\Program Files\Hewlett-Packard\Drive Encryption\;c:\Program Files\Microsoft SQL Server\100\Tools\Binn\;c:\Program Files\Microsoft SQL Server\100\DTS\Binn\;C:\Program Files\Common Files\Netop\;C:\Program Files\Netop\Vision\XL\;"C:\program files\java\jdk1.7.0_06\bin";C:\Program Files\Windows Live\Shared;C:\Program Files\Windows Kits\8.0\Windows Performance Toolkit\;C:\Program Files\Microsoft SQL Server\110\Tools\Binn\;C:\Users\dmartin\Desktop\eclipse;
USERNAME=dmartin
OS=Windows_NT
PROCESSOR_IDENTIFIER=x86 Family 6 Model 37 Stepping 5, GenuineIntel



---------------  S Y S T E M  ---------------

OS: Windows 7 Build 7601 Service Pack 1

CPU:total 4 (2 cores per cpu, 2 threads per core) family 6 model 37 stepping 5, cmov, cx8, fxsr, mmx, sse, sse2, sse3, ssse3, sse4.1, sse4.2, popcnt, ht, tsc, tscinvbit

Memory: 4k page, physical 3202164k(1614556k free), swap 6402576k(4461688k free)

vm_info: Java HotSpot(TM) Client VM (23.25-b01) for windows-x86 JRE (1.7.0_25-b17), built on Jun 21 2013 13:06:48 by "java_re" with unknown MS VC++:1600

time: Tue Sep 24 11:41:40 2013
elapsed time: 0 seconds

