#
# A fatal error has been detected by the Java Runtime Environment:
#
#  EXCEPTION_ACCESS_VIOLATION (0xc0000005) at pc=0x0445840b, pid=2412, tid=5556
#
# JRE version: 7.0_25-b17
# Java VM: Java HotSpot(TM) Client VM (23.25-b01 mixed mode, sharing windows-x86 )
# Problematic frame:
# C  [ig4icd32.dll+0x9840b]
#
# Failed to write core dump. Minidumps are not enabled by default on client versions of Windows
#
# If you would like to submit a bug report, please visit:
#   http://bugreport.sun.com/bugreport/crash.jsp
# The crash happened outside the Java Virtual Machine in native code.
# See problematic frame for where to report the bug.
#

---------------  T H R E A D  ---------------

Current thread (0x008cb400):  JavaThread "main" [_thread_in_native, id=5556, stack(0x00e30000,0x00e80000)]

siginfo: ExceptionCode=0xc0000005, reading address 0x00000000

Registers:
EAX=0x00000000, EBX=0x00000008, ECX=0x00000030, EDX=0x05cefdb0
ESP=0x00e7f9a0, EBP=0x00e7fa5c, ESI=0x05d80cc0, EDI=0x05d7ce80
EIP=0x0445840b, EFLAGS=0x00010202

Top of Stack: (sp=0x00e7f9a0)
0x00e7f9a0:   00000000 003c23e8 00080038 00000000
0x00e7f9b0:   00000000 ffffffff 00000000 00000010
0x00e7f9c0:   00000010 00000000 00000008 00000020
0x00e7f9d0:   05d69480 05d76140 00000010 003c23e8
0x00e7f9e0:   43c80000 43c80000 43c80000 43c80000
0x00e7f9f0:   43960000 43960000 43960000 43960000
0x00e7fa00:   47412c00 47412c00 47412c00 47412c00
0x00e7fa10:   47419000 47419000 47419000 47419000 

Instructions: (pc=0x0445840b)
0x044583eb:   5c 24 28 03 4c 24 24 83 fb 04 7d 14 83 fb 03 8b
0x044583fb:   c8 7d 04 89 44 24 2c 83 fb 02 7d 04 89 44 24 38
0x0445840b:   0f 12 00 8b 44 24 38 0f 16 00 8b 44 24 2c 0f 12
0x0445841b:   10 0f 16 11 0f 28 c8 0f c6 c2 dd 0f c6 ca 88 f3 


Register to memory mapping:

EAX=0x00000000 is an unknown value
EBX=0x00000008 is an unknown value
ECX=0x00000030 is an unknown value
EDX=0x05cefdb0 is an unknown value
ESP=0x00e7f9a0 is pointing into the stack for thread: 0x008cb400
EBP=0x00e7fa5c is pointing into the stack for thread: 0x008cb400
ESI=0x05d80cc0 is an unknown value
EDI=0x05d7ce80 is an unknown value


Stack: [0x00e30000,0x00e80000],  sp=0x00e7f9a0,  free space=318k
Native frames: (J=compiled Java code, j=interpreted, Vv=VM code, C=native code)
C  [ig4icd32.dll+0x9840b]

Java frames: (J=compiled Java code, j=interpreted, Vv=VM code)
j  org.lwjgl.opengl.GL11.nglDrawArrays(IIIJ)V+0
j  org.lwjgl.opengl.GL11.glDrawArrays(III)V+20
j  CSprite.Draw()V+38
j  CWindow.WindowLoop()V+66
j  CWindow.Think()V+1
j  Engine.Mainloop()V+12
j  Engine.Engine_Start()V+12
j  Engine.main([Ljava/lang/String;)V+0
v  ~StubRoutines::call_stub

---------------  P R O C E S S  ---------------

Java Threads: ( => current thread )
  0x00f54800 JavaThread "Service Thread" daemon [_thread_blocked, id=6172, stack(0x00f90000,0x00fe0000)]
  0x00f53800 JavaThread "C1 CompilerThread0" daemon [_thread_blocked, id=7776, stack(0x01210000,0x01260000)]
  0x00f52400 JavaThread "Attach Listener" daemon [_thread_blocked, id=6908, stack(0x012a0000,0x012f0000)]
  0x00f4c000 JavaThread "Signal Dispatcher" daemon [_thread_blocked, id=840, stack(0x01180000,0x011d0000)]
  0x00f34000 JavaThread "Finalizer" daemon [_thread_blocked, id=7204, stack(0x01050000,0x010a0000)]
  0x00f32400 JavaThread "Reference Handler" daemon [_thread_blocked, id=7832, stack(0x01130000,0x01180000)]
=>0x008cb400 JavaThread "main" [_thread_in_native, id=5556, stack(0x00e30000,0x00e80000)]

Other Threads:
  0x00f31000 VMThread [stack: 0x010b0000,0x01100000] [id=7352]
  0x00f67000 WatcherThread [stack: 0x03f60000,0x03fb0000] [id=8016]

VM state:not at safepoint (normal execution)

VM Mutex/Monitor currently owned by a thread: None

Heap
 def new generation   total 4928K, used 690K [0x23980000, 0x23ed0000, 0x28ed0000)
  eden space 4416K,   4% used [0x23980000, 0x239aca88, 0x23dd0000)
  from space 512K, 100% used [0x23e50000, 0x23ed0000, 0x23ed0000)
  to   space 512K,   0% used [0x23dd0000, 0x23dd0000, 0x23e50000)
 tenured generation   total 10944K, used 574K [0x28ed0000, 0x29980000, 0x33980000)
   the space 10944K,   5% used [0x28ed0000, 0x28f5fbc0, 0x28f5fc00, 0x29980000)
 compacting perm gen  total 12288K, used 1267K [0x33980000, 0x34580000, 0x37980000)
   the space 12288K,  10% used [0x33980000, 0x33abcc48, 0x33abce00, 0x34580000)
    ro space 10240K,  42% used [0x37980000, 0x37dc4240, 0x37dc4400, 0x38380000)
    rw space 12288K,  54% used [0x38380000, 0x38a04d58, 0x38a04e00, 0x38f80000)

Card table byte_map: [0x007d0000,0x00880000] byte_map_base: 0x006b3400

Polling page: 0x00140000

Code Cache  [0x01f50000, 0x02008000, 0x03f50000)
 total_blobs=288 nmethods=69 adapters=154 free_code_cache=32033Kb largest_free_block=32802176

Compilation events (10 events):
Event: 0.359 Thread 0x00f53800   64  s          java.io.BufferedInputStream::read (49 bytes)
Event: 0.359 Thread 0x00f53800 nmethod 64 0x01fffa08 code [0x01fffb30, 0x01fffe18]
Event: 0.360 Thread 0x00f53800   65             java.io.DataInputStream::readByte (23 bytes)
Event: 0.360 Thread 0x00f53800 nmethod 65 0x01ffff88 code [0x020000a0, 0x020001a8]
Event: 0.363 Thread 0x00f53800    1 %           org.newdawn.slick.opengl.TGAImageData::loadImage @ 563 (1267 bytes)
Event: 0.368 Thread 0x00f53800 nmethod 1% 0x02000248 code [0x020007b0, 0x020026dc]
Event: 0.373 Thread 0x00f53800   67             java.nio.DirectByteBuffer::get (16 bytes)
Event: 0.373 Thread 0x00f53800 nmethod 67 0x02006248 code [0x02006340, 0x020063e0]
Event: 0.379 Thread 0x00f53800   68   !         sun.misc.URLClassPath$JarLoader::getResource (91 bytes)
Event: 0.380 Thread 0x00f53800 nmethod 68 0x02006488 code [0x02006640, 0x02006b6c]

GC Heap History (2 events):
Event: 0.388 GC heap before
{Heap before GC invocations=0 (full 0):
 def new generation   total 4928K, used 4416K [0x23980000, 0x23ed0000, 0x28ed0000)
  eden space 4416K, 100% used [0x23980000, 0x23dd0000, 0x23dd0000)
  from space 512K,   0% used [0x23dd0000, 0x23dd0000, 0x23e50000)
  to   space 512K,   0% used [0x23e50000, 0x23e50000, 0x23ed0000)
 tenured generation   total 10944K, used 0K [0x28ed0000, 0x29980000, 0x33980000)
   the space 10944K,   0% used [0x28ed0000, 0x28ed0000, 0x28ed0200, 0x29980000)
 compacting perm gen  total 12288K, used 1249K [0x33980000, 0x34580000, 0x37980000)
   the space 12288K,  10% used [0x33980000, 0x33ab8680, 0x33ab8800, 0x34580000)
    ro space 10240K,  42% used [0x37980000, 0x37dc4240, 0x37dc4400, 0x38380000)
    rw space 12288K,  54% used [0x38380000, 0x38a04d58, 0x38a04e00, 0x38f80000)
Event: 0.393 GC heap after
Heap after GC invocations=1 (full 0):
 def new generation   total 4928K, used 512K [0x23980000, 0x23ed0000, 0x28ed0000)
  eden space 4416K,   0% used [0x23980000, 0x23980000, 0x23dd0000)
  from space 512K, 100% used [0x23e50000, 0x23ed0000, 0x23ed0000)
  to   space 512K,   0% used [0x23dd0000, 0x23dd0000, 0x23e50000)
 tenured generation   total 10944K, used 574K [0x28ed0000, 0x29980000, 0x33980000)
   the space 10944K,   5% used [0x28ed0000, 0x28f5fbc0, 0x28f5fc00, 0x29980000)
 compacting perm gen  total 12288K, used 1249K [0x33980000, 0x34580000, 0x37980000)
   the space 12288K,  10% used [0x33980000, 0x33ab8680, 0x33ab8800, 0x34580000)
    ro space 10240K,  42% used [0x37980000, 0x37dc4240, 0x37dc4400, 0x38380000)
    rw space 12288K,  54% used [0x38380000, 0x38a04d58, 0x38a04e00, 0x38f80000)
}

Deoptimization events (0 events):
No events

Internal exceptions (10 events):
Event: 0.339 Thread 0x008cb400 Threw 0x23cfe7f8 at C:\jdk7u2_32P\jdk7u25\hotspot\src\share\vm\prims\jvm.cpp:1235
Event: 0.340 Thread 0x008cb400 Threw 0x23d011e8 at C:\jdk7u2_32P\jdk7u25\hotspot\src\share\vm\prims\jvm.cpp:1235
Event: 0.357 Thread 0x008cb400 Threw 0x23d18318 at C:\jdk7u2_32P\jdk7u25\hotspot\src\share\vm\prims\jvm.cpp:1235
Event: 0.374 Thread 0x008cb400 Threw 0x23d20c50 at C:\jdk7u2_32P\jdk7u25\hotspot\src\share\vm\prims\jvm.cpp:1235
Event: 0.379 Thread 0x008cb400 Threw 0x23d97e78 at C:\jdk7u2_32P\jdk7u25\hotspot\src\share\vm\prims\jvm.cpp:1235
Event: 0.379 Thread 0x008cb400 Threw 0x23d99238 at C:\jdk7u2_32P\jdk7u25\hotspot\src\share\vm\prims\jvm.cpp:1235
Event: 0.381 Thread 0x008cb400 Threw 0x23da4460 at C:\jdk7u2_32P\jdk7u25\hotspot\src\share\vm\prims\jvm.cpp:1235
Event: 0.382 Thread 0x008cb400 Threw 0x23da7300 at C:\jdk7u2_32P\jdk7u25\hotspot\src\share\vm\prims\jvm.cpp:1235
Event: 0.386 Thread 0x008cb400 Threw 0x23db94e8 at C:\jdk7u2_32P\jdk7u25\hotspot\src\share\vm\prims\jvm.cpp:1235
Event: 0.388 Thread 0x008cb400 Threw 0x23dbc518 at C:\jdk7u2_32P\jdk7u25\hotspot\src\share\vm\prims\jvm.cpp:1235

Events (10 events):
Event: 0.381 loading class 0x0407e810
Event: 0.381 loading class 0x0407e810 done
Event: 0.382 loading class 0x04006348
Event: 0.382 loading class 0x04006348 done
Event: 0.386 loading class 0x0407e290
Event: 0.386 loading class 0x0407e290 done
Event: 0.388 loading class 0x07513930
Event: 0.388 loading class 0x07513930 done
Event: 0.388 Executing VM operation: GenCollectForAllocation
Event: 0.393 Executing VM operation: GenCollectForAllocation done


Dynamic libraries:
0x01310000 - 0x0133f000 	C:\Program Files\Java\jre7\bin\javaw.exe
0x77190000 - 0x772cc000 	C:\Windows\SYSTEM32\ntdll.dll
0x76920000 - 0x769f4000 	C:\Windows\system32\kernel32.dll
0x754d0000 - 0x7551b000 	C:\Windows\system32\KERNELBASE.dll
0x75090000 - 0x750fd000 	C:\Windows\System32\SYSFER.DLL
0x770f0000 - 0x77190000 	C:\Windows\system32\ADVAPI32.dll
0x76400000 - 0x764ac000 	C:\Windows\system32\msvcrt.dll
0x75550000 - 0x75569000 	C:\Windows\SYSTEM32\sechost.dll
0x762c0000 - 0x76362000 	C:\Windows\system32\RPCRT4.dll
0x765c0000 - 0x76689000 	C:\Windows\system32\USER32.dll
0x755c0000 - 0x7560e000 	C:\Windows\system32\GDI32.dll
0x772e0000 - 0x772ea000 	C:\Windows\system32\LPK.dll
0x76b90000 - 0x76c2d000 	C:\Windows\system32\USP10.dll
0x73ca0000 - 0x73e3e000 	C:\Windows\WinSxS\x86_microsoft.windows.common-controls_6595b64144ccf1df_6.0.7601.17514_none_41e6975e2bd6f2b2\COMCTL32.dll
0x76890000 - 0x768e7000 	C:\Windows\system32\SHLWAPI.dll
0x76a00000 - 0x76a1f000 	C:\Windows\system32\IMM32.DLL
0x772f0000 - 0x773bc000 	C:\Windows\system32\MSCTF.dll
0x67520000 - 0x675de000 	C:\Program Files\Java\jre7\bin\msvcr100.dll
0x68360000 - 0x686a2000 	C:\Program Files\Java\jre7\bin\client\jvm.dll
0x71ff0000 - 0x71ff7000 	C:\Windows\system32\WSOCK32.dll
0x76b50000 - 0x76b85000 	C:\Windows\system32\WS2_32.dll
0x772d0000 - 0x772d6000 	C:\Windows\system32\NSI.dll
0x733f0000 - 0x73422000 	C:\Windows\system32\WINMM.dll
0x75530000 - 0x75535000 	C:\Windows\system32\PSAPI.DLL
0x72980000 - 0x7298c000 	C:\Program Files\Java\jre7\bin\verify.dll
0x72960000 - 0x72980000 	C:\Program Files\Java\jre7\bin\java.dll
0x72940000 - 0x72953000 	C:\Program Files\Java\jre7\bin\zip.dll
0x10000000 - 0x1004c000 	C:\Users\dmartin\Documents\GitHub\FloppyDiskMaster\lib\native-win\lwjgl.dll
0x688d0000 - 0x68998000 	C:\Windows\system32\OPENGL32.dll
0x72860000 - 0x72882000 	C:\Windows\system32\GLU32.dll
0x66ae0000 - 0x66bc7000 	C:\Windows\system32\DDRAW.dll
0x73640000 - 0x73646000 	C:\Windows\system32\DCIMAN32.dll
0x76c30000 - 0x76dcd000 	C:\Windows\system32\SETUPAPI.dll
0x75330000 - 0x75357000 	C:\Windows\system32\CFGMGR32.dll
0x764b0000 - 0x7653f000 	C:\Windows\system32\OLEAUT32.dll
0x76f90000 - 0x770ec000 	C:\Windows\system32\ole32.dll
0x75380000 - 0x75392000 	C:\Windows\system32\DEVOBJ.dll
0x738c0000 - 0x738d3000 	C:\Windows\system32\dwmapi.dll
0x74450000 - 0x74459000 	C:\Windows\system32\VERSION.dll
0x742b0000 - 0x742f0000 	C:\Windows\system32\uxtheme.dll
0x043c0000 - 0x04e63000 	C:\Windows\system32\ig4icd32.dll
0x75150000 - 0x7515c000 	C:\Windows\system32\CRYPTBASE.dll
0x67de0000 - 0x67e59000 	C:\Windows\system32\mscms.dll
0x74770000 - 0x74787000 	C:\Windows\system32\USERENV.dll
0x751d0000 - 0x751db000 	C:\Windows\system32\profapi.dll
0x6b220000 - 0x6b258000 	C:\Windows\system32\icm32.dll
0x72920000 - 0x72934000 	C:\Program Files\Java\jre7\bin\net.dll
0x74bf0000 - 0x74c2c000 	C:\Windows\system32\mswsock.dll
0x74be0000 - 0x74be6000 	C:\Windows\System32\wship6.dll
0x733e0000 - 0x733ef000 	C:\Program Files\Java\jre7\bin\nio.dll
0x6cef0000 - 0x6cfdb000 	C:\Windows\system32\dbghelp.dll

VM Arguments:
jvm_args: -Djava.library.path=C:\Users\dmartin\Documents\GitHub\FloppyDiskMaster\lib\native-win -Dfile.encoding=Cp1252 
java_command: Engine
Launcher Type: SUN_STANDARD

Environment Variables:
PATH=C:/Program Files/Java/jre7/bin/client;C:/Program Files/Java/jre7/bin;C:/Program Files/Java/jre7/lib/i386;C:\Program Files\Common Files\Microsoft Shared\Windows Live;C:\Windows\system32;C:\Windows;C:\Windows\System32\Wbem;C:\Windows\System32\WindowsPowerShell\v1.0\;c:\Program Files\Hewlett-Packard\Drive Encryption\;c:\Program Files\Microsoft SQL Server\100\Tools\Binn\;c:\Program Files\Microsoft SQL Server\100\DTS\Binn\;C:\Program Files\Common Files\Netop\;C:\Program Files\Netop\Vision\XL\;"C:\program files\java\jdk1.7.0_06\bin";C:\Program Files\Windows Live\Shared;C:\Program Files\Windows Kits\8.0\Windows Performance Toolkit\;C:\Program Files\Microsoft SQL Server\110\Tools\Binn\;C:\Users\dmartin\Desktop\eclipse;
USERNAME=dmartin
OS=Windows_NT
PROCESSOR_IDENTIFIER=x86 Family 6 Model 37 Stepping 5, GenuineIntel



---------------  S Y S T E M  ---------------

OS: Windows 7 Build 7601 Service Pack 1

CPU:total 4 (2 cores per cpu, 2 threads per core) family 6 model 37 stepping 5, cmov, cx8, fxsr, mmx, sse, sse2, sse3, ssse3, sse4.1, sse4.2, popcnt, ht, tsc, tscinvbit

Memory: 4k page, physical 3202164k(1669928k free), swap 6402576k(4573748k free)

vm_info: Java HotSpot(TM) Client VM (23.25-b01) for windows-x86 JRE (1.7.0_25-b17), built on Jun 21 2013 13:06:48 by "java_re" with unknown MS VC++:1600

time: Tue Sep 24 11:31:32 2013
elapsed time: 0 seconds

