#
# A fatal error has been detected by the Java Runtime Environment:
#
#  EXCEPTION_ACCESS_VIOLATION (0xc0000005) at pc=0x000000005d603660, pid=5572, tid=1776
#
# JRE version: 7.0_21-b11
# Java VM: Java HotSpot(TM) 64-Bit Server VM (23.21-b01 mixed mode windows-amd64 compressed oops)
# Problematic frame:
# C  [nvoglv64.DLL+0x8f3660]
#
# Failed to write core dump. Minidumps are not enabled by default on client versions of Windows
#
# If you would like to submit a bug report, please visit:
#   http://bugreport.sun.com/bugreport/crash.jsp
# The crash happened outside the Java Virtual Machine in native code.
# See problematic frame for where to report the bug.
#

---------------  T H R E A D  ---------------

Current thread (0x00000000003cc800):  JavaThread "main" [_thread_in_native, id=1776, stack(0x0000000002560000,0x0000000002660000)]

siginfo: ExceptionCode=0xc0000005, reading address 0x0000000000000000

Registers:
RAX=0x0000000000000006, RBX=0x000000000265ed30, RCX=0x0000000000000000, RDX=0x00000000004ddeb0
RSP=0x000000000265ecc8, RBP=0x0000000000000000, RSI=0x000000001579df6c, RDI=0x0000000000000001
R8 =0xffffffffea862094, R9 =0x000000001579df6c, R10=0x000000005cd10000, R11=0x0000000000000001
R12=0x00000000004ddcc8, R13=0xfffffffffde7ef98, R14=0x000000000265f1a0, R15=0x0000000000000007
RIP=0x000000005d603660, EFLAGS=0x0000000000010293

Top of Stack: (sp=0x000000000265ecc8)
0x000000000265ecc8:   000000005d6037ea 000000000265f0d0
0x000000000265ecd8:   000000005d603872 0000000e0a504933
0x000000000265ece8:   000000000265eed8 00000006fb1bd420
0x000000000265ecf8:   0000000000000000 0000000000000000
0x000000000265ed08:   000000005d60430c 00000000004dcdc0
0x000000000265ed18:   0000000000000008 0000000000000020
0x000000000265ed28:   000000006b9644c2 0000000300000007
0x000000000265ed38:   0000000000000000 0000000300000000
0x000000000265ed48:   0000000000000000 0000000000000000
0x000000000265ed58:   0000000000000000 0000000000000000
0x000000000265ed68:   0000000000000000 0000000200000001
0x000000000265ed78:   0000000800000004 0000002000000010
0x000000000265ed88:   0000008000000040 0000020000000100
0x000000000265ed98:   0000080000000400 0000200000001000
0x000000000265eda8:   0000800000004000 0000000000000000
0x000000000265edb8:   0000140600000004 0000000000000020 

Instructions: (pc=0x000000005d603660)
0x000000005d603640:   4b 8b 04 01 ff c1 49 83 c1 08 49 89 41 f8 3b 4a
0x000000005d603650:   08 7c ed f3 c3 33 c9 39 4a 08 7e 17 4d 2b c1 90
0x000000005d603660:   43 8b 04 01 ff c1 49 83 c1 04 41 89 41 fc 3b 4a
0x000000005d603670:   08 7c ed f3 c3 0f 1f 00 ad 35 8f 00 ad 35 8f 00 


Register to memory mapping:

RAX=0x0000000000000006 is an unknown value
RBX=0x000000000265ed30 is pointing into the stack for thread: 0x00000000003cc800
RCX=0x0000000000000000 is an unknown value
RDX=0x00000000004ddeb0 is an unknown value
RSP=0x000000000265ecc8 is pointing into the stack for thread: 0x00000000003cc800
RBP=0x0000000000000000 is an unknown value
RSI=0x000000001579df6c is an unknown value
RDI=0x0000000000000001 is an unknown value
R8 =0xffffffffea862094 is an unknown value
R9 =0x000000001579df6c is an unknown value
R10=0x000000005cd10000 is an unknown value
R11=0x0000000000000001 is an unknown value
R12=0x00000000004ddcc8 is an unknown value
R13=0xfffffffffde7ef98 is an unknown value
R14=0x000000000265f1a0 is pointing into the stack for thread: 0x00000000003cc800
R15=0x0000000000000007 is an unknown value


Stack: [0x0000000002560000,0x0000000002660000],  sp=0x000000000265ecc8,  free space=1019k
Native frames: (J=compiled Java code, j=interpreted, Vv=VM code, C=native code)
C  [nvoglv64.DLL+0x8f3660]

[error occurred during error reporting (printing native stack), id 0xc0000005]

Java frames: (J=compiled Java code, j=interpreted, Vv=VM code)
j  org.lwjgl.opengl.GL11.nglDrawArrays(IIIJ)V+0
j  org.lwjgl.opengl.GL11.glDrawArrays(III)V+20
j  CSprite.Draw()V+38
j  CWindow.WindowLoop()V+66
j  CWindow.Think()V+1
j  Engine.Mainloop()V+12
j  Engine.Engine_Start()V+12
j  Engine.main([Ljava/lang/String;)V+0
v  ~StubRoutines::call_stub

---------------  P R O C E S S  ---------------

Java Threads: ( => current thread )
  0x00000000111c2000 JavaThread "Service Thread" daemon [_thread_blocked, id=5488, stack(0x0000000012800000,0x0000000012900000)]
  0x00000000111bf800 JavaThread "C2 CompilerThread1" daemon [_thread_blocked, id=4788, stack(0x0000000012a30000,0x0000000012b30000)]
  0x00000000111ba800 JavaThread "C2 CompilerThread0" daemon [_thread_blocked, id=5816, stack(0x0000000012920000,0x0000000012a20000)]
  0x00000000111b9800 JavaThread "Attach Listener" daemon [_thread_blocked, id=4876, stack(0x00000000126f0000,0x00000000127f0000)]
  0x00000000111b2800 JavaThread "Signal Dispatcher" daemon [_thread_blocked, id=6076, stack(0x00000000125d0000,0x00000000126d0000)]
  0x00000000022d8800 JavaThread "Finalizer" daemon [_thread_blocked, id=4988, stack(0x0000000012390000,0x0000000012490000)]
  0x00000000022d1800 JavaThread "Reference Handler" daemon [_thread_blocked, id=5748, stack(0x0000000012200000,0x0000000012300000)]
=>0x00000000003cc800 JavaThread "main" [_thread_in_native, id=1776, stack(0x0000000002560000,0x0000000002660000)]

Other Threads:
  0x0000000011133800 VMThread [stack: 0x00000000120d0000,0x00000000121d0000] [id=4140]
  0x00000000111dd000 WatcherThread [stack: 0x0000000012b40000,0x0000000012c40000] [id=2688]

VM state:not at safepoint (normal execution)

VM Mutex/Monitor currently owned by a thread: None

Heap
 PSYoungGen      total 76480K, used 5264K [0x00000007aaab0000, 0x00000007b0000000, 0x0000000800000000)
  eden space 65600K, 8% used [0x00000007aaab0000,0x00000007aafd40f0,0x00000007aeac0000)
  from space 10880K, 0% used [0x00000007af560000,0x00000007af560000,0x00000007b0000000)
  to   space 10880K, 0% used [0x00000007aeac0000,0x00000007aeac0000,0x00000007af560000)
 ParOldGen       total 174784K, used 0K [0x0000000700000000, 0x000000070aab0000, 0x00000007aaab0000)
  object space 174784K, 0% used [0x0000000700000000,0x0000000700000000,0x000000070aab0000)
 PSPermGen       total 21248K, used 5157K [0x00000006fae00000, 0x00000006fc2c0000, 0x0000000700000000)
  object space 21248K, 24% used [0x00000006fae00000,0x00000006fb3097b0,0x00000006fc2c0000)

Card table byte_map: [0x0000000005660000,0x0000000005e90000] byte_map_base: 0x0000000001e89000

Polling page: 0x0000000000120000

Code Cache  [0x0000000002660000, 0x00000000028d0000, 0x0000000005660000)
 total_blobs=359 nmethods=25 adapters=286 free_code_cache=48656Kb largest_free_block=49803264

Compilation events (10 events):
Event: 0.402 Thread 0x00000000111bf800   21             java.io.BufferedInputStream::getBufIfOpen (21 bytes)
Event: 0.402 Thread 0x00000000111ba800   22  s          java.io.BufferedInputStream::read (49 bytes)
Event: 0.403 Thread 0x00000000111bf800 nmethod 21 0x00000000026dbc10 code [0x00000000026dbd40, 0x00000000026dbdb8]
Event: 0.403 Thread 0x00000000111bf800   23             java.io.DataInputStream::readByte (23 bytes)
Event: 0.404 Thread 0x00000000111ba800 nmethod 22 0x00000000026da010 code [0x00000000026da160, 0x00000000026da5e8]
Event: 0.405 Thread 0x00000000111bf800 nmethod 23 0x00000000026d9810 code [0x00000000026d9960, 0x00000000026d9e48]
Event: 0.407 Thread 0x00000000111ba800    1 %           org.newdawn.slick.opengl.TGAImageData::loadImage @ 563 (1267 bytes)
Event: 0.421 Thread 0x00000000111ba800 nmethod 1% 0x00000000026df5d0 code [0x00000000026df7e0, 0x00000000026e03d0]
Event: 0.421 Thread 0x00000000111bf800   24             java.nio.Buffer::checkIndex (22 bytes)
Event: 0.421 Thread 0x00000000111bf800 nmethod 24 0x00000000026d95d0 code [0x00000000026d9700, 0x00000000026d9778]

GC Heap History (0 events):
No events

Deoptimization events (0 events):
No events

Internal exceptions (10 events):
Event: 0.380 Thread 0x00000000003cc800 Threw 0x00000007aaef01c8 at C:\jdk7u2_64p\jdk7u21\hotspot\src\share\vm\prims\jvm.cpp:1166
Event: 0.381 Thread 0x00000000003cc800 Threw 0x00000007aaef4870 at C:\jdk7u2_64p\jdk7u21\hotspot\src\share\vm\prims\jvm.cpp:1166
Event: 0.382 Thread 0x00000000003cc800 Threw 0x00000007aaef8550 at C:\jdk7u2_64p\jdk7u21\hotspot\src\share\vm\prims\jvm.cpp:1166
Event: 0.382 Thread 0x00000000003cc800 Threw 0x00000007aaefb318 at C:\jdk7u2_64p\jdk7u21\hotspot\src\share\vm\prims\jvm.cpp:1166
Event: 0.382 Thread 0x00000000003cc800 Threw 0x00000007aaefec40 at C:\jdk7u2_64p\jdk7u21\hotspot\src\share\vm\prims\jvm.cpp:1166
Event: 0.383 Thread 0x00000000003cc800 Threw 0x00000007aaf028b0 at C:\jdk7u2_64p\jdk7u21\hotspot\src\share\vm\prims\jvm.cpp:1166
Event: 0.383 Thread 0x00000000003cc800 Threw 0x00000007aaf052c0 at C:\jdk7u2_64p\jdk7u21\hotspot\src\share\vm\prims\jvm.cpp:1166
Event: 0.399 Thread 0x00000000003cc800 Threw 0x00000007aaf35840 at C:\jdk7u2_64p\jdk7u21\hotspot\src\share\vm\prims\jvm.cpp:1166
Event: 0.423 Thread 0x00000000003cc800 Threw 0x00000007aaf96de8 at C:\jdk7u2_64p\jdk7u21\hotspot\src\share\vm\prims\jvm.cpp:1166
Event: 0.424 Thread 0x00000000003cc800 Threw 0x00000007aaf98730 at C:\jdk7u2_64p\jdk7u21\hotspot\src\share\vm\prims\jvm.cpp:1166

Events (10 events):
Event: 0.399 loading class 0x0000000012d41b00
Event: 0.399 loading class 0x0000000012d41b00 done
Event: 0.400 loading class 0x0000000012d91380
Event: 0.400 loading class 0x0000000012d91290
Event: 0.400 loading class 0x0000000012d91290 done
Event: 0.400 loading class 0x0000000012d91380 done
Event: 0.423 loading class 0x00000000111e0be0
Event: 0.423 loading class 0x00000000111e0be0 done
Event: 0.424 loading class 0x0000000012fe35c0
Event: 0.424 loading class 0x0000000012fe35c0 done


Dynamic libraries:
0x000000013f390000 - 0x000000013f3c3000 	C:\Program Files\Java\jre7\bin\javaw.exe
0x0000000077630000 - 0x00000000777d9000 	C:\Windows\SYSTEM32\ntdll.dll
0x0000000077410000 - 0x000000007752f000 	C:\Windows\system32\kernel32.dll
0x000007fefca20000 - 0x000007fefca8b000 	C:\Windows\system32\KERNELBASE.dll
0x000007fefe8a0000 - 0x000007fefe97b000 	C:\Windows\system32\ADVAPI32.dll
0x000007fefd520000 - 0x000007fefd5bf000 	C:\Windows\system32\msvcrt.dll
0x000007fefce70000 - 0x000007fefce8f000 	C:\Windows\SYSTEM32\sechost.dll
0x000007fefd170000 - 0x000007fefd29d000 	C:\Windows\system32\RPCRT4.dll
0x0000000077530000 - 0x000000007762a000 	C:\Windows\system32\USER32.dll
0x000007fefe7b0000 - 0x000007fefe817000 	C:\Windows\system32\GDI32.dll
0x000007fefe3f0000 - 0x000007fefe3fe000 	C:\Windows\system32\LPK.dll
0x000007fefe6e0000 - 0x000007fefe7a9000 	C:\Windows\system32\USP10.dll
0x000007fefab10000 - 0x000007fefad04000 	C:\Windows\WinSxS\amd64_microsoft.windows.common-controls_6595b64144ccf1df_6.0.7601.17514_none_fa396087175ac9ac\COMCTL32.dll
0x000007fefe820000 - 0x000007fefe891000 	C:\Windows\system32\SHLWAPI.dll
0x000007fefe6b0000 - 0x000007fefe6de000 	C:\Windows\system32\IMM32.DLL
0x000007fefcd60000 - 0x000007fefce69000 	C:\Windows\system32\MSCTF.dll
0x000000006ec30000 - 0x000000006ed01000 	C:\Program Files\Java\jre7\bin\msvcr100.dll
0x000000006b6c0000 - 0x000000006bde1000 	C:\Program Files\Java\jre7\bin\server\jvm.dll
0x000007fef04f0000 - 0x000007fef04f9000 	C:\Windows\system32\WSOCK32.dll
0x000007fefd120000 - 0x000007fefd16d000 	C:\Windows\system32\WS2_32.dll
0x000007fefcd50000 - 0x000007fefcd58000 	C:\Windows\system32\NSI.dll
0x000007fef9d90000 - 0x000007fef9dcb000 	C:\Windows\system32\WINMM.dll
0x00000000777f0000 - 0x00000000777f7000 	C:\Windows\system32\PSAPI.DLL
0x000000006fa20000 - 0x000000006fa2f000 	C:\Program Files\Java\jre7\bin\verify.dll
0x000000006efa0000 - 0x000000006efc8000 	C:\Program Files\Java\jre7\bin\java.dll
0x000000006ef80000 - 0x000000006ef95000 	C:\Program Files\Java\jre7\bin\zip.dll
0x0000000180000000 - 0x0000000180050000 	C:\Users\Danny\Documents\GitHub\FloppyDiskMaster\lib\native-win\lwjgl64.dll
0x000007fef0920000 - 0x000007fef0a3d000 	C:\Windows\system32\OPENGL32.dll
0x000007fef4970000 - 0x000007fef499d000 	C:\Windows\system32\GLU32.dll
0x000007feede80000 - 0x000007feedf71000 	C:\Windows\system32\DDRAW.dll
0x000007fefaae0000 - 0x000007fefaae8000 	C:\Windows\system32\DCIMAN32.dll
0x000007fefcb70000 - 0x000007fefcd47000 	C:\Windows\system32\SETUPAPI.dll
0x000007fefc9d0000 - 0x000007fefca06000 	C:\Windows\system32\CFGMGR32.dll
0x000007fefeb90000 - 0x000007fefec67000 	C:\Windows\system32\OLEAUT32.dll
0x000007fefe980000 - 0x000007fefeb83000 	C:\Windows\system32\ole32.dll
0x000007fefc7f0000 - 0x000007fefc80a000 	C:\Windows\system32\DEVOBJ.dll
0x000007fefa680000 - 0x000007fefa698000 	C:\Windows\system32\dwmapi.dll
0x000007fefb880000 - 0x000007fefb88c000 	C:\Windows\system32\VERSION.dll
0x000007fefaa60000 - 0x000007fefaab6000 	C:\Windows\system32\uxtheme.dll
0x000000005cd10000 - 0x000000005e7c7000 	C:\Windows\system32\nvoglv64.DLL
0x000007fefd5c0000 - 0x000007fefe348000 	C:\Windows\system32\SHELL32.dll
0x000007fefb2f0000 - 0x000007fefb31d000 	C:\Windows\system32\ntmarta.dll
0x000007fefd360000 - 0x000007fefd3b2000 	C:\Windows\system32\WLDAP32.dll
0x000007fefc670000 - 0x000007fefc67f000 	C:\Windows\system32\CRYPTBASE.dll
0x000007fef9dd0000 - 0x000007fef9e6c000 	C:\Windows\system32\mscms.dll
0x000007fefba80000 - 0x000007fefba9e000 	C:\Windows\system32\USERENV.dll
0x000007fefc740000 - 0x000007fefc74f000 	C:\Windows\system32\profapi.dll
0x000007fef39b0000 - 0x000007fef39f2000 	C:\Windows\system32\icm32.dll
0x000000006ef60000 - 0x000000006ef79000 	C:\Program Files\Java\jre7\bin\net.dll
0x000007fefbfb0000 - 0x000007fefc005000 	C:\Windows\system32\mswsock.dll
0x000007fefbfa0000 - 0x000007fefbfa7000 	C:\Windows\System32\wship6.dll
0x000000006ef40000 - 0x000000006ef51000 	C:\Program Files\Java\jre7\bin\nio.dll
0x000007fef6520000 - 0x000007fef6645000 	C:\Windows\system32\dbghelp.dll

VM Arguments:
jvm_args: -Djava.library.path=C:\Users\Danny\Documents\GitHub\FloppyDiskMaster\lib\native-win -Dfile.encoding=Cp1252 
java_command: Engine
Launcher Type: SUN_STANDARD

Environment Variables:
CLASSPATH=.;C:\Program Files (x86)\QuickTime\QTSystem\QTJava.zip
PATH=C:\Perl\site\bin;C:\Perl\bin;C:\Program Files (x86)\NVIDIA Corporation\PhysX\Common;C:\Windows\system32;C:\Windows;C:\Windows\System32\Wbem;C:\Windows\System32\WindowsPowerShell\v1.0\;C:\Program Files\Microsoft\Web Platform Installer\;C:\Program Files (x86)\Microsoft ASP.NET\ASP.NET Web Pages\v1.0\;C:\Program Files\Microsoft SQL Server\110\Tools\Binn\;C:\Program Files\TortoiseSVN\bin;c:\Program Files (x86)\Microsoft SQL Server\100\Tools\Binn\;c:\Program Files\Microsoft SQL Server\100\Tools\Binn\;c:\Program Files\Microsoft SQL Server\100\DTS\Binn\;C:\Program Files (x86)\QuickTime\QTSystem\;C:\DXSDK\Utilities\bin\x86;C:\Program Files (x86)\Microsoft Visual Studio 11.0\VC\bin;C:\Program Files (x86)\CMake 2.8\bin;C:\Program Files (x86)\GnuWin32\bin;C:\Program Files (x86)\Windows Kits\8.1\Windows Performance Toolkit\;c:\program files (x86)\steam\SteamApps\sourcemods\Callium\..\bin
USERNAME=Danny
OS=Windows_NT
PROCESSOR_IDENTIFIER=AMD64 Family 16 Model 4 Stepping 3, AuthenticAMD



---------------  S Y S T E M  ---------------

OS: Windows 7 , 64 bit Build 7601 Service Pack 1

CPU:total 4 (4 cores per cpu, 1 threads per core) family 16 model 4 stepping 3, cmov, cx8, fxsr, mmx, sse, sse2, sse3, popcnt, mmxext, 3dnowpref, lzcnt, sse4a, tsc, tscinvbit, tscinv

Memory: 4k page, physical 16774712k(13763436k free), swap 33547564k(29064524k free)

vm_info: Java HotSpot(TM) 64-Bit Server VM (23.21-b01) for windows-amd64 JRE (1.7.0_21-b11), built on Apr  4 2013 08:11:28 by "java_re" with unknown MS VC++:1600

time: Sun Sep 22 16:02:27 2013
elapsed time: 0 seconds

