#
# A fatal error has been detected by the Java Runtime Environment:
#
#  EXCEPTION_ACCESS_VIOLATION (0xc0000005) at pc=0x191f840b, pid=7636, tid=7820
#
# JRE version: 7.0_25-b17
# Java VM: Java HotSpot(TM) Client VM (23.25-b01 mixed mode windows-x86 )
# Problematic frame:
# C  [ig4icd32.dll+0x9840b]
#
# Failed to write core dump. Minidumps are not enabled by default on client versions of Windows
#
# If you would like to submit a bug report, please visit:
#   http://bugreport.sun.com/bugreport/crash.jsp
# The crash happened outside the Java Virtual Machine in native code.
# See problematic frame for where to report the bug.
#

---------------  T H R E A D  ---------------

Current thread (0x00c5bc00):  JavaThread "main" [_thread_in_native, id=7820, stack(0x00c60000,0x00cb0000)]

siginfo: ExceptionCode=0xc0000005, reading address 0x00000000

Registers:
EAX=0x00000000, EBX=0x00000008, ECX=0x00000030, EDX=0x1a67b328
ESP=0x00caf870, EBP=0x00caf92c, ESI=0x19c2f340, EDI=0x19c2b6c0
EIP=0x191f840b, EFLAGS=0x00010202

Top of Stack: (sp=0x00caf870)
0x00caf870:   00000000 1a610068 00080038 00000000
0x00caf880:   00000000 ffffffff 00000000 00000010
0x00caf890:   00000010 00000000 00000008 00000020
0x00caf8a0:   1a70f980 19c249c0 00000010 1a610068
0x00caf8b0:   43c80000 43c80000 43c80000 43c80000
0x00caf8c0:   43960000 43960000 43960000 43960000
0x00caf8d0:   47412c00 47412c00 47412c00 47412c00
0x00caf8e0:   47419000 47419000 47419000 47419000 

Instructions: (pc=0x191f840b)
0x191f83eb:   5c 24 28 03 4c 24 24 83 fb 04 7d 14 83 fb 03 8b
0x191f83fb:   c8 7d 04 89 44 24 2c 83 fb 02 7d 04 89 44 24 38
0x191f840b:   0f 12 00 8b 44 24 38 0f 16 00 8b 44 24 2c 0f 12
0x191f841b:   10 0f 16 11 0f 28 c8 0f c6 c2 dd 0f c6 ca 88 f3 


Register to memory mapping:

EAX=0x00000000 is an unknown value
EBX=0x00000008 is an unknown value
ECX=0x00000030 is an unknown value
EDX=0x1a67b328 is an unknown value
ESP=0x00caf870 is pointing into the stack for thread: 0x00c5bc00
EBP=0x00caf92c is pointing into the stack for thread: 0x00c5bc00
ESI=0x19c2f340 is an unknown value
EDI=0x19c2b6c0 is an unknown value


Stack: [0x00c60000,0x00cb0000],  sp=0x00caf870,  free space=318k
Native frames: (J=compiled Java code, j=interpreted, Vv=VM code, C=native code)
C  [ig4icd32.dll+0x9840b]

Java frames: (J=compiled Java code, j=interpreted, Vv=VM code)
j  org.lwjgl.opengl.GL11.nglDrawArrays(IIIJ)V+0
j  org.lwjgl.opengl.GL11.glDrawArrays(III)V+20
j  CSprite.Draw()V+38
j  CWindow.WindowLoop()V+66
j  CWindow.Think()V+1
j  Engine.Mainloop()V+12
j  Engine.Engine_Start()V+12
j  Engine.main([Ljava/lang/String;)V+0
v  ~StubRoutines::call_stub

---------------  P R O C E S S  ---------------

Java Threads: ( => current thread )
  0x17d14c00 JavaThread "Service Thread" daemon [_thread_blocked, id=5284, stack(0x18f60000,0x18fb0000)]
  0x17d11c00 JavaThread "C1 CompilerThread0" daemon [_thread_blocked, id=7968, stack(0x18ef0000,0x18f40000)]
  0x17d00000 JavaThread "JDWP Command Reader" daemon [_thread_in_native, id=7748, stack(0x18e40000,0x18e90000)]
  0x17cff000 JavaThread "JDWP Event Helper Thread" daemon [_thread_blocked, id=528, stack(0x18cf0000,0x18d40000)]
  0x17cfc000 JavaThread "JDWP Transport Listener: dt_socket" daemon [_thread_blocked, id=1720, stack(0x18820000,0x18870000)]
  0x17ce9c00 JavaThread "Attach Listener" daemon [_thread_blocked, id=3988, stack(0x18050000,0x180a0000)]
  0x17ce8800 JavaThread "Signal Dispatcher" daemon [_thread_blocked, id=2516, stack(0x00ee0000,0x00f30000)]
  0x17c8ec00 JavaThread "Finalizer" daemon [_thread_blocked, id=1284, stack(0x00fe0000,0x01030000)]
  0x17c8a000 JavaThread "Reference Handler" daemon [_thread_blocked, id=7136, stack(0x17f20000,0x17f70000)]
=>0x00c5bc00 JavaThread "main" [_thread_in_native, id=7820, stack(0x00c60000,0x00cb0000)]

Other Threads:
  0x17c86000 VMThread [stack: 0x00f50000,0x00fa0000] [id=3744]
  0x17d25800 WatcherThread [stack: 0x18db0000,0x18e00000] [id=6136]

VM state:not at safepoint (normal execution)

VM Mutex/Monitor currently owned by a thread: None

Heap
 def new generation   total 4928K, used 987K [0x03c80000, 0x041d0000, 0x091d0000)
  eden space 4416K,  10% used [0x03c80000, 0x03cf6ff0, 0x040d0000)
  from space 512K, 100% used [0x04150000, 0x041d0000, 0x041d0000)
  to   space 512K,   0% used [0x040d0000, 0x040d0000, 0x04150000)
 tenured generation   total 10944K, used 768K [0x091d0000, 0x09c80000, 0x13c80000)
   the space 10944K,   7% used [0x091d0000, 0x09290150, 0x09290200, 0x09c80000)
 compacting perm gen  total 12288K, used 3328K [0x13c80000, 0x14880000, 0x17c80000)
   the space 12288K,  27% used [0x13c80000, 0x13fc0180, 0x13fc0200, 0x14880000)
No shared spaces configured.

Card table byte_map: [0x00db0000,0x00e60000] byte_map_base: 0x00d91c00

Polling page: 0x00390000

Code Cache  [0x01c80000, 0x01d40000, 0x03c80000)
 total_blobs=278 nmethods=69 adapters=152 free_code_cache=32021Kb largest_free_block=32789504

Compilation events (10 events):
Event: 1.294 Thread 0x17d11c00   64             java.io.BufferedInputStream::getBufIfOpen (21 bytes)
Event: 1.294 Thread 0x17d11c00 nmethod 64 0x01d31d88 code [0x01d31e90, 0x01d31f8c]
Event: 1.294 Thread 0x17d11c00   65  s          java.io.BufferedInputStream::read (49 bytes)
Event: 1.295 Thread 0x17d11c00 nmethod 65 0x01d32048 code [0x01d32170, 0x01d32468]
Event: 1.295 Thread 0x17d11c00   66             java.io.DataInputStream::readByte (23 bytes)
Event: 1.295 Thread 0x17d11c00 nmethod 66 0x01d32608 code [0x01d32720, 0x01d32848]
Event: 1.298 Thread 0x17d11c00    1 %           org.newdawn.slick.opengl.TGAImageData::loadImage @ 563 (1267 bytes)
Event: 1.306 Thread 0x17d11c00 nmethod 1% 0x01d32908 code [0x01d32ef0, 0x01d359dc]
Event: 1.309 Thread 0x17d11c00   68             java.nio.DirectByteBuffer::get (16 bytes)
Event: 1.309 Thread 0x17d11c00 nmethod 68 0x01d3a6c8 code [0x01d3a7c0, 0x01d3a860]

GC Heap History (2 events):
Event: 1.278 GC heap before
{Heap before GC invocations=0 (full 0):
 def new generation   total 4928K, used 4368K [0x03c80000, 0x041d0000, 0x091d0000)
  eden space 4416K,  98% used [0x03c80000, 0x040c4018, 0x040d0000)
  from space 512K,   0% used [0x040d0000, 0x040d0000, 0x04150000)
  to   space 512K,   0% used [0x04150000, 0x04150000, 0x041d0000)
 tenured generation   total 10944K, used 0K [0x091d0000, 0x09c80000, 0x13c80000)
   the space 10944K,   0% used [0x091d0000, 0x091d0000, 0x091d0200, 0x09c80000)
 compacting perm gen  total 12288K, used 3300K [0x13c80000, 0x14880000, 0x17c80000)
   the space 12288K,  26% used [0x13c80000, 0x13fb90a8, 0x13fb9200, 0x14880000)
No shared spaces configured.
Event: 1.285 GC heap after
Heap after GC invocations=1 (full 0):
 def new generation   total 4928K, used 512K [0x03c80000, 0x041d0000, 0x091d0000)
  eden space 4416K,   0% used [0x03c80000, 0x03c80000, 0x040d0000)
  from space 512K, 100% used [0x04150000, 0x041d0000, 0x041d0000)
  to   space 512K,   0% used [0x040d0000, 0x040d0000, 0x04150000)
 tenured generation   total 10944K, used 768K [0x091d0000, 0x09c80000, 0x13c80000)
   the space 10944K,   7% used [0x091d0000, 0x09290150, 0x09290200, 0x09c80000)
 compacting perm gen  total 12288K, used 3300K [0x13c80000, 0x14880000, 0x17c80000)
   the space 12288K,  26% used [0x13c80000, 0x13fb90a8, 0x13fb9200, 0x14880000)
No shared spaces configured.
}

Deoptimization events (0 events):
No events

Internal exceptions (10 events):
Event: 1.208 Thread 0x00c5bc00 Threw 0x04067988 at C:\jdk7u2_32P\jdk7u25\hotspot\src\share\vm\prims\jvm.cpp:1235
Event: 1.209 Thread 0x00c5bc00 Threw 0x0406fbc0 at C:\jdk7u2_32P\jdk7u25\hotspot\src\share\vm\prims\jvm.cpp:1235
Event: 1.210 Thread 0x00c5bc00 Threw 0x040738e0 at C:\jdk7u2_32P\jdk7u25\hotspot\src\share\vm\prims\jvm.cpp:1235
Event: 1.210 Thread 0x00c5bc00 Threw 0x04076718 at C:\jdk7u2_32P\jdk7u25\hotspot\src\share\vm\prims\jvm.cpp:1235
Event: 1.211 Thread 0x00c5bc00 Threw 0x04079f88 at C:\jdk7u2_32P\jdk7u25\hotspot\src\share\vm\prims\jvm.cpp:1235
Event: 1.211 Thread 0x00c5bc00 Threw 0x0407dbf8 at C:\jdk7u2_32P\jdk7u25\hotspot\src\share\vm\prims\jvm.cpp:1235
Event: 1.212 Thread 0x00c5bc00 Threw 0x040805e8 at C:\jdk7u2_32P\jdk7u25\hotspot\src\share\vm\prims\jvm.cpp:1235
Event: 1.277 Thread 0x00c5bc00 Threw 0x040ae430 at C:\jdk7u2_32P\jdk7u25\hotspot\src\share\vm\prims\jvm.cpp:1235
Event: 1.315 Thread 0x00c5bc00 Threw 0x03c992f0 at C:\jdk7u2_32P\jdk7u25\hotspot\src\share\vm\prims\jvm.cpp:1235
Event: 1.316 Thread 0x00c5bc00 Threw 0x03c9abd8 at C:\jdk7u2_32P\jdk7u25\hotspot\src\share\vm\prims\jvm.cpp:1235

Events (10 events):
Event: 1.278 Executing VM operation: GenCollectForAllocation
Event: 1.285 Executing VM operation: GenCollectForAllocation done
Event: 1.285 loading class 0x1b867d10
Event: 1.285 loading class 0x1b814100
Event: 1.293 loading class 0x1b814100 done
Event: 1.293 loading class 0x1b867d10 done
Event: 1.315 loading class 0x17d4a118
Event: 1.315 loading class 0x17d4a118 done
Event: 1.316 loading class 0x17e20730
Event: 1.316 loading class 0x17e20730 done


Dynamic libraries:
0x01040000 - 0x0106f000 	C:\Program Files\Java\jre7\bin\javaw.exe
0x77190000 - 0x772cc000 	C:\Windows\SYSTEM32\ntdll.dll
0x76920000 - 0x769f4000 	C:\Windows\system32\kernel32.dll
0x754d0000 - 0x7551b000 	C:\Windows\system32\KERNELBASE.dll
0x75090000 - 0x750fd000 	C:\Windows\System32\SYSFER.DLL
0x770f0000 - 0x77190000 	C:\Windows\system32\ADVAPI32.dll
0x76400000 - 0x764ac000 	C:\Windows\system32\msvcrt.dll
0x75550000 - 0x75569000 	C:\Windows\SYSTEM32\sechost.dll
0x762c0000 - 0x76362000 	C:\Windows\system32\RPCRT4.dll
0x765c0000 - 0x76689000 	C:\Windows\system32\USER32.dll
0x755c0000 - 0x7560e000 	C:\Windows\system32\GDI32.dll
0x772e0000 - 0x772ea000 	C:\Windows\system32\LPK.dll
0x76b90000 - 0x76c2d000 	C:\Windows\system32\USP10.dll
0x73ca0000 - 0x73e3e000 	C:\Windows\WinSxS\x86_microsoft.windows.common-controls_6595b64144ccf1df_6.0.7601.17514_none_41e6975e2bd6f2b2\COMCTL32.dll
0x76890000 - 0x768e7000 	C:\Windows\system32\SHLWAPI.dll
0x76a00000 - 0x76a1f000 	C:\Windows\system32\IMM32.DLL
0x772f0000 - 0x773bc000 	C:\Windows\system32\MSCTF.dll
0x68c70000 - 0x68d2e000 	C:\Program Files\Java\jre7\bin\msvcr100.dll
0x688a0000 - 0x68be2000 	C:\Program Files\Java\jre7\bin\client\jvm.dll
0x71ff0000 - 0x71ff7000 	C:\Windows\system32\WSOCK32.dll
0x76b50000 - 0x76b85000 	C:\Windows\system32\WS2_32.dll
0x772d0000 - 0x772d6000 	C:\Windows\system32\NSI.dll
0x733f0000 - 0x73422000 	C:\Windows\system32\WINMM.dll
0x75530000 - 0x75535000 	C:\Windows\system32\PSAPI.DLL
0x73110000 - 0x7311c000 	C:\Program Files\Java\jre7\bin\verify.dll
0x6b220000 - 0x6b240000 	C:\Program Files\Java\jre7\bin\java.dll
0x6b1b0000 - 0x6b1da000 	C:\Program Files\Java\jre7\bin\jdwp.dll
0x6c380000 - 0x6c387000 	C:\Program Files\Java\jre7\bin\npt.dll
0x6b240000 - 0x6b253000 	C:\Program Files\Java\jre7\bin\zip.dll
0x6bb40000 - 0x6bb48000 	C:\Program Files\Java\jre7\bin\dt_socket.dll
0x72b50000 - 0x72b60000 	C:\Windows\system32\NLAapi.dll
0x72200000 - 0x72210000 	C:\Windows\system32\napinsp.dll
0x721c0000 - 0x721d2000 	C:\Windows\system32\pnrpnsp.dll
0x74bf0000 - 0x74c2c000 	C:\Windows\System32\mswsock.dll
0x74a80000 - 0x74ac4000 	C:\Windows\system32\DNSAPI.dll
0x711e0000 - 0x711e8000 	C:\Windows\System32\winrnr.dll
0x723b0000 - 0x723d7000 	C:\Program Files\Common Files\Microsoft Shared\Windows Live\WLIDNSP.DLL
0x72380000 - 0x723a1000 	C:\Program Files\Bonjour\mdnsNSP.dll
0x72aa0000 - 0x72abc000 	C:\Windows\system32\Iphlpapi.DLL
0x72a90000 - 0x72a97000 	C:\Windows\system32\WINNSI.DLL
0x72a10000 - 0x72a48000 	C:\Windows\System32\fwpuclnt.dll
0x72370000 - 0x72376000 	C:\Windows\system32\rasadhlp.dll
0x74690000 - 0x746ab000 	C:\Program Files\Common Files\Netop\WebFilterLSP32.dll
0x76f90000 - 0x770ec000 	C:\Windows\system32\ole32.dll
0x764b0000 - 0x7653f000 	C:\Windows\system32\OLEAUT32.dll
0x74660000 - 0x74686000 	C:\Windows\system32\ATL100.DLL
0x74530000 - 0x74599000 	C:\Windows\system32\MSVCP100.dll
0x74520000 - 0x7452b000 	C:\Program Files\Common Files\Netop\WebFilterLogger32.dll
0x74510000 - 0x74515000 	C:\Windows\System32\wshtcpip.dll
0x75150000 - 0x7515c000 	C:\Windows\system32\CRYPTBASE.dll
0x742b0000 - 0x742f0000 	C:\Windows\system32\uxtheme.dll
0x76370000 - 0x763f3000 	C:\Windows\system32\CLBCatQ.DLL
0x72530000 - 0x7255c000 	C:\Program Files\Netop\Vision\Plugins\WebLock\WebFilterMgr32.dll
0x73890000 - 0x738bf000 	C:\Windows\system32\XmlLite.dll
0x744e0000 - 0x74501000 	C:\Windows\system32\ntmarta.dll
0x75570000 - 0x755b5000 	C:\Windows\system32\WLDAP32.dll
0x74c30000 - 0x74c46000 	C:\Windows\system32\CRYPTSP.dll
0x749a0000 - 0x749db000 	C:\Windows\system32\rsaenh.dll
0x751c0000 - 0x751ce000 	C:\Windows\system32\RpcRtRemote.dll
0x738c0000 - 0x738d3000 	C:\Windows\system32\dwmapi.dll
0x17e80000 - 0x17ecc000 	C:\Users\dmartin\Documents\GitHub\FloppyDiskMaster\lib\native-win\lwjgl.dll
0x6a670000 - 0x6a738000 	C:\Windows\system32\OPENGL32.dll
0x68c40000 - 0x68c62000 	C:\Windows\system32\GLU32.dll
0x686c0000 - 0x687a7000 	C:\Windows\system32\DDRAW.dll
0x6b1a0000 - 0x6b1a6000 	C:\Windows\system32\DCIMAN32.dll
0x76c30000 - 0x76dcd000 	C:\Windows\system32\SETUPAPI.dll
0x75330000 - 0x75357000 	C:\Windows\system32\CFGMGR32.dll
0x75380000 - 0x75392000 	C:\Windows\system32\DEVOBJ.dll
0x74450000 - 0x74459000 	C:\Windows\system32\VERSION.dll
0x19160000 - 0x19c03000 	C:\Windows\system32\ig4icd32.dll
0x67de0000 - 0x67e59000 	C:\Windows\system32\mscms.dll
0x74770000 - 0x74787000 	C:\Windows\system32\USERENV.dll
0x751d0000 - 0x751db000 	C:\Windows\system32\profapi.dll
0x68c00000 - 0x68c38000 	C:\Windows\system32\icm32.dll
0x6b1e0000 - 0x6b1f4000 	C:\Program Files\Java\jre7\bin\net.dll
0x74be0000 - 0x74be6000 	C:\Windows\System32\wship6.dll
0x73100000 - 0x7310f000 	C:\Program Files\Java\jre7\bin\nio.dll
0x6cef0000 - 0x6cfdb000 	C:\Windows\system32\dbghelp.dll

VM Arguments:
jvm_args: -agentlib:jdwp=transport=dt_socket,suspend=y,address=localhost:51491 -Djava.library.path=C:\Users\dmartin\Documents\GitHub\FloppyDiskMaster\lib\native-win -Dfile.encoding=Cp1252 
java_command: Engine
Launcher Type: SUN_STANDARD

Environment Variables:
PATH=C:/Program Files/Java/jre7/bin/client;C:/Program Files/Java/jre7/bin;C:/Program Files/Java/jre7/lib/i386;C:\Program Files\Common Files\Microsoft Shared\Windows Live;C:\Windows\system32;C:\Windows;C:\Windows\System32\Wbem;C:\Windows\System32\WindowsPowerShell\v1.0\;c:\Program Files\Hewlett-Packard\Drive Encryption\;c:\Program Files\Microsoft SQL Server\100\Tools\Binn\;c:\Program Files\Microsoft SQL Server\100\DTS\Binn\;C:\Program Files\Common Files\Netop\;C:\Program Files\Netop\Vision\XL\;"C:\program files\java\jdk1.7.0_06\bin";C:\Program Files\Windows Live\Shared;C:\Program Files\Windows Kits\8.0\Windows Performance Toolkit\;C:\Program Files\Microsoft SQL Server\110\Tools\Binn\;C:\Users\dmartin\Desktop\eclipse;
USERNAME=dmartin
OS=Windows_NT
PROCESSOR_IDENTIFIER=x86 Family 6 Model 37 Stepping 5, GenuineIntel



---------------  S Y S T E M  ---------------

OS: Windows 7 Build 7601 Service Pack 1

CPU:total 4 (2 cores per cpu, 2 threads per core) family 6 model 37 stepping 5, cmov, cx8, fxsr, mmx, sse, sse2, sse3, ssse3, sse4.1, sse4.2, popcnt, ht, tsc, tscinvbit

Memory: 4k page, physical 3202164k(1743684k free), swap 6402576k(4638236k free)

vm_info: Java HotSpot(TM) Client VM (23.25-b01) for windows-x86 JRE (1.7.0_25-b17), built on Jun 21 2013 13:06:48 by "java_re" with unknown MS VC++:1600

time: Tue Sep 24 11:19:51 2013
elapsed time: 1 seconds

