#
# A fatal error has been detected by the Java Runtime Environment:
#
#  EXCEPTION_ACCESS_VIOLATION (0xc0000005) at pc=0x045a334e, pid=5352, tid=2340
#
# JRE version: 7.0_25-b17
# Java VM: Java HotSpot(TM) Client VM (23.25-b01 mixed mode, sharing windows-x86 )
# Problematic frame:
# C  [ig4icd32.dll+0x13334e]
#
# Failed to write core dump. Minidumps are not enabled by default on client versions of Windows
#
# If you would like to submit a bug report, please visit:
#   http://bugreport.sun.com/bugreport/crash.jsp
# The crash happened outside the Java Virtual Machine in native code.
# See problematic frame for where to report the bug.
#

---------------  T H R E A D  ---------------

Current thread (0x005ab400):  JavaThread "main" [_thread_in_native, id=2340, stack(0x00900000,0x00950000)]

siginfo: ExceptionCode=0xc0000005, reading address 0x00000014

Registers:
EAX=0x00000000, EBX=0x003e23e8, ECX=0x00000001, EDX=0x00000001
ESP=0x0094f1f0, EBP=0x0000000f, ESI=0x05dc50d8, EDI=0x05e6af44
EIP=0x045a334e, EFLAGS=0x00010202

Top of Stack: (sp=0x0094f1f0)
0x0094f1f0:   05dcd0a8 00000000 ffffffff 00000004
0x0094f200:   05e6abc8 044a5a26 003e23e8 0000064c
0x0094f210:   00000000 ffffffff 044b295e 003e23e8
0x0094f220:   003e18d8 003ddce0 0094f350 00000000
0x0094f230:   04723b79 7ff50000 005abb4c 6846b900
0x0094f240:   0094f357 005ab400 005ab838 685c89d4
0x0094f250:   0094f280 00000000 00000050 0000003f
0x0094f260:   00000000 00000000 00000000 00000000 

Instructions: (pc=0x045a334e)
0x045a332e:   90 c0 00 f7 e1 8b c1 2b c2 d1 e8 03 c2 c1 e8 09
0x045a333e:   69 c0 fd 03 00 00 8b d1 2b d0 8b 83 18 7e 00 00
0x045a334e:   8b 40 14 8b 04 90 85 c0 74 1c 39 48 04 74 08 8b
0x045a335e:   00 85 c0 75 f5 eb 0f 83 46 0c ff 75 09 8b d6 8b 


Register to memory mapping:

EAX=0x00000000 is an unknown value
EBX=0x003e23e8 is an unknown value
ECX=0x00000001 is an unknown value
EDX=0x00000001 is an unknown value
ESP=0x0094f1f0 is pointing into the stack for thread: 0x005ab400
EBP=0x0000000f is an unknown value
ESI=0x05dc50d8 is an unknown value
EDI=0x05e6af44 is an unknown value


Stack: [0x00900000,0x00950000],  sp=0x0094f1f0,  free space=316k
Native frames: (J=compiled Java code, j=interpreted, Vv=VM code, C=native code)
C  [ig4icd32.dll+0x13334e]

Java frames: (J=compiled Java code, j=interpreted, Vv=VM code)
j  org.lwjgl.opengl.WindowsContextImplementation.nDestroy(Ljava/nio/ByteBuffer;)V+0
j  org.lwjgl.opengl.WindowsContextImplementation.destroy(Lorg/lwjgl/opengl/PeerInfo;Ljava/nio/ByteBuffer;)V+1
j  org.lwjgl.opengl.ContextGL.checkDestroy()V+29
j  org.lwjgl.opengl.ContextGL.destroy()V+48
j  org.lwjgl.opengl.ContextGL.forceDestroy()V+5
j  org.lwjgl.opengl.DrawableGL.destroy()V+24
j  org.lwjgl.opengl.Display$5.destroy()V+19
j  org.lwjgl.opengl.Display.destroy()V+9
j  CWindow.WindowLoop()V+79
j  CWindow.Think()V+1
j  Engine.Mainloop()V+12
j  Engine.Engine_Start()V+12
j  Engine.main([Ljava/lang/String;)V+0
v  ~StubRoutines::call_stub

---------------  P R O C E S S  ---------------

Java Threads: ( => current thread )
  0x00e07c00 JavaThread "Service Thread" daemon [_thread_blocked, id=6888, stack(0x010c0000,0x01110000)]
  0x00e03800 JavaThread "C1 CompilerThread0" daemon [_thread_blocked, id=1320, stack(0x01050000,0x010a0000)]
  0x00e02400 JavaThread "Attach Listener" daemon [_thread_blocked, id=2116, stack(0x01270000,0x012c0000)]
  0x00dfc000 JavaThread "Signal Dispatcher" daemon [_thread_blocked, id=120, stack(0x011e0000,0x01230000)]
  0x00de4000 JavaThread "Finalizer" daemon [_thread_blocked, id=4668, stack(0x01130000,0x01180000)]
  0x00de2400 JavaThread "Reference Handler" daemon [_thread_blocked, id=3316, stack(0x00fc0000,0x01010000)]
=>0x005ab400 JavaThread "main" [_thread_in_native, id=2340, stack(0x00900000,0x00950000)]

Other Threads:
  0x00de1000 VMThread [stack: 0x00f60000,0x00fb0000] [id=5380]
  0x00e12400 WatcherThread [stack: 0x012c0000,0x01310000] [id=3012]

VM state:not at safepoint (normal execution)

VM Mutex/Monitor currently owned by a thread: None

Heap
 def new generation   total 4928K, used 4273K [0x23980000, 0x23ed0000, 0x28ed0000)
  eden space 4416K,  96% used [0x23980000, 0x23dac7b8, 0x23dd0000)
  from space 512K,   0% used [0x23dd0000, 0x23dd0000, 0x23e50000)
  to   space 512K,   0% used [0x23e50000, 0x23e50000, 0x23ed0000)
 tenured generation   total 10944K, used 0K [0x28ed0000, 0x29980000, 0x33980000)
   the space 10944K,   0% used [0x28ed0000, 0x28ed0000, 0x28ed0200, 0x29980000)
 compacting perm gen  total 12288K, used 1222K [0x33980000, 0x34580000, 0x37980000)
   the space 12288K,   9% used [0x33980000, 0x33ab1990, 0x33ab1a00, 0x34580000)
    ro space 10240K,  42% used [0x37980000, 0x37dc4240, 0x37dc4400, 0x38380000)
    rw space 12288K,  54% used [0x38380000, 0x38a04d58, 0x38a04e00, 0x38f80000)

Card table byte_map: [0x00e30000,0x00ee0000] byte_map_base: 0x00d13400

Polling page: 0x00570000

Code Cache  [0x01fd0000, 0x02090000, 0x03fd0000)
 total_blobs=323 nmethods=106 adapters=152 free_code_cache=32005Kb largest_free_block=32773376

Compilation events (10 events):
Event: 1.251 Thread 0x00e03800  100             org.lwjgl.opengl.GL30::glBindVertexArray (24 bytes)
Event: 1.251 Thread 0x00e03800 nmethod 100 0x0208d6c8 code [0x0208d810, 0x0208da5c]
Event: 1.251 Thread 0x00e03800  101             org.lwjgl.opengl.StateTracker::bindVAO (39 bytes)
Event: 1.252 Thread 0x00e03800 nmethod 101 0x0208dd08 code [0x0208de30, 0x0208df88]
Event: 1.252 Thread 0x00e03800  102             org.lwjgl.opengl.FastIntMap::containsKey (37 bytes)
Event: 1.252 Thread 0x00e03800 nmethod 102 0x0208e208 code [0x0208e310, 0x0208e3f0]
Event: 1.253 Thread 0x00e03800  104             CEngineModule::Think (1 bytes)
Event: 1.253 Thread 0x00e03800 nmethod 104 0x0208e788 code [0x0208e880, 0x0208e900]
Event: 1.742 Thread 0x00e03800  105             java.lang.ref.Reference::get (5 bytes)
Event: 1.742 Thread 0x00e03800 nmethod 105 0x0208e948 code [0x0208ea40, 0x0208eac0]

GC Heap History (0 events):
No events

Deoptimization events (0 events):
No events

Internal exceptions (10 events):
Event: 0.307 Thread 0x005ab400 Threw 0x23cc0aa0 at C:\jdk7u2_32P\jdk7u25\hotspot\src\share\vm\prims\jvm.cpp:1235
Event: 0.307 Thread 0x005ab400 Threw 0x23cc3490 at C:\jdk7u2_32P\jdk7u25\hotspot\src\share\vm\prims\jvm.cpp:1235
Event: 0.326 Thread 0x005ab400 Threw 0x23cda898 at C:\jdk7u2_32P\jdk7u25\hotspot\src\share\vm\prims\jvm.cpp:1235
Event: 0.343 Thread 0x005ab400 Threw 0x23ce31f0 at C:\jdk7u2_32P\jdk7u25\hotspot\src\share\vm\prims\jvm.cpp:1235
Event: 0.348 Thread 0x005ab400 Threw 0x23ceba28 at C:\jdk7u2_32P\jdk7u25\hotspot\src\share\vm\prims\jvm.cpp:1235
Event: 0.349 Thread 0x005ab400 Threw 0x23cecf08 at C:\jdk7u2_32P\jdk7u25\hotspot\src\share\vm\prims\jvm.cpp:1235
Event: 0.349 Thread 0x005ab400 Threw 0x23cefdd8 at C:\jdk7u2_32P\jdk7u25\hotspot\src\share\vm\prims\jvm.cpp:1235
Event: 0.353 Thread 0x005ab400 Threw 0x23d78978 at C:\jdk7u2_32P\jdk7u25\hotspot\src\share\vm\prims\jvm.cpp:1235
Event: 0.354 Thread 0x005ab400 Threw 0x23d7b470 at C:\jdk7u2_32P\jdk7u25\hotspot\src\share\vm\prims\jvm.cpp:1235
Event: 0.361 Thread 0x005ab400 Threw 0x23d90910 at C:\jdk7u2_32P\jdk7u25\hotspot\src\share\vm\prims\jvm.cpp:1235

Events (10 events):
Event: 0.349 loading class 0x04099e88
Event: 0.349 loading class 0x04099e88 done
Event: 0.349 loading class 0x0401fb10
Event: 0.349 loading class 0x0401fb10 done
Event: 0.353 loading class 0x040999c8
Event: 0.353 loading class 0x040999c8 done
Event: 0.354 loading class 0x04197b40
Event: 0.354 loading class 0x04197b40 done
Event: 0.361 loading class 0x04197a20
Event: 0.361 loading class 0x04197a20 done


Dynamic libraries:
0x01390000 - 0x013bf000 	C:\Program Files\Java\jre7\bin\javaw.exe
0x77190000 - 0x772cc000 	C:\Windows\SYSTEM32\ntdll.dll
0x76920000 - 0x769f4000 	C:\Windows\system32\kernel32.dll
0x754d0000 - 0x7551b000 	C:\Windows\system32\KERNELBASE.dll
0x75090000 - 0x750fd000 	C:\Windows\System32\SYSFER.DLL
0x770f0000 - 0x77190000 	C:\Windows\system32\ADVAPI32.dll
0x76400000 - 0x764ac000 	C:\Windows\system32\msvcrt.dll
0x75550000 - 0x75569000 	C:\Windows\SYSTEM32\sechost.dll
0x762c0000 - 0x76362000 	C:\Windows\system32\RPCRT4.dll
0x765c0000 - 0x76689000 	C:\Windows\system32\USER32.dll
0x755c0000 - 0x7560e000 	C:\Windows\system32\GDI32.dll
0x772e0000 - 0x772ea000 	C:\Windows\system32\LPK.dll
0x76b90000 - 0x76c2d000 	C:\Windows\system32\USP10.dll
0x73ca0000 - 0x73e3e000 	C:\Windows\WinSxS\x86_microsoft.windows.common-controls_6595b64144ccf1df_6.0.7601.17514_none_41e6975e2bd6f2b2\COMCTL32.dll
0x76890000 - 0x768e7000 	C:\Windows\system32\SHLWAPI.dll
0x76a00000 - 0x76a1f000 	C:\Windows\system32\IMM32.DLL
0x772f0000 - 0x773bc000 	C:\Windows\system32\MSCTF.dll
0x687e0000 - 0x6889e000 	C:\Program Files\Java\jre7\bin\msvcr100.dll
0x68360000 - 0x686a2000 	C:\Program Files\Java\jre7\bin\client\jvm.dll
0x71ff0000 - 0x71ff7000 	C:\Windows\system32\WSOCK32.dll
0x76b50000 - 0x76b85000 	C:\Windows\system32\WS2_32.dll
0x772d0000 - 0x772d6000 	C:\Windows\system32\NSI.dll
0x733f0000 - 0x73422000 	C:\Windows\system32\WINMM.dll
0x75530000 - 0x75535000 	C:\Windows\system32\PSAPI.DLL
0x72980000 - 0x7298c000 	C:\Program Files\Java\jre7\bin\verify.dll
0x72960000 - 0x72980000 	C:\Program Files\Java\jre7\bin\java.dll
0x72940000 - 0x72953000 	C:\Program Files\Java\jre7\bin\zip.dll
0x10000000 - 0x1004c000 	C:\Users\dmartin\Documents\GitHub\FloppyDiskMaster\lib\native-win\lwjgl.dll
0x68710000 - 0x687d8000 	C:\Windows\system32\OPENGL32.dll
0x728f0000 - 0x72912000 	C:\Windows\system32\GLU32.dll
0x674f0000 - 0x675d7000 	C:\Windows\system32\DDRAW.dll
0x733d0000 - 0x733d6000 	C:\Windows\system32\DCIMAN32.dll
0x76c30000 - 0x76dcd000 	C:\Windows\system32\SETUPAPI.dll
0x75330000 - 0x75357000 	C:\Windows\system32\CFGMGR32.dll
0x764b0000 - 0x7653f000 	C:\Windows\system32\OLEAUT32.dll
0x76f90000 - 0x770ec000 	C:\Windows\system32\ole32.dll
0x75380000 - 0x75392000 	C:\Windows\system32\DEVOBJ.dll
0x738c0000 - 0x738d3000 	C:\Windows\system32\dwmapi.dll
0x74450000 - 0x74459000 	C:\Windows\system32\VERSION.dll
0x742b0000 - 0x742f0000 	C:\Windows\system32\uxtheme.dll
0x04470000 - 0x04f13000 	C:\Windows\system32\ig4icd32.dll
0x75150000 - 0x7515c000 	C:\Windows\system32\CRYPTBASE.dll
0x67de0000 - 0x67e59000 	C:\Windows\system32\mscms.dll
0x74770000 - 0x74787000 	C:\Windows\system32\USERENV.dll
0x751d0000 - 0x751db000 	C:\Windows\system32\profapi.dll
0x72840000 - 0x72878000 	C:\Windows\system32\icm32.dll
0x72920000 - 0x72934000 	C:\Program Files\Java\jre7\bin\net.dll
0x74bf0000 - 0x74c2c000 	C:\Windows\system32\mswsock.dll
0x74be0000 - 0x74be6000 	C:\Windows\System32\wship6.dll
0x733e0000 - 0x733ef000 	C:\Program Files\Java\jre7\bin\nio.dll
0x6cef0000 - 0x6cfdb000 	C:\Windows\system32\dbghelp.dll

VM Arguments:
jvm_args: -Djava.library.path=C:\Users\dmartin\Documents\GitHub\FloppyDiskMaster\lib\native-win -Dfile.encoding=Cp1252 
java_command: Engine
Launcher Type: SUN_STANDARD

Environment Variables:
PATH=C:/Program Files/Java/jre7/bin/client;C:/Program Files/Java/jre7/bin;C:/Program Files/Java/jre7/lib/i386;C:\Program Files\Common Files\Microsoft Shared\Windows Live;C:\Windows\system32;C:\Windows;C:\Windows\System32\Wbem;C:\Windows\System32\WindowsPowerShell\v1.0\;c:\Program Files\Hewlett-Packard\Drive Encryption\;c:\Program Files\Microsoft SQL Server\100\Tools\Binn\;c:\Program Files\Microsoft SQL Server\100\DTS\Binn\;C:\Program Files\Common Files\Netop\;C:\Program Files\Netop\Vision\XL\;"C:\program files\java\jdk1.7.0_06\bin";C:\Program Files\Windows Live\Shared;C:\Program Files\Windows Kits\8.0\Windows Performance Toolkit\;C:\Program Files\Microsoft SQL Server\110\Tools\Binn\;C:\Users\dmartin\Desktop\eclipse;
USERNAME=dmartin
OS=Windows_NT
PROCESSOR_IDENTIFIER=x86 Family 6 Model 37 Stepping 5, GenuineIntel



---------------  S Y S T E M  ---------------

OS: Windows 7 Build 7601 Service Pack 1

CPU:total 4 (2 cores per cpu, 2 threads per core) family 6 model 37 stepping 5, cmov, cx8, fxsr, mmx, sse, sse2, sse3, ssse3, sse4.1, sse4.2, popcnt, ht, tsc, tscinvbit

Memory: 4k page, physical 3202164k(1179956k free), swap 6402576k(4006760k free)

vm_info: Java HotSpot(TM) Client VM (23.25-b01) for windows-x86 JRE (1.7.0_25-b17), built on Jun 21 2013 13:06:48 by "java_re" with unknown MS VC++:1600

time: Tue Sep 24 12:22:50 2013
elapsed time: 2 seconds

