#
# A fatal error has been detected by the Java Runtime Environment:
#
#  EXCEPTION_ACCESS_VIOLATION (0xc0000005) at pc=0x0472334e, pid=6692, tid=7060
#
# JRE version: 7.0_25-b17
# Java VM: Java HotSpot(TM) Client VM (23.25-b01 mixed mode, sharing windows-x86 )
# Problematic frame:
# C  [ig4icd32.dll+0x13334e]
#
# Failed to write core dump. Minidumps are not enabled by default on client versions of Windows
#
# If you would like to submit a bug report, please visit:
#   http://bugreport.sun.com/bugreport/crash.jsp
# The crash happened outside the Java Virtual Machine in native code.
# See problematic frame for where to report the bug.
#

---------------  T H R E A D  ---------------

Current thread (0x01a9b400):  JavaThread "main" [_thread_in_native, id=7060, stack(0x019f0000,0x01a40000)]

siginfo: ExceptionCode=0xc0000005, reading address 0x00000014

Registers:
EAX=0x00000000, EBX=0x003f23e8, ECX=0x00000001, EDX=0x00000001
ESP=0x01a3f340, EBP=0x0000001f, ESI=0x05db5168, EDI=0x05e5ac04
EIP=0x0472334e, EFLAGS=0x00010202

Top of Stack: (sp=0x01a3f340)
0x01a3f340:   05dbd0a8 00000000 ffffffff 00000004
0x01a3f350:   05e5abc8 04625a26 003f23e8 0000064c
0x01a3f360:   00000000 ffffffff 0463295e 003f23e8
0x01a3f370:   003f18d8 003edce0 01a3f4a0 00000000
0x01a3f380:   048a3b79 7ff50000 01a9bb4c 6846b900
0x01a3f390:   01a3f4a7 01a9b400 01a9b838 685c89d4
0x01a3f3a0:   01a3f3d0 00000000 00000050 0000003f
0x01a3f3b0:   00000000 00000000 00000000 00000000 

Instructions: (pc=0x0472334e)
0x0472332e:   90 c0 00 f7 e1 8b c1 2b c2 d1 e8 03 c2 c1 e8 09
0x0472333e:   69 c0 fd 03 00 00 8b d1 2b d0 8b 83 18 7e 00 00
0x0472334e:   8b 40 14 8b 04 90 85 c0 74 1c 39 48 04 74 08 8b
0x0472335e:   00 85 c0 75 f5 eb 0f 83 46 0c ff 75 09 8b d6 8b 


Register to memory mapping:

EAX=0x00000000 is an unknown value
EBX=0x003f23e8 is an unknown value
ECX=0x00000001 is an unknown value
EDX=0x00000001 is an unknown value
ESP=0x01a3f340 is pointing into the stack for thread: 0x01a9b400
EBP=0x0000001f is an unknown value
ESI=0x05db5168 is an unknown value
EDI=0x05e5ac04 is an unknown value


Stack: [0x019f0000,0x01a40000],  sp=0x01a3f340,  free space=316k
Native frames: (J=compiled Java code, j=interpreted, Vv=VM code, C=native code)
C  [ig4icd32.dll+0x13334e]

Java frames: (J=compiled Java code, j=interpreted, Vv=VM code)
j  org.lwjgl.opengl.WindowsContextImplementation.nDestroy(Ljava/nio/ByteBuffer;)V+0
j  org.lwjgl.opengl.WindowsContextImplementation.destroy(Lorg/lwjgl/opengl/PeerInfo;Ljava/nio/ByteBuffer;)V+1
j  org.lwjgl.opengl.ContextGL.checkDestroy()V+29
j  org.lwjgl.opengl.ContextGL.destroy()V+48
j  org.lwjgl.opengl.ContextGL.forceDestroy()V+5
j  org.lwjgl.opengl.DrawableGL.destroy()V+24
j  org.lwjgl.opengl.Display$5.destroy()V+19
j  org.lwjgl.opengl.Display.destroy()V+9
j  CWindow.WindowLoop()V+79
j  CWindow.Think()V+1
j  Engine.Mainloop()V+12
j  Engine.Engine_Start()V+12
j  Engine.main([Ljava/lang/String;)V+0
v  ~StubRoutines::call_stub

---------------  P R O C E S S  ---------------

Java Threads: ( => current thread )
  0x01994800 JavaThread "Service Thread" daemon [_thread_blocked, id=7632, stack(0x03cd0000,0x03d20000)]
  0x01993800 JavaThread "C1 CompilerThread0" daemon [_thread_blocked, id=6132, stack(0x04000000,0x04050000)]
  0x01992400 JavaThread "Attach Listener" daemon [_thread_blocked, id=6860, stack(0x03fa0000,0x03ff0000)]
  0x0198c000 JavaThread "Signal Dispatcher" daemon [_thread_blocked, id=4892, stack(0x03f30000,0x03f80000)]
  0x01974000 JavaThread "Finalizer" daemon [_thread_blocked, id=4208, stack(0x03ea0000,0x03ef0000)]
  0x01972400 JavaThread "Reference Handler" daemon [_thread_blocked, id=6400, stack(0x01c00000,0x01c50000)]
=>0x01a9b400 JavaThread "main" [_thread_in_native, id=7060, stack(0x019f0000,0x01a40000)]

Other Threads:
  0x01971000 VMThread [stack: 0x03d30000,0x03d80000] [id=6052]
  0x019a2400 WatcherThread [stack: 0x040b0000,0x04100000] [id=7048]

VM state:not at safepoint (normal execution)

VM Mutex/Monitor currently owned by a thread: None

Heap
 def new generation   total 4928K, used 4416K [0x23980000, 0x23ed0000, 0x28ed0000)
  eden space 4416K, 100% used [0x23980000, 0x23dd0000, 0x23dd0000)
  from space 512K,   0% used [0x23dd0000, 0x23dd0000, 0x23e50000)
  to   space 512K,   0% used [0x23e50000, 0x23e50000, 0x23ed0000)
 tenured generation   total 10944K, used 0K [0x28ed0000, 0x29980000, 0x33980000)
   the space 10944K,   0% used [0x28ed0000, 0x28ed0000, 0x28ed0200, 0x29980000)
 compacting perm gen  total 12288K, used 1249K [0x33980000, 0x34580000, 0x37980000)
   the space 12288K,  10% used [0x33980000, 0x33ab8760, 0x33ab8800, 0x34580000)
    ro space 10240K,  42% used [0x37980000, 0x37dc4240, 0x37dc4400, 0x38380000)
    rw space 12288K,  54% used [0x38380000, 0x38a04d58, 0x38a04e00, 0x38f80000)

Card table byte_map: [0x01aa0000,0x01b50000] byte_map_base: 0x01983400

Polling page: 0x00150000

Code Cache  [0x01cc0000, 0x01d80000, 0x03cc0000)
 total_blobs=306 nmethods=89 adapters=152 free_code_cache=32021Kb largest_free_block=32789504

Compilation events (10 events):
Event: 0.820 Thread 0x01993800   83             java.nio.Buffer::discardMark (6 bytes)
Event: 0.820 Thread 0x01993800 nmethod 83 0x01d79c48 code [0x01d79d40, 0x01d79dc0]
Event: 0.821 Thread 0x01993800   84   !         org.lwjgl.opengl.Display::isCreated (17 bytes)
Event: 0.821 Thread 0x01993800 nmethod 84 0x01d79e08 code [0x01d79f00, 0x01d7a090]
Event: 0.875 Thread 0x01993800   85             java.nio.Buffer::limit (5 bytes)
Event: 0.875 Thread 0x01993800 nmethod 85 0x01d7a148 code [0x01d7a240, 0x01d7a2c0]
Event: 0.893 Thread 0x01993800   87             java.nio.DirectIntBufferU::get (16 bytes)
Event: 0.894 Thread 0x01993800 nmethod 87 0x01d7a588 code [0x01d7a680, 0x01d7a720]
Event: 0.945 Thread 0x01993800   88   !         org.lwjgl.opengl.Display::isFullscreen (34 bytes)
Event: 0.945 Thread 0x01993800 nmethod 88 0x01d7a7c8 code [0x01d7a8d0, 0x01d7ab10]

GC Heap History (0 events):
No events

Deoptimization events (0 events):
No events

Internal exceptions (10 events):
Event: 0.340 Thread 0x01a9b400 Threw 0x23cfb6e0 at C:\jdk7u2_32P\jdk7u25\hotspot\src\share\vm\prims\jvm.cpp:1235
Event: 0.340 Thread 0x01a9b400 Threw 0x23cff200 at C:\jdk7u2_32P\jdk7u25\hotspot\src\share\vm\prims\jvm.cpp:1235
Event: 0.341 Thread 0x01a9b400 Threw 0x23d01bf0 at C:\jdk7u2_32P\jdk7u25\hotspot\src\share\vm\prims\jvm.cpp:1235
Event: 0.358 Thread 0x01a9b400 Threw 0x23d191a8 at C:\jdk7u2_32P\jdk7u25\hotspot\src\share\vm\prims\jvm.cpp:1235
Event: 0.374 Thread 0x01a9b400 Threw 0x23d21b10 at C:\jdk7u2_32P\jdk7u25\hotspot\src\share\vm\prims\jvm.cpp:1235
Event: 0.379 Thread 0x01a9b400 Threw 0x23d2a4c8 at C:\jdk7u2_32P\jdk7u25\hotspot\src\share\vm\prims\jvm.cpp:1235
Event: 0.380 Thread 0x01a9b400 Threw 0x23d2b9a8 at C:\jdk7u2_32P\jdk7u25\hotspot\src\share\vm\prims\jvm.cpp:1235
Event: 0.381 Thread 0x01a9b400 Threw 0x23d2e6c8 at C:\jdk7u2_32P\jdk7u25\hotspot\src\share\vm\prims\jvm.cpp:1235
Event: 0.384 Thread 0x01a9b400 Threw 0x23db7298 at C:\jdk7u2_32P\jdk7u25\hotspot\src\share\vm\prims\jvm.cpp:1235
Event: 0.384 Thread 0x01a9b400 Threw 0x23db9d90 at C:\jdk7u2_32P\jdk7u25\hotspot\src\share\vm\prims\jvm.cpp:1235

Events (10 events):
Event: 0.379 loading class 0x019bcd78
Event: 0.379 loading class 0x019bcd78 done
Event: 0.380 loading class 0x041cb568
Event: 0.380 loading class 0x041cb568 done
Event: 0.380 loading class 0x041544a8
Event: 0.380 loading class 0x041544a8 done
Event: 0.384 loading class 0x041cafe8
Event: 0.384 loading class 0x041cafe8 done
Event: 0.384 loading class 0x042cb998
Event: 0.384 loading class 0x042cb998 done


Dynamic libraries:
0x01380000 - 0x013af000 	C:\Program Files\Java\jre7\bin\javaw.exe
0x77190000 - 0x772cc000 	C:\Windows\SYSTEM32\ntdll.dll
0x76920000 - 0x769f4000 	C:\Windows\system32\kernel32.dll
0x754d0000 - 0x7551b000 	C:\Windows\system32\KERNELBASE.dll
0x75090000 - 0x750fd000 	C:\Windows\System32\SYSFER.DLL
0x770f0000 - 0x77190000 	C:\Windows\system32\ADVAPI32.dll
0x76400000 - 0x764ac000 	C:\Windows\system32\msvcrt.dll
0x75550000 - 0x75569000 	C:\Windows\SYSTEM32\sechost.dll
0x762c0000 - 0x76362000 	C:\Windows\system32\RPCRT4.dll
0x765c0000 - 0x76689000 	C:\Windows\system32\USER32.dll
0x755c0000 - 0x7560e000 	C:\Windows\system32\GDI32.dll
0x772e0000 - 0x772ea000 	C:\Windows\system32\LPK.dll
0x76b90000 - 0x76c2d000 	C:\Windows\system32\USP10.dll
0x73ca0000 - 0x73e3e000 	C:\Windows\WinSxS\x86_microsoft.windows.common-controls_6595b64144ccf1df_6.0.7601.17514_none_41e6975e2bd6f2b2\COMCTL32.dll
0x76890000 - 0x768e7000 	C:\Windows\system32\SHLWAPI.dll
0x76a00000 - 0x76a1f000 	C:\Windows\system32\IMM32.DLL
0x772f0000 - 0x773bc000 	C:\Windows\system32\MSCTF.dll
0x68940000 - 0x689fe000 	C:\Program Files\Java\jre7\bin\msvcr100.dll
0x68360000 - 0x686a2000 	C:\Program Files\Java\jre7\bin\client\jvm.dll
0x71ff0000 - 0x71ff7000 	C:\Windows\system32\WSOCK32.dll
0x76b50000 - 0x76b85000 	C:\Windows\system32\WS2_32.dll
0x772d0000 - 0x772d6000 	C:\Windows\system32\NSI.dll
0x733f0000 - 0x73422000 	C:\Windows\system32\WINMM.dll
0x75530000 - 0x75535000 	C:\Windows\system32\PSAPI.DLL
0x72980000 - 0x7298c000 	C:\Program Files\Java\jre7\bin\verify.dll
0x72960000 - 0x72980000 	C:\Program Files\Java\jre7\bin\java.dll
0x72940000 - 0x72953000 	C:\Program Files\Java\jre7\bin\zip.dll
0x10000000 - 0x1004c000 	C:\Users\dmartin\Documents\GitHub\FloppyDiskMaster\lib\native-win\lwjgl.dll
0x68870000 - 0x68938000 	C:\Windows\system32\OPENGL32.dll
0x72850000 - 0x72872000 	C:\Windows\system32\GLU32.dll
0x68780000 - 0x68867000 	C:\Windows\system32\DDRAW.dll
0x729a0000 - 0x729a6000 	C:\Windows\system32\DCIMAN32.dll
0x76c30000 - 0x76dcd000 	C:\Windows\system32\SETUPAPI.dll
0x75330000 - 0x75357000 	C:\Windows\system32\CFGMGR32.dll
0x764b0000 - 0x7653f000 	C:\Windows\system32\OLEAUT32.dll
0x76f90000 - 0x770ec000 	C:\Windows\system32\ole32.dll
0x75380000 - 0x75392000 	C:\Windows\system32\DEVOBJ.dll
0x738c0000 - 0x738d3000 	C:\Windows\system32\dwmapi.dll
0x74450000 - 0x74459000 	C:\Windows\system32\VERSION.dll
0x742b0000 - 0x742f0000 	C:\Windows\system32\uxtheme.dll
0x045f0000 - 0x05093000 	C:\Windows\system32\ig4icd32.dll
0x75150000 - 0x7515c000 	C:\Windows\system32\CRYPTBASE.dll
0x67de0000 - 0x67e59000 	C:\Windows\system32\mscms.dll
0x74770000 - 0x74787000 	C:\Windows\system32\USERENV.dll
0x751d0000 - 0x751db000 	C:\Windows\system32\profapi.dll
0x6b740000 - 0x6b778000 	C:\Windows\system32\icm32.dll
0x72920000 - 0x72934000 	C:\Program Files\Java\jre7\bin\net.dll
0x74bf0000 - 0x74c2c000 	C:\Windows\system32\mswsock.dll
0x74be0000 - 0x74be6000 	C:\Windows\System32\wship6.dll
0x733e0000 - 0x733ef000 	C:\Program Files\Java\jre7\bin\nio.dll
0x6cef0000 - 0x6cfdb000 	C:\Windows\system32\dbghelp.dll

VM Arguments:
jvm_args: -Djava.library.path=C:\Users\dmartin\Documents\GitHub\FloppyDiskMaster\lib\native-win -Dfile.encoding=Cp1252 
java_command: Engine
Launcher Type: SUN_STANDARD

Environment Variables:
PATH=C:/Program Files/Java/jre7/bin/client;C:/Program Files/Java/jre7/bin;C:/Program Files/Java/jre7/lib/i386;C:\Program Files\Common Files\Microsoft Shared\Windows Live;C:\Windows\system32;C:\Windows;C:\Windows\System32\Wbem;C:\Windows\System32\WindowsPowerShell\v1.0\;c:\Program Files\Hewlett-Packard\Drive Encryption\;c:\Program Files\Microsoft SQL Server\100\Tools\Binn\;c:\Program Files\Microsoft SQL Server\100\DTS\Binn\;C:\Program Files\Common Files\Netop\;C:\Program Files\Netop\Vision\XL\;"C:\program files\java\jdk1.7.0_06\bin";C:\Program Files\Windows Live\Shared;C:\Program Files\Windows Kits\8.0\Windows Performance Toolkit\;C:\Program Files\Microsoft SQL Server\110\Tools\Binn\;C:\Users\dmartin\Desktop\eclipse;
USERNAME=dmartin
OS=Windows_NT
PROCESSOR_IDENTIFIER=x86 Family 6 Model 37 Stepping 5, GenuineIntel



---------------  S Y S T E M  ---------------

OS: Windows 7 Build 7601 Service Pack 1

CPU:total 4 (2 cores per cpu, 2 threads per core) family 6 model 37 stepping 5, cmov, cx8, fxsr, mmx, sse, sse2, sse3, ssse3, sse4.1, sse4.2, popcnt, ht, tsc, tscinvbit

Memory: 4k page, physical 3202164k(1189988k free), swap 6402576k(4012136k free)

vm_info: Java HotSpot(TM) Client VM (23.25-b01) for windows-x86 JRE (1.7.0_25-b17), built on Jun 21 2013 13:06:48 by "java_re" with unknown MS VC++:1600

time: Tue Sep 24 12:17:47 2013
elapsed time: 1 seconds

