#
# A fatal error has been detected by the Java Runtime Environment:
#
#  EXCEPTION_ACCESS_VIOLATION (0xc0000005) at pc=0x0473334e, pid=8148, tid=4536
#
# JRE version: 7.0_25-b17
# Java VM: Java HotSpot(TM) Client VM (23.25-b01 mixed mode, sharing windows-x86 )
# Problematic frame:
# C  [ig4icd32.dll+0x13334e]
#
# Failed to write core dump. Minidumps are not enabled by default on client versions of Windows
#
# If you would like to submit a bug report, please visit:
#   http://bugreport.sun.com/bugreport/crash.jsp
# The crash happened outside the Java Virtual Machine in native code.
# See problematic frame for where to report the bug.
#

---------------  T H R E A D  ---------------

Current thread (0x01b4b400):  JavaThread "main" [_thread_in_native, id=4536, stack(0x015a0000,0x015f0000)]

siginfo: ExceptionCode=0xc0000005, reading address 0x00000014

Registers:
EAX=0x00000000, EBX=0x003f23e8, ECX=0x00000001, EDX=0x00000001
ESP=0x015ef330, EBP=0x0000000f, ESI=0x05dc5168, EDI=0x05e6af44
EIP=0x0473334e, EFLAGS=0x00010202

Top of Stack: (sp=0x015ef330)
0x015ef330:   05dcd0a8 00000000 ffffffff 00000004
0x015ef340:   05e6abc8 04635a26 003f23e8 0000064c
0x015ef350:   00000000 ffffffff 0464295e 003f23e8
0x015ef360:   003f18d8 003edce0 015ef490 00000000
0x015ef370:   048b3b79 7ff50000 01b4bb4c 6846b900
0x015ef380:   015ef497 01b4b400 01b4b838 685c89d4
0x015ef390:   015ef3c0 00000000 00000050 0000003f
0x015ef3a0:   00000000 00000000 00000000 00000000 

Instructions: (pc=0x0473334e)
0x0473332e:   90 c0 00 f7 e1 8b c1 2b c2 d1 e8 03 c2 c1 e8 09
0x0473333e:   69 c0 fd 03 00 00 8b d1 2b d0 8b 83 18 7e 00 00
0x0473334e:   8b 40 14 8b 04 90 85 c0 74 1c 39 48 04 74 08 8b
0x0473335e:   00 85 c0 75 f5 eb 0f 83 46 0c ff 75 09 8b d6 8b 


Register to memory mapping:

EAX=0x00000000 is an unknown value
EBX=0x003f23e8 is an unknown value
ECX=0x00000001 is an unknown value
EDX=0x00000001 is an unknown value
ESP=0x015ef330 is pointing into the stack for thread: 0x01b4b400
EBP=0x0000000f is an unknown value
ESI=0x05dc5168 is an unknown value
EDI=0x05e6af44 is an unknown value


Stack: [0x015a0000,0x015f0000],  sp=0x015ef330,  free space=316k
Native frames: (J=compiled Java code, j=interpreted, Vv=VM code, C=native code)
C  [ig4icd32.dll+0x13334e]

Java frames: (J=compiled Java code, j=interpreted, Vv=VM code)
j  org.lwjgl.opengl.WindowsContextImplementation.nDestroy(Ljava/nio/ByteBuffer;)V+0
j  org.lwjgl.opengl.WindowsContextImplementation.destroy(Lorg/lwjgl/opengl/PeerInfo;Ljava/nio/ByteBuffer;)V+1
j  org.lwjgl.opengl.ContextGL.checkDestroy()V+29
j  org.lwjgl.opengl.ContextGL.destroy()V+48
j  org.lwjgl.opengl.ContextGL.forceDestroy()V+5
j  org.lwjgl.opengl.DrawableGL.destroy()V+24
j  org.lwjgl.opengl.Display$5.destroy()V+19
j  org.lwjgl.opengl.Display.destroy()V+9
j  CWindow.WindowLoop()V+79
j  CWindow.Think()V+1
j  Engine.Mainloop()V+12
j  Engine.Engine_Start()V+12
j  Engine.main([Ljava/lang/String;)V+0
v  ~StubRoutines::call_stub

---------------  P R O C E S S  ---------------

Java Threads: ( => current thread )
  0x01a3e000 JavaThread "Service Thread" daemon [_thread_blocked, id=5276, stack(0x03ed0000,0x03f20000)]
  0x01a3cc00 JavaThread "C1 CompilerThread0" daemon [_thread_blocked, id=7792, stack(0x01c20000,0x01c70000)]
  0x01a3b000 JavaThread "Attach Listener" daemon [_thread_blocked, id=7704, stack(0x01cb0000,0x01d00000)]
  0x01a3a000 JavaThread "Signal Dispatcher" daemon [_thread_blocked, id=2932, stack(0x03f40000,0x03f90000)]
  0x01a27400 JavaThread "Finalizer" daemon [_thread_blocked, id=5792, stack(0x03e20000,0x03e70000)]
  0x01a22400 JavaThread "Reference Handler" daemon [_thread_blocked, id=8140, stack(0x03da0000,0x03df0000)]
=>0x01b4b400 JavaThread "main" [_thread_in_native, id=4536, stack(0x015a0000,0x015f0000)]

Other Threads:
  0x01a21000 VMThread [stack: 0x01b80000,0x01bd0000] [id=6500]
  0x01a51800 WatcherThread [stack: 0x040b0000,0x04100000] [id=6944]

VM state:not at safepoint (normal execution)

VM Mutex/Monitor currently owned by a thread: None

Heap
 def new generation   total 4928K, used 4416K [0x23980000, 0x23ed0000, 0x28ed0000)
  eden space 4416K, 100% used [0x23980000, 0x23dd0000, 0x23dd0000)
  from space 512K,   0% used [0x23dd0000, 0x23dd0000, 0x23e50000)
  to   space 512K,   0% used [0x23e50000, 0x23e50000, 0x23ed0000)
 tenured generation   total 10944K, used 0K [0x28ed0000, 0x29980000, 0x33980000)
   the space 10944K,   0% used [0x28ed0000, 0x28ed0000, 0x28ed0200, 0x29980000)
 compacting perm gen  total 12288K, used 1249K [0x33980000, 0x34580000, 0x37980000)
   the space 12288K,  10% used [0x33980000, 0x33ab8760, 0x33ab8800, 0x34580000)
    ro space 10240K,  42% used [0x37980000, 0x37dc4240, 0x37dc4400, 0x38380000)
    rw space 12288K,  54% used [0x38380000, 0x38a04d58, 0x38a04e00, 0x38f80000)

Card table byte_map: [0x01a70000,0x01b20000] byte_map_base: 0x01953400

Polling page: 0x00190000

Code Cache  [0x01d70000, 0x01e30000, 0x03d70000)
 total_blobs=306 nmethods=89 adapters=152 free_code_cache=32021Kb largest_free_block=32789504

Compilation events (10 events):
Event: 0.815 Thread 0x01a3cc00   83             java.nio.Buffer::discardMark (6 bytes)
Event: 0.815 Thread 0x01a3cc00 nmethod 83 0x01e29c48 code [0x01e29d40, 0x01e29dc0]
Event: 0.816 Thread 0x01a3cc00   84   !         org.lwjgl.opengl.Display::isCreated (17 bytes)
Event: 0.816 Thread 0x01a3cc00 nmethod 84 0x01e29e08 code [0x01e29f00, 0x01e2a090]
Event: 0.874 Thread 0x01a3cc00   85             java.nio.Buffer::limit (5 bytes)
Event: 0.874 Thread 0x01a3cc00 nmethod 85 0x01e2a148 code [0x01e2a240, 0x01e2a2c0]
Event: 0.912 Thread 0x01a3cc00   87             java.nio.DirectIntBufferU::get (16 bytes)
Event: 0.913 Thread 0x01a3cc00 nmethod 87 0x01e2a588 code [0x01e2a680, 0x01e2a720]
Event: 0.951 Thread 0x01a3cc00   88   !         org.lwjgl.opengl.Display::isFullscreen (34 bytes)
Event: 0.951 Thread 0x01a3cc00 nmethod 88 0x01e2a7c8 code [0x01e2a8d0, 0x01e2ab10]

GC Heap History (0 events):
No events

Deoptimization events (0 events):
No events

Internal exceptions (10 events):
Event: 0.320 Thread 0x01b4b400 Threw 0x23cfbcd8 at C:\jdk7u2_32P\jdk7u25\hotspot\src\share\vm\prims\jvm.cpp:1235
Event: 0.321 Thread 0x01b4b400 Threw 0x23cff7f8 at C:\jdk7u2_32P\jdk7u25\hotspot\src\share\vm\prims\jvm.cpp:1235
Event: 0.321 Thread 0x01b4b400 Threw 0x23d021e8 at C:\jdk7u2_32P\jdk7u25\hotspot\src\share\vm\prims\jvm.cpp:1235
Event: 0.338 Thread 0x01b4b400 Threw 0x23d19360 at C:\jdk7u2_32P\jdk7u25\hotspot\src\share\vm\prims\jvm.cpp:1235
Event: 0.355 Thread 0x01b4b400 Threw 0x23d21d08 at C:\jdk7u2_32P\jdk7u25\hotspot\src\share\vm\prims\jvm.cpp:1235
Event: 0.361 Thread 0x01b4b400 Threw 0x23d2a6c0 at C:\jdk7u2_32P\jdk7u25\hotspot\src\share\vm\prims\jvm.cpp:1235
Event: 0.361 Thread 0x01b4b400 Threw 0x23d2bba0 at C:\jdk7u2_32P\jdk7u25\hotspot\src\share\vm\prims\jvm.cpp:1235
Event: 0.362 Thread 0x01b4b400 Threw 0x23d2e8c0 at C:\jdk7u2_32P\jdk7u25\hotspot\src\share\vm\prims\jvm.cpp:1235
Event: 0.365 Thread 0x01b4b400 Threw 0x23d33bd8 at C:\jdk7u2_32P\jdk7u25\hotspot\src\share\vm\prims\jvm.cpp:1235
Event: 0.366 Thread 0x01b4b400 Threw 0x23dc2ca0 at C:\jdk7u2_32P\jdk7u25\hotspot\src\share\vm\prims\jvm.cpp:1235

Events (10 events):
Event: 0.361 loading class 0x01a6f540
Event: 0.361 loading class 0x01a6f540 done
Event: 0.361 loading class 0x041cdc28
Event: 0.361 loading class 0x041cdc28 done
Event: 0.362 loading class 0x04153ac0
Event: 0.362 loading class 0x04153ac0 done
Event: 0.365 loading class 0x041cd6a8
Event: 0.365 loading class 0x041cd6a8 done
Event: 0.366 loading class 0x042cd138
Event: 0.366 loading class 0x042cd138 done


Dynamic libraries:
0x001a0000 - 0x001cf000 	C:\Program Files\Java\jre7\bin\javaw.exe
0x77190000 - 0x772cc000 	C:\Windows\SYSTEM32\ntdll.dll
0x76920000 - 0x769f4000 	C:\Windows\system32\kernel32.dll
0x754d0000 - 0x7551b000 	C:\Windows\system32\KERNELBASE.dll
0x75090000 - 0x750fd000 	C:\Windows\System32\SYSFER.DLL
0x770f0000 - 0x77190000 	C:\Windows\system32\ADVAPI32.dll
0x76400000 - 0x764ac000 	C:\Windows\system32\msvcrt.dll
0x75550000 - 0x75569000 	C:\Windows\SYSTEM32\sechost.dll
0x762c0000 - 0x76362000 	C:\Windows\system32\RPCRT4.dll
0x765c0000 - 0x76689000 	C:\Windows\system32\USER32.dll
0x755c0000 - 0x7560e000 	C:\Windows\system32\GDI32.dll
0x772e0000 - 0x772ea000 	C:\Windows\system32\LPK.dll
0x76b90000 - 0x76c2d000 	C:\Windows\system32\USP10.dll
0x73ca0000 - 0x73e3e000 	C:\Windows\WinSxS\x86_microsoft.windows.common-controls_6595b64144ccf1df_6.0.7601.17514_none_41e6975e2bd6f2b2\COMCTL32.dll
0x76890000 - 0x768e7000 	C:\Windows\system32\SHLWAPI.dll
0x76a00000 - 0x76a1f000 	C:\Windows\system32\IMM32.DLL
0x772f0000 - 0x773bc000 	C:\Windows\system32\MSCTF.dll
0x68880000 - 0x6893e000 	C:\Program Files\Java\jre7\bin\msvcr100.dll
0x68360000 - 0x686a2000 	C:\Program Files\Java\jre7\bin\client\jvm.dll
0x71ff0000 - 0x71ff7000 	C:\Windows\system32\WSOCK32.dll
0x76b50000 - 0x76b85000 	C:\Windows\system32\WS2_32.dll
0x772d0000 - 0x772d6000 	C:\Windows\system32\NSI.dll
0x733f0000 - 0x73422000 	C:\Windows\system32\WINMM.dll
0x75530000 - 0x75535000 	C:\Windows\system32\PSAPI.DLL
0x72980000 - 0x7298c000 	C:\Program Files\Java\jre7\bin\verify.dll
0x72960000 - 0x72980000 	C:\Program Files\Java\jre7\bin\java.dll
0x72940000 - 0x72953000 	C:\Program Files\Java\jre7\bin\zip.dll
0x10000000 - 0x1004c000 	C:\Users\dmartin\Documents\GitHub\FloppyDiskMaster\lib\native-win\lwjgl.dll
0x687b0000 - 0x68878000 	C:\Windows\system32\OPENGL32.dll
0x6b750000 - 0x6b772000 	C:\Windows\system32\GLU32.dll
0x686c0000 - 0x687a7000 	C:\Windows\system32\DDRAW.dll
0x733d0000 - 0x733d6000 	C:\Windows\system32\DCIMAN32.dll
0x76c30000 - 0x76dcd000 	C:\Windows\system32\SETUPAPI.dll
0x75330000 - 0x75357000 	C:\Windows\system32\CFGMGR32.dll
0x764b0000 - 0x7653f000 	C:\Windows\system32\OLEAUT32.dll
0x76f90000 - 0x770ec000 	C:\Windows\system32\ole32.dll
0x75380000 - 0x75392000 	C:\Windows\system32\DEVOBJ.dll
0x738c0000 - 0x738d3000 	C:\Windows\system32\dwmapi.dll
0x74450000 - 0x74459000 	C:\Windows\system32\VERSION.dll
0x742b0000 - 0x742f0000 	C:\Windows\system32\uxtheme.dll
0x04600000 - 0x050a3000 	C:\Windows\system32\ig4icd32.dll
0x75150000 - 0x7515c000 	C:\Windows\system32\CRYPTBASE.dll
0x67de0000 - 0x67e59000 	C:\Windows\system32\mscms.dll
0x74770000 - 0x74787000 	C:\Windows\system32\USERENV.dll
0x751d0000 - 0x751db000 	C:\Windows\system32\profapi.dll
0x72840000 - 0x72878000 	C:\Windows\system32\icm32.dll
0x72920000 - 0x72934000 	C:\Program Files\Java\jre7\bin\net.dll
0x74bf0000 - 0x74c2c000 	C:\Windows\system32\mswsock.dll
0x74be0000 - 0x74be6000 	C:\Windows\System32\wship6.dll
0x733e0000 - 0x733ef000 	C:\Program Files\Java\jre7\bin\nio.dll
0x6cef0000 - 0x6cfdb000 	C:\Windows\system32\dbghelp.dll

VM Arguments:
jvm_args: -Djava.library.path=C:\Users\dmartin\Documents\GitHub\FloppyDiskMaster\lib\native-win -Dfile.encoding=Cp1252 
java_command: Engine
Launcher Type: SUN_STANDARD

Environment Variables:
PATH=C:/Program Files/Java/jre7/bin/client;C:/Program Files/Java/jre7/bin;C:/Program Files/Java/jre7/lib/i386;C:\Program Files\Common Files\Microsoft Shared\Windows Live;C:\Windows\system32;C:\Windows;C:\Windows\System32\Wbem;C:\Windows\System32\WindowsPowerShell\v1.0\;c:\Program Files\Hewlett-Packard\Drive Encryption\;c:\Program Files\Microsoft SQL Server\100\Tools\Binn\;c:\Program Files\Microsoft SQL Server\100\DTS\Binn\;C:\Program Files\Common Files\Netop\;C:\Program Files\Netop\Vision\XL\;"C:\program files\java\jdk1.7.0_06\bin";C:\Program Files\Windows Live\Shared;C:\Program Files\Windows Kits\8.0\Windows Performance Toolkit\;C:\Program Files\Microsoft SQL Server\110\Tools\Binn\;C:\Users\dmartin\Desktop\eclipse;
USERNAME=dmartin
OS=Windows_NT
PROCESSOR_IDENTIFIER=x86 Family 6 Model 37 Stepping 5, GenuineIntel



---------------  S Y S T E M  ---------------

OS: Windows 7 Build 7601 Service Pack 1

CPU:total 4 (2 cores per cpu, 2 threads per core) family 6 model 37 stepping 5, cmov, cx8, fxsr, mmx, sse, sse2, sse3, ssse3, sse4.1, sse4.2, popcnt, ht, tsc, tscinvbit

Memory: 4k page, physical 3202164k(1190268k free), swap 6402576k(4010112k free)

vm_info: Java HotSpot(TM) Client VM (23.25-b01) for windows-x86 JRE (1.7.0_25-b17), built on Jun 21 2013 13:06:48 by "java_re" with unknown MS VC++:1600

time: Tue Sep 24 12:17:53 2013
elapsed time: 1 seconds

