#
# A fatal error has been detected by the Java Runtime Environment:
#
#  EXCEPTION_ACCESS_VIOLATION (0xc0000005) at pc=0x0456334e, pid=4700, tid=5676
#
# JRE version: 7.0_25-b17
# Java VM: Java HotSpot(TM) Client VM (23.25-b01 mixed mode, sharing windows-x86 )
# Problematic frame:
# C  [ig4icd32.dll+0x13334e]
#
# Failed to write core dump. Minidumps are not enabled by default on client versions of Windows
#
# If you would like to submit a bug report, please visit:
#   http://bugreport.sun.com/bugreport/crash.jsp
# The crash happened outside the Java Virtual Machine in native code.
# See problematic frame for where to report the bug.
#

---------------  T H R E A D  ---------------

Current thread (0x0077b400):  JavaThread "main" [_thread_in_native, id=5676, stack(0x00280000,0x002d0000)]

siginfo: ExceptionCode=0xc0000005, reading address 0x00000014

Registers:
EAX=0x00000000, EBX=0x003723e8, ECX=0x00000001, EDX=0x00000001
ESP=0x002cf410, EBP=0x0000000f, ESI=0x05cf5168, EDI=0x05d9b8cc
EIP=0x0456334e, EFLAGS=0x00010202

Top of Stack: (sp=0x002cf410)
0x002cf410:   05cfd0a8 00000000 ffffffff 00000004
0x002cf420:   05d9b550 04465a26 003723e8 0000064c
0x002cf430:   00000000 ffffffff 0447295e 003723e8
0x002cf440:   003718d8 0036dce0 002cf570 00000000
0x002cf450:   046e3b79 7ff50000 0077bb4c 6846b900
0x002cf460:   002cf577 0077b400 0077b838 685c89d4
0x002cf470:   002cf4a0 00000000 00000050 0000003f
0x002cf480:   00000000 00000000 00000000 00000000 

Instructions: (pc=0x0456334e)
0x0456332e:   90 c0 00 f7 e1 8b c1 2b c2 d1 e8 03 c2 c1 e8 09
0x0456333e:   69 c0 fd 03 00 00 8b d1 2b d0 8b 83 18 7e 00 00
0x0456334e:   8b 40 14 8b 04 90 85 c0 74 1c 39 48 04 74 08 8b
0x0456335e:   00 85 c0 75 f5 eb 0f 83 46 0c ff 75 09 8b d6 8b 


Register to memory mapping:

EAX=0x00000000 is an unknown value
EBX=0x003723e8 is an unknown value
ECX=0x00000001 is an unknown value
EDX=0x00000001 is an unknown value
ESP=0x002cf410 is pointing into the stack for thread: 0x0077b400
EBP=0x0000000f is an unknown value
ESI=0x05cf5168 is an unknown value
EDI=0x05d9b8cc is an unknown value


Stack: [0x00280000,0x002d0000],  sp=0x002cf410,  free space=317k
Native frames: (J=compiled Java code, j=interpreted, Vv=VM code, C=native code)
C  [ig4icd32.dll+0x13334e]

Java frames: (J=compiled Java code, j=interpreted, Vv=VM code)
j  org.lwjgl.opengl.WindowsContextImplementation.nDestroy(Ljava/nio/ByteBuffer;)V+0
j  org.lwjgl.opengl.WindowsContextImplementation.destroy(Lorg/lwjgl/opengl/PeerInfo;Ljava/nio/ByteBuffer;)V+1
j  org.lwjgl.opengl.ContextGL.checkDestroy()V+29
j  org.lwjgl.opengl.ContextGL.destroy()V+48
j  org.lwjgl.opengl.ContextGL.forceDestroy()V+5
j  org.lwjgl.opengl.DrawableGL.destroy()V+24
j  org.lwjgl.opengl.Display$5.destroy()V+19
J  CWindow.WindowLoop()V
J  CWindow.Think()V
j  Engine.Mainloop()V+12
j  Engine.Engine_Start()V+12
j  Engine.main([Ljava/lang/String;)V+0
v  ~StubRoutines::call_stub

---------------  P R O C E S S  ---------------

Java Threads: ( => current thread )
  0x01b5dc00 JavaThread "Service Thread" daemon [_thread_blocked, id=7060, stack(0x03fc0000,0x04010000)]
  0x01b5c400 JavaThread "C1 CompilerThread0" daemon [_thread_blocked, id=3960, stack(0x03d00000,0x03d50000)]
  0x01b5a800 JavaThread "Attach Listener" daemon [_thread_blocked, id=7124, stack(0x03d60000,0x03db0000)]
  0x01b55c00 JavaThread "Signal Dispatcher" daemon [_thread_blocked, id=5276, stack(0x03c30000,0x03c80000)]
  0x01b44000 JavaThread "Finalizer" daemon [_thread_blocked, id=5668, stack(0x03bb0000,0x03c00000)]
  0x01b42400 JavaThread "Reference Handler" daemon [_thread_blocked, id=5756, stack(0x03df0000,0x03e40000)]
=>0x0077b400 JavaThread "main" [_thread_in_native, id=5676, stack(0x00280000,0x002d0000)]

Other Threads:
  0x01b41000 VMThread [stack: 0x03c90000,0x03ce0000] [id=876]
  0x01b74400 WatcherThread [stack: 0x03f30000,0x03f80000] [id=6992]

VM state:not at safepoint (normal execution)

VM Mutex/Monitor currently owned by a thread: None

Heap
 def new generation   total 4928K, used 4416K [0x23980000, 0x23ed0000, 0x28ed0000)
  eden space 4416K, 100% used [0x23980000, 0x23dd0000, 0x23dd0000)
  from space 512K,   0% used [0x23dd0000, 0x23dd0000, 0x23e50000)
  to   space 512K,   0% used [0x23e50000, 0x23e50000, 0x23ed0000)
 tenured generation   total 10944K, used 0K [0x28ed0000, 0x29980000, 0x33980000)
   the space 10944K,   0% used [0x28ed0000, 0x28ed0000, 0x28ed0200, 0x29980000)
 compacting perm gen  total 12288K, used 1249K [0x33980000, 0x34580000, 0x37980000)
   the space 12288K,  10% used [0x33980000, 0x33ab87d0, 0x33ab8800, 0x34580000)
    ro space 10240K,  42% used [0x37980000, 0x37dc4240, 0x37dc4400, 0x38380000)
    rw space 12288K,  54% used [0x38380000, 0x38a04d58, 0x38a04e00, 0x38f80000)

Card table byte_map: [0x00a30000,0x00ae0000] byte_map_base: 0x00913400

Polling page: 0x00190000

Code Cache  [0x01b90000, 0x01c68000, 0x03b90000)
 total_blobs=388 nmethods=171 adapters=152 free_code_cache=31910Kb largest_free_block=32676608

Compilation events (10 events):
Event: 3.927 Thread 0x01b5c400  161             org.lwjgl.opengl.GL11::glLoadIdentity (18 bytes)
Event: 3.927 Thread 0x01b5c400 nmethod 161 0x01c63248 code [0x01c63380, 0x01c635a0]
Event: 3.927 Thread 0x01b5c400  163             org.lwjgl.opengl.GL11::glOrtho (33 bytes)
Event: 3.928 Thread 0x01b5c400 nmethod 163 0x01c63808 code [0x01c63940, 0x01c63bb0]
Event: 3.928 Thread 0x01b5c400  165             CSprite::Draw (23 bytes)
Event: 3.929 Thread 0x01b5c400 nmethod 165 0x01c63f88 code [0x01c641c0, 0x01c64998]
Event: 3.929 Thread 0x01b5c400  166             org.lwjgl.opengl.GL11::glDrawArrays (24 bytes)
Event: 3.930 Thread 0x01b5c400 nmethod 166 0x01c65608 code [0x01c65740, 0x01c65980]
Event: 3.930 Thread 0x01b5c400  168             org.lwjgl.opengl.GL20::glDisableVertexAttribArray (19 bytes)
Event: 3.930 Thread 0x01b5c400 nmethod 168 0x01c65c48 code [0x01c65d80, 0x01c65fb0]

GC Heap History (0 events):
No events

Deoptimization events (0 events):
No events

Internal exceptions (10 events):
Event: 0.487 Thread 0x0077b400 Threw 0x23cfbcd0 at C:\jdk7u2_32P\jdk7u25\hotspot\src\share\vm\prims\jvm.cpp:1235
Event: 0.488 Thread 0x0077b400 Threw 0x23cff7f0 at C:\jdk7u2_32P\jdk7u25\hotspot\src\share\vm\prims\jvm.cpp:1235
Event: 0.488 Thread 0x0077b400 Threw 0x23d021e0 at C:\jdk7u2_32P\jdk7u25\hotspot\src\share\vm\prims\jvm.cpp:1235
Event: 0.511 Thread 0x0077b400 Threw 0x23d195e8 at C:\jdk7u2_32P\jdk7u25\hotspot\src\share\vm\prims\jvm.cpp:1235
Event: 0.530 Thread 0x0077b400 Threw 0x23d21f40 at C:\jdk7u2_32P\jdk7u25\hotspot\src\share\vm\prims\jvm.cpp:1235
Event: 0.548 Thread 0x0077b400 Threw 0x23d2a8f8 at C:\jdk7u2_32P\jdk7u25\hotspot\src\share\vm\prims\jvm.cpp:1235
Event: 0.549 Thread 0x0077b400 Threw 0x23d2bdd8 at C:\jdk7u2_32P\jdk7u25\hotspot\src\share\vm\prims\jvm.cpp:1235
Event: 0.550 Thread 0x0077b400 Threw 0x23d2eaf8 at C:\jdk7u2_32P\jdk7u25\hotspot\src\share\vm\prims\jvm.cpp:1235
Event: 0.554 Thread 0x0077b400 Threw 0x23db76c8 at C:\jdk7u2_32P\jdk7u25\hotspot\src\share\vm\prims\jvm.cpp:1235
Event: 0.555 Thread 0x0077b400 Threw 0x23dba1c0 at C:\jdk7u2_32P\jdk7u25\hotspot\src\share\vm\prims\jvm.cpp:1235

Events (10 events):
Event: 0.549 loading class 0x040e05d0
Event: 0.549 loading class 0x040e05d0 done
Event: 0.550 loading class 0x04064958
Event: 0.550 loading class 0x04064958 done
Event: 0.554 loading class 0x040e0050
Event: 0.554 loading class 0x040e0050 done
Event: 0.555 loading class 0x04076510
Event: 0.555 loading class 0x04076510 done
Event: 4.073 Executing VM operation: EnableBiasedLocking
Event: 4.073 Executing VM operation: EnableBiasedLocking done


Dynamic libraries:
0x00b00000 - 0x00b2f000 	C:\Program Files\Java\jre7\bin\javaw.exe
0x77190000 - 0x772cc000 	C:\Windows\SYSTEM32\ntdll.dll
0x76920000 - 0x769f4000 	C:\Windows\system32\kernel32.dll
0x754d0000 - 0x7551b000 	C:\Windows\system32\KERNELBASE.dll
0x75090000 - 0x750fd000 	C:\Windows\System32\SYSFER.DLL
0x770f0000 - 0x77190000 	C:\Windows\system32\ADVAPI32.dll
0x76400000 - 0x764ac000 	C:\Windows\system32\msvcrt.dll
0x75550000 - 0x75569000 	C:\Windows\SYSTEM32\sechost.dll
0x762c0000 - 0x76362000 	C:\Windows\system32\RPCRT4.dll
0x765c0000 - 0x76689000 	C:\Windows\system32\USER32.dll
0x755c0000 - 0x7560e000 	C:\Windows\system32\GDI32.dll
0x772e0000 - 0x772ea000 	C:\Windows\system32\LPK.dll
0x76b90000 - 0x76c2d000 	C:\Windows\system32\USP10.dll
0x73ca0000 - 0x73e3e000 	C:\Windows\WinSxS\x86_microsoft.windows.common-controls_6595b64144ccf1df_6.0.7601.17514_none_41e6975e2bd6f2b2\COMCTL32.dll
0x76890000 - 0x768e7000 	C:\Windows\system32\SHLWAPI.dll
0x76a00000 - 0x76a1f000 	C:\Windows\system32\IMM32.DLL
0x772f0000 - 0x773bc000 	C:\Windows\system32\MSCTF.dll
0x68940000 - 0x689fe000 	C:\Program Files\Java\jre7\bin\msvcr100.dll
0x68360000 - 0x686a2000 	C:\Program Files\Java\jre7\bin\client\jvm.dll
0x71ff0000 - 0x71ff7000 	C:\Windows\system32\WSOCK32.dll
0x76b50000 - 0x76b85000 	C:\Windows\system32\WS2_32.dll
0x772d0000 - 0x772d6000 	C:\Windows\system32\NSI.dll
0x733f0000 - 0x73422000 	C:\Windows\system32\WINMM.dll
0x75530000 - 0x75535000 	C:\Windows\system32\PSAPI.DLL
0x72980000 - 0x7298c000 	C:\Program Files\Java\jre7\bin\verify.dll
0x72960000 - 0x72980000 	C:\Program Files\Java\jre7\bin\java.dll
0x72940000 - 0x72953000 	C:\Program Files\Java\jre7\bin\zip.dll
0x10000000 - 0x1004c000 	C:\Users\dmartin\Documents\GitHub\FloppyDiskMaster\lib\native-win\lwjgl.dll
0x68870000 - 0x68938000 	C:\Windows\system32\OPENGL32.dll
0x72850000 - 0x72872000 	C:\Windows\system32\GLU32.dll
0x68780000 - 0x68867000 	C:\Windows\system32\DDRAW.dll
0x729a0000 - 0x729a6000 	C:\Windows\system32\DCIMAN32.dll
0x76c30000 - 0x76dcd000 	C:\Windows\system32\SETUPAPI.dll
0x75330000 - 0x75357000 	C:\Windows\system32\CFGMGR32.dll
0x764b0000 - 0x7653f000 	C:\Windows\system32\OLEAUT32.dll
0x76f90000 - 0x770ec000 	C:\Windows\system32\ole32.dll
0x75380000 - 0x75392000 	C:\Windows\system32\DEVOBJ.dll
0x738c0000 - 0x738d3000 	C:\Windows\system32\dwmapi.dll
0x74450000 - 0x74459000 	C:\Windows\system32\VERSION.dll
0x742b0000 - 0x742f0000 	C:\Windows\system32\uxtheme.dll
0x04430000 - 0x04ed3000 	C:\Windows\system32\ig4icd32.dll
0x75150000 - 0x7515c000 	C:\Windows\system32\CRYPTBASE.dll
0x67de0000 - 0x67e59000 	C:\Windows\system32\mscms.dll
0x74770000 - 0x74787000 	C:\Windows\system32\USERENV.dll
0x751d0000 - 0x751db000 	C:\Windows\system32\profapi.dll
0x6b740000 - 0x6b778000 	C:\Windows\system32\icm32.dll
0x72920000 - 0x72934000 	C:\Program Files\Java\jre7\bin\net.dll
0x74bf0000 - 0x74c2c000 	C:\Windows\system32\mswsock.dll
0x74be0000 - 0x74be6000 	C:\Windows\System32\wship6.dll
0x733e0000 - 0x733ef000 	C:\Program Files\Java\jre7\bin\nio.dll
0x6cef0000 - 0x6cfdb000 	C:\Windows\system32\dbghelp.dll

VM Arguments:
jvm_args: -Djava.library.path=C:\Users\dmartin\Documents\GitHub\FloppyDiskMaster\lib\native-win -Dfile.encoding=Cp1252 
java_command: Engine
Launcher Type: SUN_STANDARD

Environment Variables:
PATH=C:/Program Files/Java/jre7/bin/client;C:/Program Files/Java/jre7/bin;C:/Program Files/Java/jre7/lib/i386;C:\Program Files\Common Files\Microsoft Shared\Windows Live;C:\Windows\system32;C:\Windows;C:\Windows\System32\Wbem;C:\Windows\System32\WindowsPowerShell\v1.0\;c:\Program Files\Hewlett-Packard\Drive Encryption\;c:\Program Files\Microsoft SQL Server\100\Tools\Binn\;c:\Program Files\Microsoft SQL Server\100\DTS\Binn\;C:\Program Files\Common Files\Netop\;C:\Program Files\Netop\Vision\XL\;"C:\program files\java\jdk1.7.0_06\bin";C:\Program Files\Windows Live\Shared;C:\Program Files\Windows Kits\8.0\Windows Performance Toolkit\;C:\Program Files\Microsoft SQL Server\110\Tools\Binn\;C:\Users\dmartin\Desktop\eclipse;
USERNAME=dmartin
OS=Windows_NT
PROCESSOR_IDENTIFIER=x86 Family 6 Model 37 Stepping 5, GenuineIntel



---------------  S Y S T E M  ---------------

OS: Windows 7 Build 7601 Service Pack 1

CPU:total 4 (2 cores per cpu, 2 threads per core) family 6 model 37 stepping 5, cmov, cx8, fxsr, mmx, sse, sse2, sse3, ssse3, sse4.1, sse4.2, popcnt, ht, tsc, tscinvbit

Memory: 4k page, physical 3202164k(1155180k free), swap 6402576k(3921140k free)

vm_info: Java HotSpot(TM) Client VM (23.25-b01) for windows-x86 JRE (1.7.0_25-b17), built on Jun 21 2013 13:06:48 by "java_re" with unknown MS VC++:1600

time: Tue Sep 24 12:16:33 2013
elapsed time: 5 seconds

