#
# A fatal error has been detected by the Java Runtime Environment:
#
#  EXCEPTION_ACCESS_VIOLATION (0xc0000005) at pc=0x046c334e, pid=5372, tid=4208
#
# JRE version: 7.0_25-b17
# Java VM: Java HotSpot(TM) Client VM (23.25-b01 mixed mode, sharing windows-x86 )
# Problematic frame:
# C  [ig4icd32.dll+0x13334e]
#
# Failed to write core dump. Minidumps are not enabled by default on client versions of Windows
#
# If you would like to submit a bug report, please visit:
#   http://bugreport.sun.com/bugreport/crash.jsp
# The crash happened outside the Java Virtual Machine in native code.
# See problematic frame for where to report the bug.
#

---------------  T H R E A D  ---------------

Current thread (0x0060b400):  JavaThread "main" [_thread_in_native, id=4208, stack(0x01a30000,0x01a80000)]

siginfo: ExceptionCode=0xc0000005, reading address 0x00000014

Registers:
EAX=0x00000000, EBX=0x002823e8, ECX=0x00000001, EDX=0x00000001
ESP=0x01a7f580, EBP=0x0000001f, ESI=0x05d55168, EDI=0x05dfac04
EIP=0x046c334e, EFLAGS=0x00010202

Top of Stack: (sp=0x01a7f580)
0x01a7f580:   05d5d0a8 00000000 ffffffff 00000004
0x01a7f590:   05dfabc8 045c5a26 002823e8 0000064c
0x01a7f5a0:   00000000 ffffffff 045d295e 002823e8
0x01a7f5b0:   002818d8 0027dce0 01a7f6e0 00000000
0x01a7f5c0:   04843b79 7ff50000 0060bb4c 6846b900
0x01a7f5d0:   01a7f6e7 0060b400 0060b838 685c89d4
0x01a7f5e0:   01a7f610 00000000 00000050 0000003f
0x01a7f5f0:   00000000 00000000 00000000 00000000 

Instructions: (pc=0x046c334e)
0x046c332e:   90 c0 00 f7 e1 8b c1 2b c2 d1 e8 03 c2 c1 e8 09
0x046c333e:   69 c0 fd 03 00 00 8b d1 2b d0 8b 83 18 7e 00 00
0x046c334e:   8b 40 14 8b 04 90 85 c0 74 1c 39 48 04 74 08 8b
0x046c335e:   00 85 c0 75 f5 eb 0f 83 46 0c ff 75 09 8b d6 8b 


Register to memory mapping:

EAX=0x00000000 is an unknown value
EBX=0x002823e8 is an unknown value
ECX=0x00000001 is an unknown value
EDX=0x00000001 is an unknown value
ESP=0x01a7f580 is pointing into the stack for thread: 0x0060b400
EBP=0x0000001f is an unknown value
ESI=0x05d55168 is an unknown value
EDI=0x05dfac04 is an unknown value


Stack: [0x01a30000,0x01a80000],  sp=0x01a7f580,  free space=317k
Native frames: (J=compiled Java code, j=interpreted, Vv=VM code, C=native code)
C  [ig4icd32.dll+0x13334e]

Java frames: (J=compiled Java code, j=interpreted, Vv=VM code)
j  org.lwjgl.opengl.WindowsContextImplementation.nDestroy(Ljava/nio/ByteBuffer;)V+0
j  org.lwjgl.opengl.WindowsContextImplementation.destroy(Lorg/lwjgl/opengl/PeerInfo;Ljava/nio/ByteBuffer;)V+1
j  org.lwjgl.opengl.ContextGL.checkDestroy()V+29
j  org.lwjgl.opengl.ContextGL.destroy()V+48
j  org.lwjgl.opengl.ContextGL.forceDestroy()V+5
j  org.lwjgl.opengl.DrawableGL.destroy()V+24
j  org.lwjgl.opengl.Display$5.destroy()V+19
j  org.lwjgl.opengl.Display.destroy()V+9
j  CWindow.WindowLoop()V+79
j  CWindow.Think()V+1
j  Engine.Mainloop()V+12
j  Engine.Engine_Start()V+12
j  Engine.main([Ljava/lang/String;)V+0
v  ~StubRoutines::call_stub

---------------  P R O C E S S  ---------------

Java Threads: ( => current thread )
  0x01b54800 JavaThread "Service Thread" daemon [_thread_blocked, id=5008, stack(0x03e00000,0x03e50000)]
  0x01b53800 JavaThread "C1 CompilerThread0" daemon [_thread_blocked, id=6772, stack(0x03fb0000,0x04000000)]
  0x01b52400 JavaThread "Attach Listener" daemon [_thread_blocked, id=1284, stack(0x03f20000,0x03f70000)]
  0x01b4c000 JavaThread "Signal Dispatcher" daemon [_thread_blocked, id=3652, stack(0x03c20000,0x03c70000)]
  0x01b34000 JavaThread "Finalizer" daemon [_thread_blocked, id=6588, stack(0x03d50000,0x03da0000)]
  0x01b32400 JavaThread "Reference Handler" daemon [_thread_blocked, id=7984, stack(0x03db0000,0x03e00000)]
=>0x0060b400 JavaThread "main" [_thread_in_native, id=4208, stack(0x01a30000,0x01a80000)]

Other Threads:
  0x01b31000 VMThread [stack: 0x03d00000,0x03d50000] [id=7112]
  0x01b5f400 WatcherThread [stack: 0x04090000,0x040e0000] [id=7444]

VM state:not at safepoint (normal execution)

VM Mutex/Monitor currently owned by a thread: None

Heap
 def new generation   total 4928K, used 4416K [0x23980000, 0x23ed0000, 0x28ed0000)
  eden space 4416K, 100% used [0x23980000, 0x23dd0000, 0x23dd0000)
  from space 512K,   0% used [0x23dd0000, 0x23dd0000, 0x23e50000)
  to   space 512K,   0% used [0x23e50000, 0x23e50000, 0x23ed0000)
 tenured generation   total 10944K, used 0K [0x28ed0000, 0x29980000, 0x33980000)
   the space 10944K,   0% used [0x28ed0000, 0x28ed0000, 0x28ed0200, 0x29980000)
 compacting perm gen  total 12288K, used 1249K [0x33980000, 0x34580000, 0x37980000)
   the space 12288K,  10% used [0x33980000, 0x33ab87d0, 0x33ab8800, 0x34580000)
    ro space 10240K,  42% used [0x37980000, 0x37dc4240, 0x37dc4400, 0x38380000)
    rw space 12288K,  54% used [0x38380000, 0x38a04d58, 0x38a04e00, 0x38f80000)

Card table byte_map: [0x00d00000,0x00db0000] byte_map_base: 0x00be3400

Polling page: 0x001a0000

Code Cache  [0x01b80000, 0x01c40000, 0x03b80000)
 total_blobs=306 nmethods=89 adapters=152 free_code_cache=32021Kb largest_free_block=32789504

Compilation events (10 events):
Event: 0.906 Thread 0x01b53800   83             java.nio.Buffer::discardMark (6 bytes)
Event: 0.906 Thread 0x01b53800 nmethod 83 0x01c39c48 code [0x01c39d40, 0x01c39dc0]
Event: 0.907 Thread 0x01b53800   84   !         org.lwjgl.opengl.Display::isCreated (17 bytes)
Event: 0.908 Thread 0x01b53800 nmethod 84 0x01c39e08 code [0x01c39f00, 0x01c3a090]
Event: 0.962 Thread 0x01b53800   86             java.nio.DirectIntBufferU::get (16 bytes)
Event: 0.962 Thread 0x01b53800 nmethod 86 0x01c3a3c8 code [0x01c3a4c0, 0x01c3a560]
Event: 0.964 Thread 0x01b53800   87             java.nio.Buffer::limit (5 bytes)
Event: 0.964 Thread 0x01b53800 nmethod 87 0x01c3a608 code [0x01c3a700, 0x01c3a780]
Event: 1.053 Thread 0x01b53800   88   !         org.lwjgl.opengl.Display::isFullscreen (34 bytes)
Event: 1.054 Thread 0x01b53800 nmethod 88 0x01c3a7c8 code [0x01c3a8d0, 0x01c3ab10]

GC Heap History (0 events):
No events

Deoptimization events (0 events):
No events

Internal exceptions (10 events):
Event: 0.325 Thread 0x0060b400 Threw 0x23cfb050 at C:\jdk7u2_32P\jdk7u25\hotspot\src\share\vm\prims\jvm.cpp:1235
Event: 0.326 Thread 0x0060b400 Threw 0x23cfeb70 at C:\jdk7u2_32P\jdk7u25\hotspot\src\share\vm\prims\jvm.cpp:1235
Event: 0.326 Thread 0x0060b400 Threw 0x23d01560 at C:\jdk7u2_32P\jdk7u25\hotspot\src\share\vm\prims\jvm.cpp:1235
Event: 0.343 Thread 0x0060b400 Threw 0x23d18a88 at C:\jdk7u2_32P\jdk7u25\hotspot\src\share\vm\prims\jvm.cpp:1235
Event: 0.360 Thread 0x0060b400 Threw 0x23d213e0 at C:\jdk7u2_32P\jdk7u25\hotspot\src\share\vm\prims\jvm.cpp:1235
Event: 0.365 Thread 0x0060b400 Threw 0x23d29d98 at C:\jdk7u2_32P\jdk7u25\hotspot\src\share\vm\prims\jvm.cpp:1235
Event: 0.366 Thread 0x0060b400 Threw 0x23d2b278 at C:\jdk7u2_32P\jdk7u25\hotspot\src\share\vm\prims\jvm.cpp:1235
Event: 0.367 Thread 0x0060b400 Threw 0x23d2df98 at C:\jdk7u2_32P\jdk7u25\hotspot\src\share\vm\prims\jvm.cpp:1235
Event: 0.370 Thread 0x0060b400 Threw 0x23db6b68 at C:\jdk7u2_32P\jdk7u25\hotspot\src\share\vm\prims\jvm.cpp:1235
Event: 0.370 Thread 0x0060b400 Threw 0x23db9660 at C:\jdk7u2_32P\jdk7u25\hotspot\src\share\vm\prims\jvm.cpp:1235

Events (10 events):
Event: 0.365 loading class 0x040ebc68
Event: 0.365 loading class 0x040ebc68 done
Event: 0.366 loading class 0x041b86f0
Event: 0.366 loading class 0x041b86f0 done
Event: 0.367 loading class 0x0413ef80
Event: 0.367 loading class 0x0413ef80 done
Event: 0.370 loading class 0x041b8170
Event: 0.370 loading class 0x041b8170 done
Event: 0.370 loading class 0x0414d250
Event: 0.370 loading class 0x0414d250 done


Dynamic libraries:
0x00de0000 - 0x00e0f000 	C:\Program Files\Java\jre7\bin\javaw.exe
0x77190000 - 0x772cc000 	C:\Windows\SYSTEM32\ntdll.dll
0x76920000 - 0x769f4000 	C:\Windows\system32\kernel32.dll
0x754d0000 - 0x7551b000 	C:\Windows\system32\KERNELBASE.dll
0x75090000 - 0x750fd000 	C:\Windows\System32\SYSFER.DLL
0x770f0000 - 0x77190000 	C:\Windows\system32\ADVAPI32.dll
0x76400000 - 0x764ac000 	C:\Windows\system32\msvcrt.dll
0x75550000 - 0x75569000 	C:\Windows\SYSTEM32\sechost.dll
0x762c0000 - 0x76362000 	C:\Windows\system32\RPCRT4.dll
0x765c0000 - 0x76689000 	C:\Windows\system32\USER32.dll
0x755c0000 - 0x7560e000 	C:\Windows\system32\GDI32.dll
0x772e0000 - 0x772ea000 	C:\Windows\system32\LPK.dll
0x76b90000 - 0x76c2d000 	C:\Windows\system32\USP10.dll
0x73ca0000 - 0x73e3e000 	C:\Windows\WinSxS\x86_microsoft.windows.common-controls_6595b64144ccf1df_6.0.7601.17514_none_41e6975e2bd6f2b2\COMCTL32.dll
0x76890000 - 0x768e7000 	C:\Windows\system32\SHLWAPI.dll
0x76a00000 - 0x76a1f000 	C:\Windows\system32\IMM32.DLL
0x772f0000 - 0x773bc000 	C:\Windows\system32\MSCTF.dll
0x68720000 - 0x687de000 	C:\Program Files\Java\jre7\bin\msvcr100.dll
0x68360000 - 0x686a2000 	C:\Program Files\Java\jre7\bin\client\jvm.dll
0x71ff0000 - 0x71ff7000 	C:\Windows\system32\WSOCK32.dll
0x76b50000 - 0x76b85000 	C:\Windows\system32\WS2_32.dll
0x772d0000 - 0x772d6000 	C:\Windows\system32\NSI.dll
0x733f0000 - 0x73422000 	C:\Windows\system32\WINMM.dll
0x75530000 - 0x75535000 	C:\Windows\system32\PSAPI.DLL
0x72980000 - 0x7298c000 	C:\Program Files\Java\jre7\bin\verify.dll
0x72960000 - 0x72980000 	C:\Program Files\Java\jre7\bin\java.dll
0x72940000 - 0x72953000 	C:\Program Files\Java\jre7\bin\zip.dll
0x10000000 - 0x1004c000 	C:\Users\dmartin\Documents\GitHub\FloppyDiskMaster\lib\native-win\lwjgl.dll
0x67510000 - 0x675d8000 	C:\Windows\system32\OPENGL32.dll
0x6b750000 - 0x6b772000 	C:\Windows\system32\GLU32.dll
0x66c90000 - 0x66d77000 	C:\Windows\system32\DDRAW.dll
0x733d0000 - 0x733d6000 	C:\Windows\system32\DCIMAN32.dll
0x76c30000 - 0x76dcd000 	C:\Windows\system32\SETUPAPI.dll
0x75330000 - 0x75357000 	C:\Windows\system32\CFGMGR32.dll
0x764b0000 - 0x7653f000 	C:\Windows\system32\OLEAUT32.dll
0x76f90000 - 0x770ec000 	C:\Windows\system32\ole32.dll
0x75380000 - 0x75392000 	C:\Windows\system32\DEVOBJ.dll
0x738c0000 - 0x738d3000 	C:\Windows\system32\dwmapi.dll
0x74450000 - 0x74459000 	C:\Windows\system32\VERSION.dll
0x742b0000 - 0x742f0000 	C:\Windows\system32\uxtheme.dll
0x04590000 - 0x05033000 	C:\Windows\system32\ig4icd32.dll
0x75150000 - 0x7515c000 	C:\Windows\system32\CRYPTBASE.dll
0x67de0000 - 0x67e59000 	C:\Windows\system32\mscms.dll
0x74770000 - 0x74787000 	C:\Windows\system32\USERENV.dll
0x751d0000 - 0x751db000 	C:\Windows\system32\profapi.dll
0x72840000 - 0x72878000 	C:\Windows\system32\icm32.dll
0x72920000 - 0x72934000 	C:\Program Files\Java\jre7\bin\net.dll
0x74bf0000 - 0x74c2c000 	C:\Windows\system32\mswsock.dll
0x74be0000 - 0x74be6000 	C:\Windows\System32\wship6.dll
0x733e0000 - 0x733ef000 	C:\Program Files\Java\jre7\bin\nio.dll
0x6cef0000 - 0x6cfdb000 	C:\Windows\system32\dbghelp.dll

VM Arguments:
jvm_args: -Djava.library.path=C:\Users\dmartin\Documents\GitHub\FloppyDiskMaster\lib\native-win -Dfile.encoding=Cp1252 
java_command: Engine
Launcher Type: SUN_STANDARD

Environment Variables:
PATH=C:/Program Files/Java/jre7/bin/client;C:/Program Files/Java/jre7/bin;C:/Program Files/Java/jre7/lib/i386;C:\Program Files\Common Files\Microsoft Shared\Windows Live;C:\Windows\system32;C:\Windows;C:\Windows\System32\Wbem;C:\Windows\System32\WindowsPowerShell\v1.0\;c:\Program Files\Hewlett-Packard\Drive Encryption\;c:\Program Files\Microsoft SQL Server\100\Tools\Binn\;c:\Program Files\Microsoft SQL Server\100\DTS\Binn\;C:\Program Files\Common Files\Netop\;C:\Program Files\Netop\Vision\XL\;"C:\program files\java\jdk1.7.0_06\bin";C:\Program Files\Windows Live\Shared;C:\Program Files\Windows Kits\8.0\Windows Performance Toolkit\;C:\Program Files\Microsoft SQL Server\110\Tools\Binn\;C:\Users\dmartin\Desktop\eclipse;
USERNAME=dmartin
OS=Windows_NT
PROCESSOR_IDENTIFIER=x86 Family 6 Model 37 Stepping 5, GenuineIntel



---------------  S Y S T E M  ---------------

OS: Windows 7 Build 7601 Service Pack 1

CPU:total 4 (2 cores per cpu, 2 threads per core) family 6 model 37 stepping 5, cmov, cx8, fxsr, mmx, sse, sse2, sse3, ssse3, sse4.1, sse4.2, popcnt, ht, tsc, tscinvbit

Memory: 4k page, physical 3202164k(1188628k free), swap 6402576k(4009784k free)

vm_info: Java HotSpot(TM) Client VM (23.25-b01) for windows-x86 JRE (1.7.0_25-b17), built on Jun 21 2013 13:06:48 by "java_re" with unknown MS VC++:1600

time: Tue Sep 24 12:18:26 2013
elapsed time: 1 seconds

